2026-02-10T03:52:03.762697Z  INFO Veth Lab Traffic Generator
2026-02-10T03:52:03.762707Z  INFO   Interface: veth-gen
2026-02-10T03:52:03.762711Z  INFO   Target: 10.100.0.2
2026-02-10T03:52:03.762716Z  INFO   Log file: "logs/generator_20260209_195203.log"
2026-02-10T03:52:03.762719Z  INFO   Mode: Scenario file
2026-02-10T03:52:03.762722Z  INFO   Scenario: Realistic DDoS Scenario
2026-02-10T03:52:03.768771Z  INFO Socket ready, starting traffic generation...
2026-02-10T03:52:03.768783Z  INFO 
2026-02-10T03:52:03.768799Z  INFO === SCENARIO: Realistic DDoS Scenario ===
2026-02-10T03:52:03.768807Z  INFO   Long baseline learning, varied attack patterns with realistic timing
2026-02-10T03:52:03.768815Z  INFO   Baseline PPS: 2000
2026-02-10T03:52:03.768821Z  INFO   Attack PPS: 50000
2026-02-10T03:52:03.768827Z  INFO 
2026-02-10T03:52:03.768833Z  INFO Timeline:
2026-02-10T03:52:03.768842Z  INFO    1. learning      300s @  2000 pps (0:00 - 5:00) 5 min baseline learning
2026-02-10T03:52:03.768846Z  INFO    2. probe          30s @ 50000 pps (5:00 - 5:30) 30s initial attack probe
2026-02-10T03:52:03.768852Z  INFO    3. calm1         240s @  2000 pps (5:30 - 9:30) 4 min calm - attacker recon
2026-02-10T03:52:03.768856Z  INFO    4. sustained     180s @ 50000 pps (9:30 - 12:30) 3 min sustained attack
2026-02-10T03:52:03.768860Z  INFO    5. pause          40s @  2000 pps (12:30 - 13:10) 40s brief pause
2026-02-10T03:52:03.768864Z  INFO    6. wave2          60s @ 50000 pps (13:10 - 14:10) 60s second wave
2026-02-10T03:52:03.768868Z  INFO    7. recovery      180s @  2000 pps (14:10 - 17:10) 3 min final calm
2026-02-10T03:52:03.768871Z  INFO 
2026-02-10T03:52:03.768874Z  INFO Total duration: 17m 10s
2026-02-10T03:52:03.768877Z  INFO 
2026-02-10T03:52:03.768879Z  INFO >>> [  0s] PHASE 1: learning (Normal, 2000 pps, 300s)
2026-02-10T03:52:08.769217Z  INFO     [  5s] 9901 packets (1980 pps), 0.52 MB | phase: 295s remaining
2026-02-10T03:52:13.769472Z  INFO     [ 10s] 19807 packets (1981 pps), 1.04 MB | phase: 290s remaining
2026-02-10T03:52:18.770011Z  INFO     [ 15s] 29698 packets (1978 pps), 1.56 MB | phase: 285s remaining
2026-02-10T03:52:23.770210Z  INFO     [ 20s] 39575 packets (1975 pps), 2.08 MB | phase: 280s remaining
2026-02-10T03:52:28.770703Z  INFO     [ 25s] 49493 packets (1983 pps), 2.60 MB | phase: 275s remaining
2026-02-10T03:52:33.771257Z  INFO     [ 30s] 59403 packets (1982 pps), 3.12 MB | phase: 270s remaining
2026-02-10T03:52:38.771699Z  INFO     [ 35s] 69312 packets (1981 pps), 3.64 MB | phase: 265s remaining
2026-02-10T03:52:43.772211Z  INFO     [ 40s] 79200 packets (1977 pps), 4.15 MB | phase: 260s remaining
2026-02-10T03:52:48.772635Z  INFO     [ 45s] 89087 packets (1977 pps), 4.67 MB | phase: 255s remaining
2026-02-10T03:52:53.772694Z  INFO     [ 50s] 98979 packets (1978 pps), 5.19 MB | phase: 250s remaining
2026-02-10T03:52:58.773081Z  INFO     [ 55s] 108780 packets (1960 pps), 5.71 MB | phase: 245s remaining
2026-02-10T03:53:03.773218Z  INFO     [ 60s] 118621 packets (1968 pps), 6.22 MB | phase: 240s remaining
2026-02-10T03:53:08.773699Z  INFO     [ 65s] 128484 packets (1972 pps), 6.74 MB | phase: 235s remaining
2026-02-10T03:53:13.774057Z  INFO     [ 70s] 138392 packets (1981 pps), 7.26 MB | phase: 230s remaining
2026-02-10T03:53:18.774183Z  INFO     [ 75s] 148268 packets (1975 pps), 7.78 MB | phase: 225s remaining
2026-02-10T03:53:23.774705Z  INFO     [ 80s] 158144 packets (1975 pps), 8.29 MB | phase: 220s remaining
2026-02-10T03:53:28.775205Z  INFO     [ 85s] 167989 packets (1969 pps), 8.81 MB | phase: 215s remaining
2026-02-10T03:53:33.775494Z  INFO     [ 90s] 177883 packets (1978 pps), 9.33 MB | phase: 210s remaining
2026-02-10T03:53:38.775687Z  INFO     [ 95s] 187777 packets (1978 pps), 9.85 MB | phase: 205s remaining
2026-02-10T03:53:43.776208Z  INFO     [100s] 197670 packets (1978 pps), 10.37 MB | phase: 200s remaining
2026-02-10T03:53:48.776697Z  INFO     [105s] 207559 packets (1977 pps), 10.89 MB | phase: 195s remaining
2026-02-10T03:53:53.777210Z  INFO     [110s] 217449 packets (1978 pps), 11.41 MB | phase: 190s remaining
2026-02-10T03:53:58.777701Z  INFO     [115s] 227336 packets (1977 pps), 11.92 MB | phase: 185s remaining
2026-02-10T03:54:03.778215Z  INFO     [120s] 237214 packets (1975 pps), 12.44 MB | phase: 180s remaining
2026-02-10T03:54:08.778713Z  INFO     [125s] 247100 packets (1977 pps), 12.96 MB | phase: 175s remaining
2026-02-10T03:54:13.779062Z  INFO     [130s] 256978 packets (1975 pps), 13.48 MB | phase: 170s remaining
2026-02-10T03:54:18.779211Z  INFO     [135s] 266868 packets (1978 pps), 14.00 MB | phase: 165s remaining
2026-02-10T03:54:23.779530Z  INFO     [140s] 276753 packets (1977 pps), 14.52 MB | phase: 160s remaining
2026-02-10T03:54:28.779702Z  INFO     [145s] 286621 packets (1973 pps), 15.03 MB | phase: 155s remaining
2026-02-10T03:54:33.780209Z  INFO     [150s] 296503 packets (1976 pps), 15.55 MB | phase: 150s remaining
2026-02-10T03:54:38.780638Z  INFO     [155s] 306399 packets (1979 pps), 16.07 MB | phase: 145s remaining
2026-02-10T03:54:43.780701Z  INFO     [160s] 316294 packets (1979 pps), 16.59 MB | phase: 140s remaining
2026-02-10T03:54:48.781194Z  INFO     [165s] 326172 packets (1975 pps), 17.11 MB | phase: 135s remaining
2026-02-10T03:54:53.781705Z  INFO     [170s] 336039 packets (1973 pps), 17.63 MB | phase: 130s remaining
2026-02-10T03:54:58.782228Z  INFO     [175s] 345880 packets (1968 pps), 18.14 MB | phase: 125s remaining
2026-02-10T03:55:03.782695Z  INFO     [180s] 355782 packets (1980 pps), 18.66 MB | phase: 120s remaining
2026-02-10T03:55:08.783141Z  INFO     [185s] 365670 packets (1977 pps), 19.18 MB | phase: 115s remaining
2026-02-10T03:55:13.783467Z  INFO     [190s] 375542 packets (1974 pps), 19.70 MB | phase: 110s remaining
2026-02-10T03:55:18.783735Z  INFO     [195s] 385441 packets (1979 pps), 20.22 MB | phase: 105s remaining
2026-02-10T03:55:23.784220Z  INFO     [200s] 395348 packets (1981 pps), 20.74 MB | phase: 100s remaining
2026-02-10T03:55:28.784579Z  INFO     [205s] 405223 packets (1975 pps), 21.25 MB | phase: 95s remaining
2026-02-10T03:55:33.784975Z  INFO     [210s] 415120 packets (1979 pps), 21.77 MB | phase: 90s remaining
2026-02-10T03:55:38.785322Z  INFO     [215s] 425012 packets (1978 pps), 22.29 MB | phase: 85s remaining
2026-02-10T03:55:43.785421Z  INFO     [220s] 434877 packets (1973 pps), 22.81 MB | phase: 80s remaining
2026-02-10T03:55:48.785702Z  INFO     [225s] 444721 packets (1968 pps), 23.33 MB | phase: 75s remaining
2026-02-10T03:55:53.786225Z  INFO     [230s] 454607 packets (1977 pps), 23.85 MB | phase: 70s remaining
2026-02-10T03:55:58.786446Z  INFO     [235s] 464432 packets (1965 pps), 24.36 MB | phase: 65s remaining
2026-02-10T03:56:03.786535Z  INFO     [240s] 474306 packets (1974 pps), 24.88 MB | phase: 60s remaining
2026-02-10T03:56:08.786796Z  INFO     [245s] 484182 packets (1975 pps), 25.40 MB | phase: 55s remaining
2026-02-10T03:56:13.787216Z  INFO     [250s] 494045 packets (1972 pps), 25.91 MB | phase: 50s remaining
2026-02-10T03:56:18.787300Z  INFO     [255s] 503907 packets (1972 pps), 26.43 MB | phase: 45s remaining
2026-02-10T03:56:23.787700Z  INFO     [260s] 513771 packets (1972 pps), 26.95 MB | phase: 40s remaining
2026-02-10T03:56:28.788207Z  INFO     [265s] 523655 packets (1976 pps), 27.47 MB | phase: 35s remaining
2026-02-10T03:56:33.788698Z  INFO     [270s] 533522 packets (1973 pps), 27.98 MB | phase: 30s remaining
2026-02-10T03:56:38.788866Z  INFO     [275s] 543389 packets (1973 pps), 28.50 MB | phase: 25s remaining
2026-02-10T03:56:43.789206Z  INFO     [280s] 553248 packets (1971 pps), 29.02 MB | phase: 20s remaining
2026-02-10T03:56:48.789687Z  INFO     [285s] 563108 packets (1972 pps), 29.54 MB | phase: 15s remaining
2026-02-10T03:56:53.790217Z  INFO     [290s] 573009 packets (1980 pps), 30.06 MB | phase: 10s remaining
2026-02-10T03:56:58.790686Z  INFO     [295s] 582932 packets (1984 pps), 30.58 MB | phase: 5s remaining
2026-02-10T03:57:03.769293Z  INFO >>> [300s] PHASE 2: probe (Attack, 50000 pps, 30s)
2026-02-10T03:57:03.790714Z  INFO     [300s] 613774 packets (6168 pps), 32.19 MB | phase: 30s remaining
2026-02-10T03:57:08.790746Z  INFO     [305s] 3869121 packets (651069 pps), 202.94 MB | phase: 25s remaining
2026-02-10T03:57:13.790776Z  INFO     [310s] 6540854 packets (534346 pps), 343.08 MB | phase: 20s remaining
2026-02-10T03:57:18.790811Z  INFO     [315s] 9102303 packets (512289 pps), 477.43 MB | phase: 15s remaining
2026-02-10T03:57:23.790841Z  INFO     [320s] 11742164 packets (527972 pps), 615.90 MB | phase: 10s remaining
2026-02-10T03:57:28.790872Z  INFO     [325s] 14119733 packets (475513 pps), 740.61 MB | phase: 5s remaining
2026-02-10T03:57:33.769329Z  INFO >>> [330s] PHASE 3: calm1 (Normal, 2000 pps, 240s)
2026-02-10T03:57:33.791305Z  INFO     [330s] 16361280 packets (448309 pps), 858.18 MB | phase: 240s remaining
2026-02-10T03:57:38.791714Z  INFO     [335s] 16371137 packets (1971 pps), 858.70 MB | phase: 235s remaining
2026-02-10T03:57:43.792248Z  INFO     [340s] 16381024 packets (1977 pps), 859.22 MB | phase: 230s remaining
2026-02-10T03:57:47.716723Z  INFO 
Received Ctrl+C, stopping...
2026-02-10T03:57:47.716841Z  INFO >>> Scenario complete
2026-02-10T03:57:47.716849Z  INFO 
2026-02-10T03:57:47.716851Z  INFO === Final Stats ===
2026-02-10T03:57:47.716853Z  INFO   Total packets: 16388800
2026-02-10T03:57:47.716857Z  INFO   Total bytes: 859.63 MB
