2026-02-10T04:19:31.142488Z  INFO Veth Lab Traffic Generator
2026-02-10T04:19:31.142500Z  INFO   Interface: veth-gen
2026-02-10T04:19:31.142502Z  INFO   Target: 10.100.0.2
2026-02-10T04:19:31.142507Z  INFO   Log file: "logs/generator_20260209_201931.log"
2026-02-10T04:19:31.142510Z  INFO   Mode: Scenario file
2026-02-10T04:19:31.142513Z  INFO   Scenario: Realistic DDoS Scenario
2026-02-10T04:19:31.148821Z  INFO Socket ready, starting traffic generation...
2026-02-10T04:19:31.148837Z  INFO 
2026-02-10T04:19:31.148851Z  INFO === SCENARIO: Realistic DDoS Scenario ===
2026-02-10T04:19:31.148856Z  INFO   Long baseline learning, varied attack patterns with realistic timing
2026-02-10T04:19:31.148860Z  INFO   Baseline PPS: 2000
2026-02-10T04:19:31.148864Z  INFO   Attack PPS: 50000
2026-02-10T04:19:31.148868Z  INFO 
2026-02-10T04:19:31.148871Z  INFO Timeline:
2026-02-10T04:19:31.148876Z  INFO    1. learning      300s @  2000 pps (0:00 - 5:00) 5 min baseline learning
2026-02-10T04:19:31.148885Z  INFO    2. probe          30s @ 50000 pps (5:00 - 5:30) 30s initial attack probe
2026-02-10T04:19:31.148890Z  INFO    3. calm1         240s @  2000 pps (5:30 - 9:30) 4 min calm - attacker recon
2026-02-10T04:19:31.148895Z  INFO    4. sustained     180s @ 50000 pps (9:30 - 12:30) 3 min sustained attack
2026-02-10T04:19:31.148898Z  INFO    5. pause          40s @  2000 pps (12:30 - 13:10) 40s brief pause
2026-02-10T04:19:31.148902Z  INFO    6. wave2          60s @ 50000 pps (13:10 - 14:10) 60s second wave
2026-02-10T04:19:31.148906Z  INFO    7. recovery      180s @  2000 pps (14:10 - 17:10) 3 min final calm
2026-02-10T04:19:31.148910Z  INFO 
2026-02-10T04:19:31.148914Z  INFO Total duration: 17m 10s
2026-02-10T04:19:31.148917Z  INFO 
2026-02-10T04:19:31.148920Z  INFO >>> [  0s] PHASE 1: learning (Normal, 2000 pps, 300s)
2026-02-10T04:19:36.149028Z  INFO     [  5s] 9836 packets (1967 pps), 0.52 MB | phase: 295s remaining
2026-02-10T04:19:41.149398Z  INFO     [ 10s] 19722 packets (1977 pps), 1.03 MB | phase: 290s remaining
2026-02-10T04:19:46.149688Z  INFO     [ 15s] 29606 packets (1976 pps), 1.55 MB | phase: 285s remaining
2026-02-10T04:19:51.150227Z  INFO     [ 20s] 39525 packets (1983 pps), 2.07 MB | phase: 280s remaining
2026-02-10T04:19:56.150704Z  INFO     [ 25s] 49414 packets (1977 pps), 2.59 MB | phase: 275s remaining
2026-02-10T04:20:01.151221Z  INFO     [ 30s] 59309 packets (1979 pps), 3.11 MB | phase: 270s remaining
2026-02-10T04:20:06.151700Z  INFO     [ 35s] 69207 packets (1979 pps), 3.63 MB | phase: 265s remaining
2026-02-10T04:20:11.151988Z  INFO     [ 40s] 79087 packets (1976 pps), 4.15 MB | phase: 260s remaining
2026-02-10T04:20:16.152224Z  INFO     [ 45s] 88952 packets (1973 pps), 4.67 MB | phase: 255s remaining
2026-02-10T04:20:21.152706Z  INFO     [ 50s] 98835 packets (1976 pps), 5.18 MB | phase: 250s remaining
2026-02-10T04:20:26.153221Z  INFO     [ 55s] 108714 packets (1975 pps), 5.70 MB | phase: 245s remaining
2026-02-10T04:20:31.153705Z  INFO     [ 60s] 118610 packets (1979 pps), 6.22 MB | phase: 240s remaining
2026-02-10T04:20:36.154213Z  INFO     [ 65s] 128489 packets (1975 pps), 6.74 MB | phase: 235s remaining
2026-02-10T04:20:41.154704Z  INFO     [ 70s] 138384 packets (1979 pps), 7.26 MB | phase: 230s remaining
2026-02-10T04:20:46.155207Z  INFO     [ 75s] 148268 packets (1976 pps), 7.78 MB | phase: 225s remaining
2026-02-10T04:20:51.155614Z  INFO     [ 80s] 158164 packets (1979 pps), 8.30 MB | phase: 220s remaining
2026-02-10T04:20:56.155883Z  INFO     [ 85s] 168048 packets (1976 pps), 8.81 MB | phase: 215s remaining
2026-02-10T04:21:01.156038Z  INFO     [ 90s] 177942 packets (1978 pps), 9.33 MB | phase: 210s remaining
2026-02-10T04:21:06.156215Z  INFO     [ 95s] 187843 packets (1980 pps), 9.85 MB | phase: 205s remaining
2026-02-10T04:21:11.156700Z  INFO     [100s] 197743 packets (1980 pps), 10.37 MB | phase: 200s remaining
2026-02-10T04:21:16.157203Z  INFO     [105s] 207653 packets (1982 pps), 10.89 MB | phase: 195s remaining
2026-02-10T04:21:21.157704Z  INFO     [110s] 217533 packets (1976 pps), 11.41 MB | phase: 190s remaining
2026-02-10T04:21:26.158211Z  INFO     [115s] 227423 packets (1978 pps), 11.93 MB | phase: 185s remaining
2026-02-10T04:21:31.158371Z  INFO     [120s] 237337 packets (1982 pps), 12.45 MB | phase: 180s remaining
2026-02-10T04:21:36.158733Z  INFO     [125s] 247242 packets (1981 pps), 12.97 MB | phase: 175s remaining
2026-02-10T04:21:41.159221Z  INFO     [130s] 257154 packets (1982 pps), 13.49 MB | phase: 170s remaining
2026-02-10T04:21:46.159556Z  INFO     [135s] 267035 packets (1976 pps), 14.01 MB | phase: 165s remaining
2026-02-10T04:21:51.159707Z  INFO     [140s] 276900 packets (1973 pps), 14.52 MB | phase: 160s remaining
2026-02-10T04:21:56.160227Z  INFO     [145s] 286791 packets (1978 pps), 15.04 MB | phase: 155s remaining
2026-02-10T04:22:01.160695Z  INFO     [150s] 296690 packets (1979 pps), 15.56 MB | phase: 150s remaining
2026-02-10T04:22:06.160941Z  INFO     [155s] 306570 packets (1976 pps), 16.08 MB | phase: 145s remaining
2026-02-10T04:22:11.161117Z  INFO     [160s] 316465 packets (1979 pps), 16.60 MB | phase: 140s remaining
2026-02-10T04:22:16.161230Z  INFO     [165s] 326352 packets (1977 pps), 17.12 MB | phase: 135s remaining
2026-02-10T04:22:21.161712Z  INFO     [170s] 336247 packets (1979 pps), 17.64 MB | phase: 130s remaining
2026-02-10T04:22:26.162211Z  INFO     [175s] 346145 packets (1979 pps), 18.16 MB | phase: 125s remaining
2026-02-10T04:22:31.162730Z  INFO     [180s] 356052 packets (1981 pps), 18.68 MB | phase: 120s remaining
2026-02-10T04:22:36.163213Z  INFO     [185s] 365932 packets (1976 pps), 19.19 MB | phase: 115s remaining
2026-02-10T04:22:41.163705Z  INFO     [190s] 375840 packets (1981 pps), 19.71 MB | phase: 110s remaining
2026-02-10T04:22:46.164208Z  INFO     [195s] 385739 packets (1979 pps), 20.23 MB | phase: 105s remaining
2026-02-10T04:22:51.164523Z  INFO     [200s] 395621 packets (1976 pps), 20.75 MB | phase: 100s remaining
2026-02-10T04:22:56.164702Z  INFO     [205s] 405514 packets (1978 pps), 21.27 MB | phase: 95s remaining
2026-02-10T04:23:01.165210Z  INFO     [210s] 415426 packets (1982 pps), 21.79 MB | phase: 90s remaining
2026-02-10T04:23:06.165696Z  INFO     [215s] 425294 packets (1973 pps), 22.31 MB | phase: 85s remaining
2026-02-10T04:23:11.166092Z  INFO     [220s] 435181 packets (1977 pps), 22.83 MB | phase: 80s remaining
2026-02-10T04:23:16.166307Z  INFO     [225s] 445040 packets (1971 pps), 23.34 MB | phase: 75s remaining
2026-02-10T04:23:21.166452Z  INFO     [230s] 454936 packets (1979 pps), 23.86 MB | phase: 70s remaining
2026-02-10T04:23:26.166515Z  INFO     [235s] 464823 packets (1977 pps), 24.38 MB | phase: 65s remaining
2026-02-10T04:23:31.166702Z  INFO     [240s] 474749 packets (1985 pps), 24.90 MB | phase: 60s remaining
2026-02-10T04:23:36.167211Z  INFO     [245s] 484639 packets (1978 pps), 25.42 MB | phase: 55s remaining
2026-02-10T04:23:41.167701Z  INFO     [250s] 494526 packets (1977 pps), 25.94 MB | phase: 50s remaining
2026-02-10T04:23:46.168205Z  INFO     [255s] 504418 packets (1978 pps), 26.46 MB | phase: 45s remaining
2026-02-10T04:23:51.168711Z  INFO     [260s] 514315 packets (1979 pps), 26.98 MB | phase: 40s remaining
2026-02-10T04:23:56.168857Z  INFO     [265s] 524217 packets (1980 pps), 27.50 MB | phase: 35s remaining
2026-02-10T04:24:01.169077Z  INFO     [270s] 534108 packets (1978 pps), 28.02 MB | phase: 30s remaining
2026-02-10T04:24:06.169361Z  INFO     [275s] 544009 packets (1980 pps), 28.53 MB | phase: 25s remaining
2026-02-10T04:24:11.169697Z  INFO     [280s] 553890 packets (1976 pps), 29.05 MB | phase: 20s remaining
2026-02-10T04:24:16.170221Z  INFO     [285s] 563771 packets (1976 pps), 29.57 MB | phase: 15s remaining
2026-02-10T04:24:21.170702Z  INFO     [290s] 573685 packets (1982 pps), 30.09 MB | phase: 10s remaining
2026-02-10T04:24:26.171081Z  INFO     [295s] 583582 packets (1979 pps), 30.61 MB | phase: 5s remaining
2026-02-10T04:24:31.149208Z  INFO >>> [300s] PHASE 2: probe (Attack, 50000 pps, 30s)
2026-02-10T04:24:31.171102Z  INFO     [300s] 617805 packets (6844 pps), 32.41 MB | phase: 30s remaining
2026-02-10T04:24:36.171136Z  INFO     [305s] 7042339 packets (1284906 pps), 369.39 MB | phase: 25s remaining
2026-02-10T04:24:41.171172Z  INFO     [310s] 13341507 packets (1259833 pps), 699.79 MB | phase: 20s remaining
2026-02-10T04:24:46.171206Z  INFO     [315s] 19083323 packets (1148363 pps), 1000.96 MB | phase: 15s remaining
2026-02-10T04:24:51.171236Z  INFO     [320s] 25521335 packets (1287602 pps), 1338.65 MB | phase: 10s remaining
2026-02-10T04:24:56.171268Z  INFO     [325s] 32048812 packets (1305495 pps), 1681.03 MB | phase: 5s remaining
2026-02-10T04:25:01.149242Z  INFO >>> [330s] PHASE 3: calm1 (Normal, 2000 pps, 240s)
2026-02-10T04:25:01.171531Z  INFO     [330s] 38497761 packets (1289789 pps), 2019.29 MB | phase: 240s remaining
2026-02-10T04:25:06.171700Z  INFO     [335s] 38507657 packets (1979 pps), 2019.81 MB | phase: 235s remaining
2026-02-10T04:25:11.171765Z  INFO     [340s] 38517530 packets (1974 pps), 2020.32 MB | phase: 230s remaining
2026-02-10T04:25:16.172203Z  INFO     [345s] 38527413 packets (1976 pps), 2020.84 MB | phase: 225s remaining
2026-02-10T04:25:21.172540Z  INFO     [350s] 38537320 packets (1981 pps), 2021.36 MB | phase: 220s remaining
2026-02-10T04:25:26.172710Z  INFO     [355s] 38547262 packets (1988 pps), 2021.88 MB | phase: 215s remaining
2026-02-10T04:25:31.173217Z  INFO     [360s] 38557155 packets (1978 pps), 2022.40 MB | phase: 210s remaining
2026-02-10T04:25:36.173454Z  INFO     [365s] 38567044 packets (1977 pps), 2022.92 MB | phase: 205s remaining
2026-02-10T04:25:41.173702Z  INFO     [370s] 38576947 packets (1980 pps), 2023.44 MB | phase: 200s remaining
2026-02-10T04:25:46.174032Z  INFO     [375s] 38586837 packets (1978 pps), 2023.96 MB | phase: 195s remaining
2026-02-10T04:25:51.174211Z  INFO     [380s] 38596714 packets (1975 pps), 2024.48 MB | phase: 190s remaining
2026-02-10T04:25:56.174580Z  INFO     [385s] 38606624 packets (1982 pps), 2025.00 MB | phase: 185s remaining
2026-02-10T04:26:01.174705Z  INFO     [390s] 38616511 packets (1977 pps), 2025.52 MB | phase: 180s remaining
2026-02-10T04:26:06.175015Z  INFO     [395s] 38626413 packets (1980 pps), 2026.04 MB | phase: 175s remaining
2026-02-10T04:26:11.175212Z  INFO     [400s] 38636330 packets (1983 pps), 2026.56 MB | phase: 170s remaining
2026-02-10T04:26:16.175706Z  INFO     [405s] 38646219 packets (1977 pps), 2027.07 MB | phase: 165s remaining
2026-02-10T04:26:21.176208Z  INFO     [410s] 38656101 packets (1976 pps), 2027.59 MB | phase: 160s remaining
2026-02-10T04:26:26.176693Z  INFO     [415s] 38665993 packets (1978 pps), 2028.11 MB | phase: 155s remaining
2026-02-10T04:26:31.177213Z  INFO     [420s] 38675872 packets (1975 pps), 2028.63 MB | phase: 150s remaining
2026-02-10T04:26:36.177535Z  INFO     [425s] 38685783 packets (1982 pps), 2029.15 MB | phase: 145s remaining
2026-02-10T04:26:41.177709Z  INFO     [430s] 38695678 packets (1979 pps), 2029.67 MB | phase: 140s remaining
2026-02-10T04:26:46.178212Z  INFO     [435s] 38705571 packets (1978 pps), 2030.19 MB | phase: 135s remaining
2026-02-10T04:26:51.178700Z  INFO     [440s] 38715458 packets (1977 pps), 2030.71 MB | phase: 130s remaining
2026-02-10T04:26:56.179207Z  INFO     [445s] 38725351 packets (1978 pps), 2031.23 MB | phase: 125s remaining
2026-02-10T04:27:01.179708Z  INFO     [450s] 38735254 packets (1980 pps), 2031.74 MB | phase: 120s remaining
2026-02-10T04:27:06.180215Z  INFO     [455s] 38745141 packets (1977 pps), 2032.26 MB | phase: 115s remaining
2026-02-10T04:27:11.180690Z  INFO     [460s] 38755035 packets (1978 pps), 2032.78 MB | phase: 110s remaining
2026-02-10T04:27:16.180950Z  INFO     [465s] 38764918 packets (1976 pps), 2033.30 MB | phase: 105s remaining
2026-02-10T04:27:21.181199Z  INFO     [470s] 38774773 packets (1971 pps), 2033.82 MB | phase: 100s remaining
2026-02-10T04:27:26.181704Z  INFO     [475s] 38784628 packets (1971 pps), 2034.33 MB | phase: 95s remaining
2026-02-10T04:27:31.182205Z  INFO     [480s] 38794474 packets (1969 pps), 2034.85 MB | phase: 90s remaining
2026-02-10T04:27:36.182718Z  INFO     [485s] 38804329 packets (1971 pps), 2035.37 MB | phase: 85s remaining
2026-02-10T04:27:41.183220Z  INFO     [490s] 38814219 packets (1978 pps), 2035.89 MB | phase: 80s remaining
2026-02-10T04:27:46.183570Z  INFO     [495s] 38824061 packets (1968 pps), 2036.40 MB | phase: 75s remaining
2026-02-10T04:27:51.183706Z  INFO     [500s] 38833990 packets (1985 pps), 2036.92 MB | phase: 70s remaining
2026-02-10T04:27:56.184218Z  INFO     [505s] 38843877 packets (1977 pps), 2037.44 MB | phase: 65s remaining
2026-02-10T04:28:01.184700Z  INFO     [510s] 38853782 packets (1981 pps), 2037.96 MB | phase: 60s remaining
2026-02-10T04:28:06.185214Z  INFO     [515s] 38863683 packets (1980 pps), 2038.48 MB | phase: 55s remaining
2026-02-10T04:28:11.185341Z  INFO     [520s] 38873585 packets (1980 pps), 2039.00 MB | phase: 50s remaining
2026-02-10T04:28:16.185704Z  INFO     [525s] 38883468 packets (1976 pps), 2039.52 MB | phase: 45s remaining
2026-02-10T04:28:21.185965Z  INFO     [530s] 38893365 packets (1979 pps), 2040.04 MB | phase: 40s remaining
2026-02-10T04:28:26.186215Z  INFO     [535s] 38903186 packets (1964 pps), 2040.55 MB | phase: 35s remaining
2026-02-10T04:28:31.186622Z  INFO     [540s] 38913055 packets (1973 pps), 2041.07 MB | phase: 30s remaining
2026-02-10T04:28:36.186702Z  INFO     [545s] 38922933 packets (1975 pps), 2041.59 MB | phase: 25s remaining
2026-02-10T04:28:41.187211Z  INFO     [550s] 38932839 packets (1981 pps), 2042.11 MB | phase: 20s remaining
2026-02-10T04:28:46.187697Z  INFO     [555s] 38942737 packets (1979 pps), 2042.63 MB | phase: 15s remaining
2026-02-10T04:28:51.188214Z  INFO     [560s] 38952597 packets (1972 pps), 2043.15 MB | phase: 10s remaining
2026-02-10T04:28:56.188702Z  INFO     [565s] 38962458 packets (1972 pps), 2043.66 MB | phase: 5s remaining
2026-02-10T04:29:01.149590Z  INFO >>> [570s] PHASE 4: sustained (Attack, 50000 pps, 180s)
2026-02-10T04:29:01.188738Z  INFO     [570s] 39016773 packets (10863 pps), 2046.51 MB | phase: 180s remaining
2026-02-10T04:29:06.188770Z  INFO     [575s] 44211730 packets (1038991 pps), 2319.00 MB | phase: 175s remaining
2026-02-10T04:29:11.188806Z  INFO     [580s] 49409394 packets (1039532 pps), 2591.63 MB | phase: 170s remaining
2026-02-10T04:29:16.188840Z  INFO     [585s] 54776529 packets (1073427 pps), 2873.14 MB | phase: 165s remaining
2026-02-10T04:29:21.188873Z  INFO     [590s] 60195575 packets (1083809 pps), 3157.38 MB | phase: 160s remaining
2026-02-10T04:29:26.188904Z  INFO     [595s] 65826708 packets (1126226 pps), 3452.75 MB | phase: 155s remaining
2026-02-10T04:29:31.188940Z  INFO     [600s] 71573562 packets (1149370 pps), 3754.18 MB | phase: 150s remaining
2026-02-10T04:29:36.188974Z  INFO     [605s] 77822402 packets (1249768 pps), 4081.95 MB | phase: 145s remaining
2026-02-10T04:29:41.189006Z  INFO     [610s] 83688000 packets (1173119 pps), 4389.61 MB | phase: 140s remaining
2026-02-10T04:29:46.189037Z  INFO     [615s] 89547773 packets (1171954 pps), 4696.97 MB | phase: 135s remaining
2026-02-10T04:29:51.189073Z  INFO     [620s] 95463970 packets (1183239 pps), 5007.28 MB | phase: 130s remaining
2026-02-10T04:29:56.189109Z  INFO     [625s] 101462168 packets (1199639 pps), 5321.90 MB | phase: 125s remaining
2026-02-10T04:30:01.189144Z  INFO     [630s] 107461701 packets (1199906 pps), 5636.59 MB | phase: 120s remaining
2026-02-10T04:30:06.189178Z  INFO     [635s] 113429318 packets (1193523 pps), 5949.60 MB | phase: 115s remaining
2026-02-10T04:30:11.189209Z  INFO     [640s] 119464175 packets (1206971 pps), 6266.15 MB | phase: 110s remaining
2026-02-10T04:30:16.189242Z  INFO     [645s] 125427223 packets (1192609 pps), 6578.92 MB | phase: 105s remaining
2026-02-10T04:30:21.189280Z  INFO     [650s] 131286301 packets (1171815 pps), 6886.24 MB | phase: 100s remaining
2026-02-10T04:30:26.189312Z  INFO     [655s] 137132503 packets (1169240 pps), 7192.89 MB | phase: 95s remaining
2026-02-10T04:30:31.189351Z  INFO     [660s] 142971205 packets (1167740 pps), 7499.14 MB | phase: 90s remaining
2026-02-10T04:30:36.189384Z  INFO     [665s] 148900663 packets (1185891 pps), 7810.15 MB | phase: 85s remaining
2026-02-10T04:30:41.189410Z  INFO     [670s] 154914986 packets (1202864 pps), 8125.61 MB | phase: 80s remaining
2026-02-10T04:30:46.189447Z  INFO     [675s] 160924109 packets (1201824 pps), 8440.81 MB | phase: 75s remaining
2026-02-10T04:30:51.189478Z  INFO     [680s] 166914048 packets (1197987 pps), 8754.99 MB | phase: 70s remaining
2026-02-10T04:30:56.189511Z  INFO     [685s] 172875108 packets (1192212 pps), 9067.66 MB | phase: 65s remaining
2026-02-10T04:31:01.189541Z  INFO     [690s] 178847916 packets (1194561 pps), 9380.95 MB | phase: 60s remaining
2026-02-10T04:31:06.189572Z  INFO     [695s] 184791294 packets (1188675 pps), 9692.69 MB | phase: 55s remaining
2026-02-10T04:31:11.189604Z  INFO     [700s] 190750392 packets (1191819 pps), 10005.26 MB | phase: 50s remaining
2026-02-10T04:31:16.189632Z  INFO     [705s] 196725655 packets (1195052 pps), 10318.67 MB | phase: 45s remaining
2026-02-10T04:31:21.189667Z  INFO     [710s] 202649920 packets (1184853 pps), 10629.41 MB | phase: 40s remaining
2026-02-10T04:31:26.189700Z  INFO     [715s] 208535369 packets (1177089 pps), 10938.12 MB | phase: 35s remaining
2026-02-10T04:31:31.189730Z  INFO     [720s] 214496230 packets (1192172 pps), 11250.78 MB | phase: 30s remaining
2026-02-10T04:31:36.189757Z  INFO     [725s] 220527641 packets (1206282 pps), 11567.14 MB | phase: 25s remaining
2026-02-10T04:31:41.189785Z  INFO     [730s] 226526744 packets (1199820 pps), 11881.80 MB | phase: 20s remaining
2026-02-10T04:31:46.189817Z  INFO     [735s] 232527989 packets (1200249 pps), 12196.58 MB | phase: 15s remaining
2026-02-10T04:31:51.189850Z  INFO     [740s] 238331925 packets (1160787 pps), 12501.01 MB | phase: 10s remaining
2026-02-10T04:31:56.189884Z  INFO     [745s] 244219174 packets (1177449 pps), 12809.81 MB | phase: 5s remaining
2026-02-10T04:32:01.149628Z  INFO >>> [750s] PHASE 5: pause (Normal, 2000 pps, 40s)
2026-02-10T04:32:01.190273Z  INFO     [750s] 250160765 packets (1188318 pps), 13121.45 MB | phase: 40s remaining
2026-02-10T04:32:06.190705Z  INFO     [755s] 250170670 packets (1981 pps), 13121.97 MB | phase: 35s remaining
2026-02-10T04:32:11.191210Z  INFO     [760s] 250180564 packets (1978 pps), 13122.49 MB | phase: 30s remaining
2026-02-10T04:32:16.191714Z  INFO     [765s] 250190428 packets (1972 pps), 13123.01 MB | phase: 25s remaining
2026-02-10T04:32:21.191899Z  INFO     [770s] 250200335 packets (1981 pps), 13123.53 MB | phase: 20s remaining
2026-02-10T04:32:26.192205Z  INFO     [775s] 250210205 packets (1974 pps), 13124.05 MB | phase: 15s remaining
2026-02-10T04:32:31.192533Z  INFO     [780s] 250220081 packets (1975 pps), 13124.57 MB | phase: 10s remaining
2026-02-10T04:32:36.192708Z  INFO     [785s] 250229944 packets (1972 pps), 13125.08 MB | phase: 5s remaining
2026-02-10T04:32:41.149939Z  INFO >>> [790s] PHASE 6: wave2 (Attack, 50000 pps, 60s)
2026-02-10T04:32:41.192742Z  INFO     [790s] 250291124 packets (12236 pps), 13128.29 MB | phase: 60s remaining
2026-02-10T04:32:46.192776Z  INFO     [795s] 255260755 packets (993926 pps), 13388.96 MB | phase: 55s remaining
2026-02-10T04:32:51.192817Z  INFO     [800s] 260625703 packets (1072989 pps), 13670.36 MB | phase: 50s remaining
2026-02-10T04:32:56.192855Z  INFO     [805s] 266379807 packets (1150820 pps), 13972.18 MB | phase: 45s remaining
2026-02-10T04:33:01.192890Z  INFO     [810s] 271361334 packets (996305 pps), 14233.47 MB | phase: 40s remaining
2026-02-10T04:33:06.192924Z  INFO     [815s] 276971636 packets (1122060 pps), 14527.74 MB | phase: 35s remaining
2026-02-10T04:33:11.192959Z  INFO     [820s] 283305947 packets (1266862 pps), 14859.99 MB | phase: 30s remaining
2026-02-10T04:33:16.192999Z  INFO     [825s] 288811738 packets (1101158 pps), 15148.78 MB | phase: 25s remaining
2026-02-10T04:33:21.193031Z  INFO     [830s] 294491804 packets (1136013 pps), 15446.71 MB | phase: 20s remaining
2026-02-10T04:33:26.193071Z  INFO     [835s] 300200694 packets (1141778 pps), 15746.15 MB | phase: 15s remaining
2026-02-10T04:33:31.193105Z  INFO     [840s] 306038011 packets (1167463 pps), 16052.33 MB | phase: 10s remaining
2026-02-10T04:33:36.193136Z  INFO     [845s] 311959905 packets (1184378 pps), 16362.95 MB | phase: 5s remaining
2026-02-10T04:33:41.149980Z  INFO >>> [850s] PHASE 7: recovery (Normal, 2000 pps, 180s)
2026-02-10T04:33:41.193196Z  INFO     [850s] 317806011 packets (1169221 pps), 16669.59 MB | phase: 180s remaining
2026-02-10T04:33:46.193704Z  INFO     [855s] 317815875 packets (1972 pps), 16670.11 MB | phase: 175s remaining
2026-02-10T04:33:51.194215Z  INFO     [860s] 317825759 packets (1976 pps), 16670.62 MB | phase: 170s remaining
2026-02-10T04:33:56.194412Z  INFO     [865s] 317835662 packets (1980 pps), 16671.14 MB | phase: 165s remaining
2026-02-10T04:34:01.194707Z  INFO     [870s] 317845544 packets (1976 pps), 16671.66 MB | phase: 160s remaining
2026-02-10T04:34:06.195156Z  INFO     [875s] 317855433 packets (1977 pps), 16672.18 MB | phase: 155s remaining
2026-02-10T04:34:11.195339Z  INFO     [880s] 317865328 packets (1979 pps), 16672.70 MB | phase: 150s remaining
2026-02-10T04:34:16.195702Z  INFO     [885s] 317875212 packets (1976 pps), 16673.22 MB | phase: 145s remaining
2026-02-10T04:34:21.196210Z  INFO     [890s] 317885110 packets (1979 pps), 16673.74 MB | phase: 140s remaining
2026-02-10T04:34:26.196698Z  INFO     [895s] 317895019 packets (1981 pps), 16674.26 MB | phase: 135s remaining
2026-02-10T04:34:31.197213Z  INFO     [900s] 317904897 packets (1975 pps), 16674.78 MB | phase: 130s remaining
2026-02-10T04:34:36.197705Z  INFO     [905s] 317914769 packets (1974 pps), 16675.29 MB | phase: 125s remaining
2026-02-10T04:34:41.198002Z  INFO     [910s] 317924653 packets (1976 pps), 16675.81 MB | phase: 120s remaining
2026-02-10T04:34:46.198212Z  INFO     [915s] 317934538 packets (1977 pps), 16676.33 MB | phase: 115s remaining
2026-02-10T04:34:51.198698Z  INFO     [920s] 317944414 packets (1975 pps), 16676.85 MB | phase: 110s remaining
2026-02-10T04:34:56.199081Z  INFO     [925s] 317954317 packets (1980 pps), 16677.37 MB | phase: 105s remaining
2026-02-10T04:35:01.199216Z  INFO     [930s] 317964220 packets (1980 pps), 16677.89 MB | phase: 100s remaining
2026-02-10T04:35:06.199696Z  INFO     [935s] 317974126 packets (1981 pps), 16678.41 MB | phase: 95s remaining
2026-02-10T04:35:11.200210Z  INFO     [940s] 317984019 packets (1978 pps), 16678.93 MB | phase: 90s remaining
2026-02-10T04:35:16.200697Z  INFO     [945s] 317993902 packets (1976 pps), 16679.44 MB | phase: 85s remaining
2026-02-10T04:35:21.201212Z  INFO     [950s] 318003810 packets (1981 pps), 16679.96 MB | phase: 80s remaining
2026-02-10T04:35:26.201321Z  INFO     [955s] 318013672 packets (1972 pps), 16680.48 MB | phase: 75s remaining
2026-02-10T04:35:31.201687Z  INFO     [960s] 318023564 packets (1978 pps), 16681.00 MB | phase: 70s remaining
2026-02-10T04:35:36.202142Z  INFO     [965s] 318033456 packets (1978 pps), 16681.52 MB | phase: 65s remaining
2026-02-10T04:35:41.202214Z  INFO     [970s] 318043352 packets (1979 pps), 16682.04 MB | phase: 60s remaining
2026-02-10T04:35:46.202601Z  INFO     [975s] 318053231 packets (1975 pps), 16682.56 MB | phase: 55s remaining
2026-02-10T04:35:51.202699Z  INFO     [980s] 318063121 packets (1978 pps), 16683.07 MB | phase: 50s remaining
2026-02-10T04:35:56.203227Z  INFO     [985s] 318073031 packets (1982 pps), 16683.59 MB | phase: 45s remaining
2026-02-10T04:36:01.203700Z  INFO     [990s] 318082903 packets (1974 pps), 16684.11 MB | phase: 40s remaining
2026-02-10T04:36:06.204217Z  INFO     [995s] 318092792 packets (1977 pps), 16684.63 MB | phase: 35s remaining
2026-02-10T04:36:11.204702Z  INFO     [1000s] 318102679 packets (1977 pps), 16685.15 MB | phase: 30s remaining
2026-02-10T04:36:16.205194Z  INFO     [1005s] 318112571 packets (1978 pps), 16685.67 MB | phase: 25s remaining
2026-02-10T04:36:21.205703Z  INFO     [1010s] 318122474 packets (1980 pps), 16686.19 MB | phase: 20s remaining
2026-02-10T04:36:26.206210Z  INFO     [1015s] 318132367 packets (1978 pps), 16686.71 MB | phase: 15s remaining
2026-02-10T04:36:31.206762Z  INFO     [1020s] 318142252 packets (1977 pps), 16687.23 MB | phase: 10s remaining
2026-02-10T04:36:36.207057Z  INFO     [1025s] 318152151 packets (1979 pps), 16687.74 MB | phase: 5s remaining
2026-02-10T04:36:41.150194Z  INFO >>> Scenario complete
2026-02-10T04:36:41.150205Z  INFO 
2026-02-10T04:36:41.150208Z  INFO === Final Stats ===
2026-02-10T04:36:41.150210Z  INFO   Total packets: 318161955
2026-02-10T04:36:41.150214Z  INFO   Total bytes: 16688.26 MB
