2026-02-10T05:00:58.332429Z  INFO Veth Lab Traffic Generator
2026-02-10T05:00:58.332438Z  INFO   Interface: veth-gen
2026-02-10T05:00:58.332441Z  INFO   Target: 10.100.0.2
2026-02-10T05:00:58.332446Z  INFO   Log file: "logs/generator_20260209_210058.log"
2026-02-10T05:00:58.332449Z  INFO   Mode: Scenario file
2026-02-10T05:00:58.332452Z  INFO   Scenario: PPS Accuracy Test
2026-02-10T05:00:58.344824Z  INFO Socket ready, starting traffic generation...
2026-02-10T05:00:58.344839Z  INFO 
2026-02-10T05:00:58.344856Z  INFO === SCENARIO: PPS Accuracy Test ===
2026-02-10T05:00:58.344864Z  INFO   Test rate limiting accuracy at various PPS levels - 2.5 min total
2026-02-10T05:00:58.344873Z  INFO   Baseline PPS: 1000
2026-02-10T05:00:58.344881Z  INFO   Attack PPS: 50000
2026-02-10T05:00:58.344885Z  INFO 
2026-02-10T05:00:58.344888Z  INFO Timeline:
2026-02-10T05:00:58.344894Z  INFO    1. 1k             15s @  1000 pps (0:00 - 0:15) 1,000 pps
2026-02-10T05:00:58.344900Z  INFO    2. 5k             15s @  5000 pps (0:15 - 0:30) 5,000 pps
2026-02-10T05:00:58.344904Z  INFO    3. 10k            15s @ 10000 pps (0:30 - 0:45) 10,000 pps
2026-02-10T05:00:58.344909Z  INFO    4. 25k            15s @ 25000 pps (0:45 - 1:00) 25,000 pps
2026-02-10T05:00:58.344913Z  INFO    5. 50k            15s @ 50000 pps (1:00 - 1:15) 50,000 pps
2026-02-10T05:00:58.344918Z  INFO    6. 75k            15s @ 75000 pps (1:15 - 1:30) 75,000 pps
2026-02-10T05:00:58.344923Z  INFO    7. 100k           15s @ 100000 pps (1:30 - 1:45) 100,000 pps
2026-02-10T05:00:58.344927Z  INFO    8. 150k           15s @ 150000 pps (1:45 - 2:00) 150,000 pps
2026-02-10T05:00:58.344932Z  INFO    9. 200k           15s @ 200000 pps (2:00 - 2:15) 200,000 pps
2026-02-10T05:00:58.344937Z  INFO   10. max            15s @     0 pps (2:15 - 2:30) Max speed (no limit)
2026-02-10T05:00:58.344941Z  INFO 
2026-02-10T05:00:58.344945Z  INFO Total duration: 2m 30s
2026-02-10T05:00:58.344949Z  INFO 
2026-02-10T05:00:58.344952Z  INFO >>> [  0s] PHASE 1: 1k (Normal, 1000 pps, 15s)
2026-02-10T05:01:03.345047Z  INFO     [  5s] 5000 packets (1000 pps), 0.26 MB | phase: 10s remaining
2026-02-10T05:01:08.346036Z  INFO     [ 10s] 10001 packets (1000 pps), 0.52 MB | phase: 5s remaining
2026-02-10T05:01:13.345054Z  INFO >>> [ 15s] PHASE 2: 5k (Normal, 5000 pps, 15s)
2026-02-10T05:01:13.346136Z  INFO     [ 15s] 15005 packets (1000 pps), 0.79 MB | phase: 15s remaining
2026-02-10T05:01:18.346344Z  INFO     [ 20s] 40006 packets (5000 pps), 2.10 MB | phase: 10s remaining
2026-02-10T05:01:23.346543Z  INFO     [ 25s] 65007 packets (5000 pps), 3.41 MB | phase: 5s remaining
2026-02-10T05:01:28.345144Z  INFO >>> [ 30s] PHASE 3: 10k (Normal, 10000 pps, 15s)
2026-02-10T05:01:28.346633Z  INFO     [ 30s] 90014 packets (5001 pps), 4.72 MB | phase: 15s remaining
2026-02-10T05:01:33.346686Z  INFO     [ 35s] 140015 packets (10000 pps), 7.34 MB | phase: 10s remaining
2026-02-10T05:01:38.346836Z  INFO     [ 40s] 190016 packets (10000 pps), 9.97 MB | phase: 5s remaining
2026-02-10T05:01:43.345237Z  INFO >>> [ 45s] PHASE 4: 25k (Normal, 25000 pps, 15s)
2026-02-10T05:01:43.346909Z  INFO     [ 45s] 240040 packets (10004 pps), 12.59 MB | phase: 15s remaining
2026-02-10T05:01:48.347004Z  INFO     [ 50s] 365042 packets (25000 pps), 19.15 MB | phase: 10s remaining
2026-02-10T05:01:53.347088Z  INFO     [ 55s] 490044 packets (25000 pps), 25.70 MB | phase: 5s remaining
2026-02-10T05:01:58.345324Z  INFO >>> [ 60s] PHASE 5: 50k (Normal, 50000 pps, 15s)
2026-02-10T05:01:58.347146Z  INFO     [ 60s] 615087 packets (25008 pps), 32.26 MB | phase: 15s remaining
2026-02-10T05:02:03.347235Z  INFO     [ 65s] 865091 packets (50000 pps), 45.38 MB | phase: 10s remaining
2026-02-10T05:02:08.347291Z  INFO     [ 70s] 1115094 packets (50000 pps), 58.49 MB | phase: 5s remaining
2026-02-10T05:02:13.345401Z  INFO >>> [ 75s] PHASE 6: 75k (Normal, 75000 pps, 15s)
2026-02-10T05:02:13.347309Z  INFO     [ 75s] 1365137 packets (50008 pps), 71.60 MB | phase: 15s remaining
2026-02-10T05:02:18.347348Z  INFO     [ 80s] 1740138 packets (75000 pps), 91.27 MB | phase: 10s remaining
2026-02-10T05:02:23.347425Z  INFO     [ 85s] 2115144 packets (75001 pps), 110.94 MB | phase: 5s remaining
2026-02-10T05:02:28.345473Z  INFO >>> [ 90s] PHASE 7: 100k (Normal, 100000 pps, 15s)
2026-02-10T05:02:28.347487Z  INFO     [ 90s] 2490193 packets (75009 pps), 130.62 MB | phase: 15s remaining
2026-02-10T05:02:33.347570Z  INFO     [ 95s] 2990196 packets (100000 pps), 156.84 MB | phase: 10s remaining
2026-02-10T05:02:38.347636Z  INFO     [100s] 3490206 packets (100002 pps), 183.07 MB | phase: 5s remaining
2026-02-10T05:02:43.345541Z  INFO >>> [105s] PHASE 8: 150k (Normal, 150000 pps, 15s)
2026-02-10T05:02:43.347667Z  INFO     [105s] 3990310 packets (100020 pps), 209.30 MB | phase: 15s remaining
2026-02-10T05:02:48.347722Z  INFO     [110s] 4740312 packets (150000 pps), 248.64 MB | phase: 10s remaining
2026-02-10T05:02:53.347768Z  INFO     [115s] 5490321 packets (150001 pps), 287.98 MB | phase: 5s remaining
2026-02-10T05:02:58.345619Z  INFO >>> [120s] PHASE 9: 200k (Normal, 200000 pps, 15s)
2026-02-10T05:02:58.347792Z  INFO     [120s] 6240421 packets (150020 pps), 327.32 MB | phase: 15s remaining
2026-02-10T05:03:03.347874Z  INFO     [125s] 7240429 packets (200001 pps), 379.78 MB | phase: 10s remaining
2026-02-10T05:03:08.347917Z  INFO     [130s] 8240432 packets (200000 pps), 432.23 MB | phase: 5s remaining
2026-02-10T05:03:13.345662Z  INFO >>> [135s] PHASE 10: max (Normal, 0 pps, 15s)
2026-02-10T05:03:13.347935Z  INFO     [135s] 9242891 packets (200491 pps), 484.81 MB | phase: 15s remaining
2026-02-10T05:03:18.347963Z  INFO     [140s] 14790633 packets (1109548 pps), 775.80 MB | phase: 10s remaining
2026-02-10T05:03:23.347997Z  INFO     [145s] 20678541 packets (1177581 pps), 1084.63 MB | phase: 5s remaining
2026-02-10T05:03:28.345696Z  INFO >>> Scenario complete
2026-02-10T05:03:28.345706Z  INFO 
2026-02-10T05:03:28.345708Z  INFO === Final Stats ===
2026-02-10T05:03:28.345710Z  INFO   Total packets: 26508074
2026-02-10T05:03:28.345713Z  INFO   Total bytes: 1390.40 MB
