2026-02-10T04:50:24.367746Z  INFO Veth Lab Traffic Generator
2026-02-10T04:50:24.367757Z  INFO   Interface: veth-gen
2026-02-10T04:50:24.367762Z  INFO   Target: 10.100.0.2
2026-02-10T04:50:24.367767Z  INFO   Log file: "logs/generator_20260209_205024.log"
2026-02-10T04:50:24.367770Z  INFO   Mode: Scenario file
2026-02-10T04:50:24.367774Z  INFO   Scenario: Realistic DDoS Scenario
2026-02-10T04:50:24.377956Z  INFO Socket ready, starting traffic generation...
2026-02-10T04:50:24.377968Z  INFO 
2026-02-10T04:50:24.377985Z  INFO === SCENARIO: Realistic DDoS Scenario ===
2026-02-10T04:50:24.377990Z  INFO   Long baseline learning, varied attack patterns with realistic timing
2026-02-10T04:50:24.377994Z  INFO   Baseline PPS: 2000
2026-02-10T04:50:24.377997Z  INFO   Attack PPS: 50000
2026-02-10T04:50:24.378001Z  INFO 
2026-02-10T04:50:24.378003Z  INFO Timeline:
2026-02-10T04:50:24.378008Z  INFO    1. learning      300s @  2000 pps (0:00 - 5:00) 5 min baseline learning
2026-02-10T04:50:24.378013Z  INFO    2. probe          30s @ 50000 pps (5:00 - 5:30) 30s initial attack probe
2026-02-10T04:50:24.378018Z  INFO    3. calm1         240s @  2000 pps (5:30 - 9:30) 4 min calm - attacker recon
2026-02-10T04:50:24.378022Z  INFO    4. sustained     180s @ 50000 pps (9:30 - 12:30) 3 min sustained attack
2026-02-10T04:50:24.378025Z  INFO    5. pause          40s @  2000 pps (12:30 - 13:10) 40s brief pause
2026-02-10T04:50:24.378031Z  INFO    6. wave2          60s @ 50000 pps (13:10 - 14:10) 60s second wave
2026-02-10T04:50:24.378035Z  INFO    7. recovery      180s @  2000 pps (14:10 - 17:10) 3 min final calm
2026-02-10T04:50:24.378039Z  INFO 
2026-02-10T04:50:24.378042Z  INFO Total duration: 17m 10s
2026-02-10T04:50:24.378044Z  INFO 
2026-02-10T04:50:24.378047Z  INFO >>> [  0s] PHASE 1: learning (Normal, 2000 pps, 300s)
2026-02-10T04:50:29.378646Z  INFO     [  5s] 8922 packets (1784 pps), 0.47 MB | phase: 295s remaining
2026-02-10T04:50:34.378824Z  INFO     [ 10s] 17645 packets (1744 pps), 0.93 MB | phase: 290s remaining
2026-02-10T04:50:39.379080Z  INFO     [ 15s] 26565 packets (1784 pps), 1.39 MB | phase: 285s remaining
2026-02-10T04:50:44.379241Z  INFO     [ 20s] 35477 packets (1782 pps), 1.86 MB | phase: 280s remaining
2026-02-10T04:50:49.379699Z  INFO     [ 25s] 44391 packets (1782 pps), 2.33 MB | phase: 275s remaining
2026-02-10T04:50:54.379873Z  INFO     [ 30s] 53305 packets (1782 pps), 2.80 MB | phase: 270s remaining
2026-02-10T04:50:59.380156Z  INFO     [ 35s] 62229 packets (1784 pps), 3.26 MB | phase: 265s remaining
2026-02-10T04:51:04.380215Z  INFO     [ 40s] 71150 packets (1784 pps), 3.73 MB | phase: 260s remaining
2026-02-10T04:51:09.380466Z  INFO     [ 45s] 80072 packets (1784 pps), 4.20 MB | phase: 255s remaining
2026-02-10T04:51:14.380579Z  INFO     [ 50s] 88995 packets (1784 pps), 4.67 MB | phase: 250s remaining
2026-02-10T04:51:19.380786Z  INFO     [ 55s] 97923 packets (1785 pps), 5.14 MB | phase: 245s remaining
2026-02-10T04:51:24.381283Z  INFO     [ 60s] 106839 packets (1783 pps), 5.60 MB | phase: 240s remaining
2026-02-10T04:51:29.381869Z  INFO     [ 65s] 115767 packets (1785 pps), 6.07 MB | phase: 235s remaining
2026-02-10T04:51:34.382386Z  INFO     [ 70s] 124680 packets (1782 pps), 6.54 MB | phase: 230s remaining
2026-02-10T04:51:39.382818Z  INFO     [ 75s] 133607 packets (1785 pps), 7.01 MB | phase: 225s remaining
2026-02-10T04:51:44.383257Z  INFO     [ 80s] 142526 packets (1783 pps), 7.48 MB | phase: 220s remaining
2026-02-10T04:51:49.383799Z  INFO     [ 85s] 151445 packets (1783 pps), 7.94 MB | phase: 215s remaining
2026-02-10T04:51:54.384086Z  INFO     [ 90s] 160362 packets (1783 pps), 8.41 MB | phase: 210s remaining
2026-02-10T04:51:59.384506Z  INFO     [ 95s] 169287 packets (1785 pps), 8.88 MB | phase: 205s remaining
2026-02-10T04:52:04.384806Z  INFO     [100s] 178215 packets (1785 pps), 9.35 MB | phase: 200s remaining
2026-02-10T04:52:09.385034Z  INFO     [105s] 187150 packets (1787 pps), 9.82 MB | phase: 195s remaining
2026-02-10T04:52:14.385392Z  INFO     [110s] 196063 packets (1782 pps), 10.28 MB | phase: 190s remaining
2026-02-10T04:52:19.385466Z  INFO     [115s] 204982 packets (1783 pps), 10.75 MB | phase: 185s remaining
2026-02-10T04:52:24.385981Z  INFO     [120s] 213896 packets (1782 pps), 11.22 MB | phase: 180s remaining
2026-02-10T04:52:29.386458Z  INFO     [125s] 222821 packets (1785 pps), 11.69 MB | phase: 175s remaining
2026-02-10T04:52:34.386613Z  INFO     [130s] 231739 packets (1783 pps), 12.16 MB | phase: 170s remaining
2026-02-10T04:52:39.386707Z  INFO     [135s] 240655 packets (1783 pps), 12.62 MB | phase: 165s remaining
2026-02-10T04:52:44.387055Z  INFO     [140s] 249588 packets (1786 pps), 13.09 MB | phase: 160s remaining
2026-02-10T04:52:49.387156Z  INFO     [145s] 258505 packets (1783 pps), 13.56 MB | phase: 155s remaining
2026-02-10T04:52:54.387209Z  INFO     [150s] 267425 packets (1784 pps), 14.03 MB | phase: 150s remaining
2026-02-10T04:52:59.387765Z  INFO     [155s] 276350 packets (1785 pps), 14.50 MB | phase: 145s remaining
2026-02-10T04:53:04.387896Z  INFO     [160s] 285268 packets (1783 pps), 14.96 MB | phase: 140s remaining
2026-02-10T04:53:09.388340Z  INFO     [165s] 294196 packets (1785 pps), 15.43 MB | phase: 135s remaining
2026-02-10T04:53:14.388823Z  INFO     [170s] 303106 packets (1782 pps), 15.90 MB | phase: 130s remaining
2026-02-10T04:53:19.389059Z  INFO     [175s] 312029 packets (1784 pps), 16.37 MB | phase: 125s remaining
2026-02-10T04:53:24.389190Z  INFO     [180s] 320952 packets (1784 pps), 16.83 MB | phase: 120s remaining
2026-02-10T04:53:29.389495Z  INFO     [185s] 329869 packets (1783 pps), 17.30 MB | phase: 115s remaining
2026-02-10T04:53:34.389594Z  INFO     [190s] 338771 packets (1780 pps), 17.77 MB | phase: 110s remaining
2026-02-10T04:53:39.389940Z  INFO     [195s] 347685 packets (1782 pps), 18.24 MB | phase: 105s remaining
2026-02-10T04:53:44.390204Z  INFO     [200s] 356434 packets (1749 pps), 18.70 MB | phase: 100s remaining
2026-02-10T04:53:49.390487Z  INFO     [205s] 365166 packets (1746 pps), 19.15 MB | phase: 95s remaining
2026-02-10T04:53:54.390696Z  INFO     [210s] 373984 packets (1763 pps), 19.62 MB | phase: 90s remaining
2026-02-10T04:53:59.391160Z  INFO     [215s] 382824 packets (1768 pps), 20.08 MB | phase: 85s remaining
2026-02-10T04:54:04.391490Z  INFO     [220s] 391701 packets (1775 pps), 20.55 MB | phase: 80s remaining
2026-02-10T04:54:09.391775Z  INFO     [225s] 400584 packets (1776 pps), 21.01 MB | phase: 75s remaining
2026-02-10T04:54:14.392349Z  INFO     [230s] 409471 packets (1777 pps), 21.48 MB | phase: 70s remaining
2026-02-10T04:54:19.392759Z  INFO     [235s] 418351 packets (1776 pps), 21.94 MB | phase: 65s remaining
2026-02-10T04:54:24.392922Z  INFO     [240s] 427232 packets (1776 pps), 22.41 MB | phase: 60s remaining
2026-02-10T04:54:29.393450Z  INFO     [245s] 436052 packets (1764 pps), 22.87 MB | phase: 55s remaining
2026-02-10T04:54:34.393881Z  INFO     [250s] 444895 packets (1768 pps), 23.34 MB | phase: 50s remaining
2026-02-10T04:54:39.393998Z  INFO     [255s] 453785 packets (1778 pps), 23.80 MB | phase: 45s remaining
2026-02-10T04:54:44.394536Z  INFO     [260s] 462663 packets (1775 pps), 24.27 MB | phase: 40s remaining
2026-02-10T04:54:49.394744Z  INFO     [265s] 471526 packets (1772 pps), 24.73 MB | phase: 35s remaining
2026-02-10T04:54:54.394992Z  INFO     [270s] 480389 packets (1772 pps), 25.20 MB | phase: 30s remaining
2026-02-10T04:54:59.395484Z  INFO     [275s] 489274 packets (1777 pps), 25.66 MB | phase: 25s remaining
2026-02-10T04:55:04.395874Z  INFO     [280s] 498110 packets (1767 pps), 26.13 MB | phase: 20s remaining
2026-02-10T04:55:09.396182Z  INFO     [285s] 507003 packets (1778 pps), 26.59 MB | phase: 15s remaining
2026-02-10T04:55:14.396447Z  INFO     [290s] 515879 packets (1775 pps), 27.06 MB | phase: 10s remaining
2026-02-10T04:55:19.396571Z  INFO     [295s] 524770 packets (1778 pps), 27.53 MB | phase: 5s remaining
2026-02-10T04:55:24.378218Z  INFO >>> [300s] PHASE 2: probe (Attack, 50000 pps, 30s)
2026-02-10T04:55:24.396796Z  INFO     [300s] 534280 packets (1902 pps), 28.02 MB | phase: 30s remaining
2026-02-10T04:55:29.396835Z  INFO     [305s] 719021 packets (36948 pps), 37.71 MB | phase: 25s remaining
2026-02-10T04:55:34.396873Z  INFO     [310s] 903680 packets (36931 pps), 47.40 MB | phase: 20s remaining
2026-02-10T04:55:39.397158Z  INFO     [315s] 1088110 packets (36886 pps), 57.07 MB | phase: 15s remaining
2026-02-10T04:55:44.397399Z  INFO     [320s] 1273030 packets (36984 pps), 66.77 MB | phase: 10s remaining
2026-02-10T04:55:49.397452Z  INFO     [325s] 1458400 packets (37074 pps), 76.50 MB | phase: 5s remaining
2026-02-10T04:55:54.378484Z  INFO >>> [330s] PHASE 3: calm1 (Normal, 2000 pps, 240s)
2026-02-10T04:55:54.397595Z  INFO     [330s] 1642424 packets (36804 pps), 86.15 MB | phase: 240s remaining
2026-02-10T04:55:59.398139Z  INFO     [335s] 1651318 packets (1778 pps), 86.62 MB | phase: 235s remaining
2026-02-10T04:56:04.398370Z  INFO     [340s] 1660098 packets (1756 pps), 87.08 MB | phase: 230s remaining
2026-02-10T04:56:09.398689Z  INFO     [345s] 1668971 packets (1774 pps), 87.54 MB | phase: 225s remaining
2026-02-10T04:56:14.399260Z  INFO     [350s] 1677820 packets (1769 pps), 88.01 MB | phase: 220s remaining
2026-02-10T04:56:19.399339Z  INFO     [355s] 1686567 packets (1749 pps), 88.46 MB | phase: 215s remaining
2026-02-10T04:56:24.399806Z  INFO     [360s] 1695425 packets (1771 pps), 88.93 MB | phase: 210s remaining
2026-02-10T04:56:29.400078Z  INFO     [365s] 1704142 packets (1743 pps), 89.39 MB | phase: 205s remaining
2026-02-10T04:56:34.400255Z  INFO     [370s] 1712709 packets (1713 pps), 89.84 MB | phase: 200s remaining
2026-02-10T04:56:39.400705Z  INFO     [375s] 1721594 packets (1777 pps), 90.30 MB | phase: 195s remaining
2026-02-10T04:56:44.401166Z  INFO     [380s] 1730296 packets (1740 pps), 90.76 MB | phase: 190s remaining
2026-02-10T04:56:49.401503Z  INFO     [385s] 1739159 packets (1772 pps), 91.22 MB | phase: 185s remaining
2026-02-10T04:56:54.401984Z  INFO     [390s] 1748024 packets (1773 pps), 91.69 MB | phase: 180s remaining
2026-02-10T04:56:59.402194Z  INFO     [395s] 1756798 packets (1754 pps), 92.15 MB | phase: 175s remaining
2026-02-10T04:57:04.402261Z  INFO     [400s] 1765504 packets (1741 pps), 92.60 MB | phase: 170s remaining
2026-02-10T04:57:09.402392Z  INFO     [405s] 1774361 packets (1771 pps), 93.07 MB | phase: 165s remaining
2026-02-10T04:57:14.402457Z  INFO     [410s] 1783200 packets (1767 pps), 93.53 MB | phase: 160s remaining
2026-02-10T04:57:19.402900Z  INFO     [415s] 1791922 packets (1744 pps), 93.99 MB | phase: 155s remaining
2026-02-10T04:57:24.403249Z  INFO     [420s] 1800760 packets (1767 pps), 94.45 MB | phase: 150s remaining
2026-02-10T04:57:29.403817Z  INFO     [425s] 1809597 packets (1767 pps), 94.92 MB | phase: 145s remaining
2026-02-10T04:57:34.404138Z  INFO     [430s] 1818335 packets (1747 pps), 95.38 MB | phase: 140s remaining
2026-02-10T04:57:39.404329Z  INFO     [435s] 1826979 packets (1728 pps), 95.83 MB | phase: 135s remaining
2026-02-10T04:57:44.404441Z  INFO     [440s] 1835842 packets (1772 pps), 96.29 MB | phase: 130s remaining
2026-02-10T04:57:49.404940Z  INFO     [445s] 1844719 packets (1775 pps), 96.76 MB | phase: 125s remaining
2026-02-10T04:57:54.405451Z  INFO     [450s] 1853612 packets (1778 pps), 97.23 MB | phase: 120s remaining
2026-02-10T04:57:59.405975Z  INFO     [455s] 1862493 packets (1776 pps), 97.69 MB | phase: 115s remaining
2026-02-10T04:58:04.406102Z  INFO     [460s] 1871215 packets (1744 pps), 98.15 MB | phase: 110s remaining
2026-02-10T04:58:05.588152Z  INFO 
Received Ctrl+C, stopping...
2026-02-10T04:58:05.588334Z  INFO >>> Scenario complete
2026-02-10T04:58:05.588349Z  INFO 
2026-02-10T04:58:05.588355Z  INFO === Final Stats ===
2026-02-10T04:58:05.588361Z  INFO   Total packets: 1873318
2026-02-10T04:58:05.588369Z  INFO   Total bytes: 98.26 MB
