2026-02-10T03:40:56.393368Z  INFO Veth Lab Traffic Generator
2026-02-10T03:40:56.393381Z  INFO   Interface: veth-gen
2026-02-10T03:40:56.393386Z  INFO   Target: 10.100.0.2
2026-02-10T03:40:56.393392Z  INFO   Log file: "logs/generator_20260209_194056.log"
2026-02-10T03:40:56.393396Z  INFO   Mode: Scenario file
2026-02-10T03:40:56.393400Z  INFO   Scenario: Realistic DDoS Scenario
2026-02-10T03:40:56.400843Z  INFO Socket ready, starting traffic generation...
2026-02-10T03:40:56.400853Z  INFO 
2026-02-10T03:40:56.400862Z  INFO === SCENARIO: Realistic DDoS Scenario ===
2026-02-10T03:40:56.400867Z  INFO   Long baseline learning, varied attack patterns with realistic timing
2026-02-10T03:40:56.400871Z  INFO   Baseline PPS: 2000
2026-02-10T03:40:56.400874Z  INFO   Attack PPS: 50000
2026-02-10T03:40:56.400877Z  INFO 
2026-02-10T03:40:56.400879Z  INFO Timeline:
2026-02-10T03:40:56.400883Z  INFO    1. learning      300s @  2000 pps (0:00 - 5:00) 5 min baseline learning
2026-02-10T03:40:56.400887Z  INFO    2. probe          30s @ 50000 pps (5:00 - 5:30) 30s initial attack probe
2026-02-10T03:40:56.400897Z  INFO    3. calm1         240s @  2000 pps (5:30 - 9:30) 4 min calm - attacker recon
2026-02-10T03:40:56.400901Z  INFO    4. sustained     180s @ 50000 pps (9:30 - 12:30) 3 min sustained attack
2026-02-10T03:40:56.400906Z  INFO    5. pause          40s @  2000 pps (12:30 - 13:10) 40s brief pause
2026-02-10T03:40:56.400910Z  INFO    6. wave2          60s @ 50000 pps (13:10 - 14:10) 60s second wave
2026-02-10T03:40:56.400913Z  INFO    7. recovery      180s @  2000 pps (14:10 - 17:10) 3 min final calm
2026-02-10T03:40:56.400916Z  INFO 
2026-02-10T03:40:56.400919Z  INFO Total duration: 17m 10s
2026-02-10T03:40:56.400921Z  INFO 
2026-02-10T03:40:56.400925Z  INFO >>> [  0s] PHASE 1: learning (Normal, 2000 pps, 300s)
2026-02-10T03:41:01.401229Z  INFO     [  5s] 9695 packets (1939 pps), 0.51 MB | phase: 295s remaining
2026-02-10T03:41:06.401708Z  INFO     [ 10s] 19571 packets (1975 pps), 1.03 MB | phase: 290s remaining
2026-02-10T03:41:11.402212Z  INFO     [ 15s] 29462 packets (1978 pps), 1.55 MB | phase: 285s remaining
2026-02-10T03:41:16.402582Z  INFO     [ 20s] 39336 packets (1974 pps), 2.06 MB | phase: 280s remaining
2026-02-10T03:41:21.402703Z  INFO     [ 25s] 49241 packets (1981 pps), 2.58 MB | phase: 275s remaining
2026-02-10T03:41:26.403210Z  INFO     [ 30s] 59122 packets (1976 pps), 3.10 MB | phase: 270s remaining
2026-02-10T03:41:31.403702Z  INFO     [ 35s] 68984 packets (1972 pps), 3.62 MB | phase: 265s remaining
2026-02-10T03:41:36.403910Z  INFO     [ 40s] 78889 packets (1981 pps), 4.14 MB | phase: 260s remaining
2026-02-10T03:41:41.404222Z  INFO     [ 45s] 88773 packets (1976 pps), 4.66 MB | phase: 255s remaining
2026-02-10T03:41:46.404746Z  INFO     [ 50s] 98662 packets (1977 pps), 5.18 MB | phase: 250s remaining
2026-02-10T03:41:51.405207Z  INFO     [ 55s] 108558 packets (1979 pps), 5.69 MB | phase: 245s remaining
2026-02-10T03:41:56.405503Z  INFO     [ 60s] 118429 packets (1974 pps), 6.21 MB | phase: 240s remaining
2026-02-10T03:42:01.405703Z  INFO     [ 65s] 128315 packets (1977 pps), 6.73 MB | phase: 235s remaining
2026-02-10T03:42:06.406065Z  INFO     [ 70s] 138212 packets (1979 pps), 7.25 MB | phase: 230s remaining
2026-02-10T03:42:11.406417Z  INFO     [ 75s] 148123 packets (1982 pps), 7.77 MB | phase: 225s remaining
2026-02-10T03:42:16.406613Z  INFO     [ 80s] 158002 packets (1975 pps), 8.29 MB | phase: 220s remaining
2026-02-10T03:42:21.406700Z  INFO     [ 85s] 167877 packets (1975 pps), 8.81 MB | phase: 215s remaining
2026-02-10T03:42:26.406882Z  INFO     [ 90s] 177636 packets (1951 pps), 9.32 MB | phase: 210s remaining
2026-02-10T03:42:31.407070Z  INFO     [ 95s] 187451 packets (1963 pps), 9.83 MB | phase: 205s remaining
2026-02-10T03:42:36.407234Z  INFO     [100s] 197227 packets (1955 pps), 10.34 MB | phase: 200s remaining
2026-02-10T03:42:41.407686Z  INFO     [105s] 207100 packets (1974 pps), 10.86 MB | phase: 195s remaining
2026-02-10T03:42:42.388354Z  INFO 
Received Ctrl+C, stopping...
2026-02-10T03:42:42.388791Z  INFO >>> Scenario complete
2026-02-10T03:42:42.388805Z  INFO 
2026-02-10T03:42:42.388810Z  INFO === Final Stats ===
2026-02-10T03:42:42.388814Z  INFO   Total packets: 209039
2026-02-10T03:42:42.388822Z  INFO   Total bytes: 10.96 MB
