2026-02-10T03:32:25.707562Z  INFO Veth Lab Traffic Generator
2026-02-10T03:32:25.707573Z  INFO   Interface: veth-gen
2026-02-10T03:32:25.707576Z  INFO   Target: 10.100.0.2
2026-02-10T03:32:25.707581Z  INFO   Log file: "logs/generator_20260209_193225.log"
2026-02-10T03:32:25.707584Z  INFO   Mode: Scenario file
2026-02-10T03:32:25.707587Z  INFO   Scenario: Realistic DDoS Scenario
2026-02-10T03:32:25.720846Z  INFO Socket ready, starting traffic generation...
2026-02-10T03:32:25.720859Z  INFO 
2026-02-10T03:32:25.720871Z  INFO === SCENARIO: Realistic DDoS Scenario ===
2026-02-10T03:32:25.720876Z  INFO   Long baseline learning, varied attack patterns with realistic timing
2026-02-10T03:32:25.720879Z  INFO   Baseline PPS: 2000
2026-02-10T03:32:25.720883Z  INFO   Attack PPS: 50000
2026-02-10T03:32:25.720886Z  INFO 
2026-02-10T03:32:25.720890Z  INFO Timeline:
2026-02-10T03:32:25.720895Z  INFO    1. learning      300s @  2000 pps (0:00 - 5:00) 5 min baseline learning
2026-02-10T03:32:25.720899Z  INFO    2. probe          30s @ 50000 pps (5:00 - 5:30) 30s initial attack probe
2026-02-10T03:32:25.720905Z  INFO    3. calm1         240s @  2000 pps (5:30 - 9:30) 4 min calm - attacker recon
2026-02-10T03:32:25.720909Z  INFO    4. sustained     180s @ 50000 pps (9:30 - 12:30) 3 min sustained attack
2026-02-10T03:32:25.720913Z  INFO    5. pause          40s @  2000 pps (12:30 - 13:10) 40s brief pause
2026-02-10T03:32:25.720917Z  INFO    6. wave2          60s @ 50000 pps (13:10 - 14:10) 60s second wave
2026-02-10T03:32:25.720922Z  INFO    7. recovery      180s @  2000 pps (14:10 - 17:10) 3 min final calm
2026-02-10T03:32:25.720925Z  INFO 
2026-02-10T03:32:25.720928Z  INFO Total duration: 17m 10s
2026-02-10T03:32:25.720931Z  INFO 
2026-02-10T03:32:25.720935Z  INFO >>> [  0s] PHASE 1: learning (Normal, 2000 pps, 300s)
2026-02-10T03:32:30.721156Z  INFO     [  5s] 9704 packets (1940 pps), 0.51 MB | phase: 295s remaining
2026-02-10T03:32:35.721232Z  INFO     [ 10s] 19558 packets (1970 pps), 1.03 MB | phase: 290s remaining
2026-02-10T03:32:40.721800Z  INFO     [ 15s] 29410 packets (1970 pps), 1.54 MB | phase: 285s remaining
2026-02-10T03:32:45.722217Z  INFO     [ 20s] 39274 packets (1972 pps), 2.06 MB | phase: 280s remaining
2026-02-10T03:32:50.722769Z  INFO     [ 25s] 49111 packets (1967 pps), 2.58 MB | phase: 275s remaining
2026-02-10T03:32:55.723006Z  INFO     [ 30s] 58915 packets (1960 pps), 3.09 MB | phase: 270s remaining
2026-02-10T03:33:00.723141Z  INFO     [ 35s] 68760 packets (1969 pps), 3.61 MB | phase: 265s remaining
2026-02-10T03:33:05.723538Z  INFO     [ 40s] 78598 packets (1967 pps), 4.12 MB | phase: 260s remaining
2026-02-10T03:33:10.723634Z  INFO     [ 45s] 88473 packets (1975 pps), 4.64 MB | phase: 255s remaining
2026-02-10T03:33:15.723924Z  INFO     [ 50s] 98334 packets (1972 pps), 5.16 MB | phase: 250s remaining
2026-02-10T03:33:20.724227Z  INFO     [ 55s] 108178 packets (1968 pps), 5.67 MB | phase: 245s remaining
2026-02-10T03:33:25.724602Z  INFO     [ 60s] 118033 packets (1971 pps), 6.19 MB | phase: 240s remaining
2026-02-10T03:33:30.725078Z  INFO     [ 65s] 127902 packets (1973 pps), 6.71 MB | phase: 235s remaining
2026-02-10T03:33:35.725222Z  INFO     [ 70s] 137739 packets (1967 pps), 7.22 MB | phase: 230s remaining
2026-02-10T03:33:40.725700Z  INFO     [ 75s] 147615 packets (1975 pps), 7.74 MB | phase: 225s remaining
2026-02-10T03:33:45.726209Z  INFO     [ 80s] 157465 packets (1970 pps), 8.26 MB | phase: 220s remaining
2026-02-10T03:33:50.726307Z  INFO     [ 85s] 167317 packets (1970 pps), 8.78 MB | phase: 215s remaining
2026-02-10T03:33:55.726561Z  INFO     [ 90s] 177161 packets (1968 pps), 9.29 MB | phase: 210s remaining
2026-02-10T03:34:00.726701Z  INFO     [ 95s] 187019 packets (1971 pps), 9.81 MB | phase: 205s remaining
2026-02-10T03:34:05.727029Z  INFO     [100s] 196856 packets (1967 pps), 10.33 MB | phase: 200s remaining
2026-02-10T03:34:10.727219Z  INFO     [105s] 206687 packets (1966 pps), 10.84 MB | phase: 195s remaining
2026-02-10T03:34:15.727705Z  INFO     [110s] 216534 packets (1969 pps), 11.36 MB | phase: 190s remaining
2026-02-10T03:34:20.728234Z  INFO     [115s] 226377 packets (1968 pps), 11.87 MB | phase: 185s remaining
2026-02-10T03:34:25.728720Z  INFO     [120s] 236207 packets (1966 pps), 12.39 MB | phase: 180s remaining
2026-02-10T03:34:30.729198Z  INFO     [125s] 246061 packets (1970 pps), 12.91 MB | phase: 175s remaining
2026-02-10T03:34:35.729442Z  INFO     [130s] 255931 packets (1974 pps), 13.42 MB | phase: 170s remaining
2026-02-10T03:34:40.729700Z  INFO     [135s] 265781 packets (1970 pps), 13.94 MB | phase: 165s remaining
2026-02-10T03:34:45.729994Z  INFO     [140s] 275635 packets (1970 pps), 14.46 MB | phase: 160s remaining
2026-02-10T03:34:50.730536Z  INFO     [145s] 285488 packets (1970 pps), 14.97 MB | phase: 155s remaining
2026-02-10T03:34:55.730922Z  INFO     [150s] 295311 packets (1964 pps), 15.49 MB | phase: 150s remaining
2026-02-10T03:35:00.731483Z  INFO     [155s] 305176 packets (1973 pps), 16.01 MB | phase: 145s remaining
2026-02-10T03:35:05.731766Z  INFO     [160s] 315034 packets (1971 pps), 16.52 MB | phase: 140s remaining
2026-02-10T03:35:10.732213Z  INFO     [165s] 324869 packets (1967 pps), 17.04 MB | phase: 135s remaining
2026-02-10T03:35:15.732386Z  INFO     [170s] 334740 packets (1974 pps), 17.56 MB | phase: 130s remaining
2026-02-10T03:35:20.732702Z  INFO     [175s] 344585 packets (1969 pps), 18.07 MB | phase: 125s remaining
2026-02-10T03:35:25.733228Z  INFO     [180s] 354439 packets (1970 pps), 18.59 MB | phase: 120s remaining
2026-02-10T03:35:30.733401Z  INFO     [185s] 364313 packets (1974 pps), 19.11 MB | phase: 115s remaining
2026-02-10T03:35:35.733700Z  INFO     [190s] 374156 packets (1968 pps), 19.63 MB | phase: 110s remaining
2026-02-10T03:35:40.734031Z  INFO     [195s] 384022 packets (1973 pps), 20.14 MB | phase: 105s remaining
2026-02-10T03:35:45.734570Z  INFO     [200s] 393885 packets (1972 pps), 20.66 MB | phase: 100s remaining
2026-02-10T03:35:50.735128Z  INFO     [205s] 403728 packets (1968 pps), 21.18 MB | phase: 95s remaining
2026-02-10T03:35:55.735183Z  INFO     [210s] 413577 packets (1969 pps), 21.69 MB | phase: 90s remaining
2026-02-10T03:36:00.735705Z  INFO     [215s] 423438 packets (1972 pps), 22.21 MB | phase: 85s remaining
2026-02-10T03:36:05.736224Z  INFO     [220s] 433286 packets (1969 pps), 22.73 MB | phase: 80s remaining
2026-02-10T03:36:10.736328Z  INFO     [225s] 443149 packets (1972 pps), 23.24 MB | phase: 75s remaining
2026-02-10T03:36:15.736545Z  INFO     [230s] 453013 packets (1972 pps), 23.76 MB | phase: 70s remaining
2026-02-10T03:36:20.736700Z  INFO     [235s] 462845 packets (1966 pps), 24.28 MB | phase: 65s remaining
2026-02-10T03:36:25.737093Z  INFO     [240s] 472705 packets (1972 pps), 24.79 MB | phase: 60s remaining
2026-02-10T03:36:30.737286Z  INFO     [245s] 482568 packets (1972 pps), 25.31 MB | phase: 55s remaining
2026-02-10T03:36:35.737793Z  INFO     [250s] 492438 packets (1974 pps), 25.83 MB | phase: 50s remaining
2026-02-10T03:36:40.738110Z  INFO     [255s] 502277 packets (1967 pps), 26.35 MB | phase: 45s remaining
2026-02-10T03:36:45.738195Z  INFO     [260s] 512131 packets (1970 pps), 26.86 MB | phase: 40s remaining
2026-02-10T03:36:50.738422Z  INFO     [265s] 522022 packets (1978 pps), 27.38 MB | phase: 35s remaining
2026-02-10T03:36:55.738708Z  INFO     [270s] 531856 packets (1966 pps), 27.90 MB | phase: 30s remaining
2026-02-10T03:37:00.739053Z  INFO     [275s] 541721 packets (1973 pps), 28.41 MB | phase: 25s remaining
2026-02-10T03:37:05.739566Z  INFO     [280s] 551570 packets (1969 pps), 28.93 MB | phase: 20s remaining
2026-02-10T03:37:10.739703Z  INFO     [285s] 561433 packets (1972 pps), 29.45 MB | phase: 15s remaining
2026-02-10T03:37:15.740099Z  INFO     [290s] 571291 packets (1971 pps), 29.97 MB | phase: 10s remaining
2026-02-10T03:37:20.740217Z  INFO     [295s] 581126 packets (1967 pps), 30.48 MB | phase: 5s remaining
2026-02-10T03:37:25.721120Z  INFO >>> [300s] PHASE 2: probe (Attack, 50000 pps, 30s)
2026-02-10T03:37:25.740239Z  INFO     [300s] 601873 packets (4149 pps), 31.57 MB | phase: 30s remaining
2026-02-10T03:37:30.740267Z  INFO     [305s] 5293968 packets (938419 pps), 277.68 MB | phase: 25s remaining
2026-02-10T03:37:35.740298Z  INFO     [310s] 9899523 packets (921111 pps), 519.25 MB | phase: 20s remaining
2026-02-10T03:37:40.740327Z  INFO     [315s] 14572224 packets (934540 pps), 764.34 MB | phase: 15s remaining
2026-02-10T03:37:45.740369Z  INFO     [320s] 18740442 packets (833643 pps), 982.98 MB | phase: 10s remaining
2026-02-10T03:37:50.740403Z  INFO     [325s] 22955005 packets (842912 pps), 1204.04 MB | phase: 5s remaining
2026-02-10T03:37:55.721157Z  INFO >>> [330s] PHASE 3: calm1 (Normal, 2000 pps, 240s)
2026-02-10T03:37:55.740569Z  INFO     [330s] 26434367 packets (695872 pps), 1386.54 MB | phase: 240s remaining
2026-02-10T03:38:00.740699Z  INFO     [335s] 26444216 packets (1969 pps), 1387.05 MB | phase: 235s remaining
2026-02-10T03:38:03.729341Z  INFO 
Received Ctrl+C, stopping...
2026-02-10T03:38:03.729798Z  INFO >>> Scenario complete
2026-02-10T03:38:03.729814Z  INFO 
2026-02-10T03:38:03.729821Z  INFO === Final Stats ===
2026-02-10T03:38:03.729827Z  INFO   Total packets: 26450096
2026-02-10T03:38:03.729837Z  INFO   Total bytes: 1387.36 MB
