2026-02-10T04:03:10.919085Z  INFO Veth Lab Traffic Generator
2026-02-10T04:03:10.919094Z  INFO   Interface: veth-gen
2026-02-10T04:03:10.919097Z  INFO   Target: 10.100.0.2
2026-02-10T04:03:10.919102Z  INFO   Log file: "logs/generator_20260209_200310.log"
2026-02-10T04:03:10.919105Z  INFO   Mode: Scenario file
2026-02-10T04:03:10.919108Z  INFO   Scenario: Realistic DDoS Scenario
2026-02-10T04:03:10.929811Z  INFO Socket ready, starting traffic generation...
2026-02-10T04:03:10.929824Z  INFO 
2026-02-10T04:03:10.929836Z  INFO === SCENARIO: Realistic DDoS Scenario ===
2026-02-10T04:03:10.929842Z  INFO   Long baseline learning, varied attack patterns with realistic timing
2026-02-10T04:03:10.929847Z  INFO   Baseline PPS: 2000
2026-02-10T04:03:10.929850Z  INFO   Attack PPS: 50000
2026-02-10T04:03:10.929852Z  INFO 
2026-02-10T04:03:10.929855Z  INFO Timeline:
2026-02-10T04:03:10.929860Z  INFO    1. learning      300s @  2000 pps (0:00 - 5:00) 5 min baseline learning
2026-02-10T04:03:10.929865Z  INFO    2. probe          30s @ 50000 pps (5:00 - 5:30) 30s initial attack probe
2026-02-10T04:03:10.929870Z  INFO    3. calm1         240s @  2000 pps (5:30 - 9:30) 4 min calm - attacker recon
2026-02-10T04:03:10.929875Z  INFO    4. sustained     180s @ 50000 pps (9:30 - 12:30) 3 min sustained attack
2026-02-10T04:03:10.929879Z  INFO    5. pause          40s @  2000 pps (12:30 - 13:10) 40s brief pause
2026-02-10T04:03:10.929883Z  INFO    6. wave2          60s @ 50000 pps (13:10 - 14:10) 60s second wave
2026-02-10T04:03:10.929887Z  INFO    7. recovery      180s @  2000 pps (14:10 - 17:10) 3 min final calm
2026-02-10T04:03:10.929891Z  INFO 
2026-02-10T04:03:10.929894Z  INFO Total duration: 17m 10s
2026-02-10T04:03:10.929897Z  INFO 
2026-02-10T04:03:10.929901Z  INFO >>> [  0s] PHASE 1: learning (Normal, 2000 pps, 300s)
2026-02-10T04:03:15.930211Z  INFO     [  5s] 9882 packets (1976 pps), 0.52 MB | phase: 295s remaining
2026-02-10T04:03:20.930713Z  INFO     [ 10s] 19788 packets (1981 pps), 1.04 MB | phase: 290s remaining
2026-02-10T04:03:25.931235Z  INFO     [ 15s] 29666 packets (1975 pps), 1.56 MB | phase: 285s remaining
2026-02-10T04:03:30.931701Z  INFO     [ 20s] 39493 packets (1965 pps), 2.07 MB | phase: 280s remaining
2026-02-10T04:03:35.931897Z  INFO     [ 25s] 49382 packets (1977 pps), 2.59 MB | phase: 275s remaining
2026-02-10T04:03:40.932279Z  INFO     [ 30s] 59278 packets (1979 pps), 3.11 MB | phase: 270s remaining
2026-02-10T04:03:45.932483Z  INFO     [ 35s] 69163 packets (1977 pps), 3.63 MB | phase: 265s remaining
2026-02-10T04:03:50.932709Z  INFO     [ 40s] 79049 packets (1977 pps), 4.15 MB | phase: 260s remaining
2026-02-10T04:03:55.933222Z  INFO     [ 45s] 88950 packets (1980 pps), 4.67 MB | phase: 255s remaining
2026-02-10T04:04:00.933782Z  INFO     [ 50s] 98833 packets (1976 pps), 5.18 MB | phase: 250s remaining
2026-02-10T04:04:05.934074Z  INFO     [ 55s] 108722 packets (1977 pps), 5.70 MB | phase: 245s remaining
2026-02-10T04:04:10.934214Z  INFO     [ 60s] 118601 packets (1975 pps), 6.22 MB | phase: 240s remaining
2026-02-10T04:04:15.934712Z  INFO     [ 65s] 128485 packets (1976 pps), 6.74 MB | phase: 235s remaining
2026-02-10T04:04:20.934863Z  INFO     [ 70s] 138365 packets (1976 pps), 7.26 MB | phase: 230s remaining
2026-02-10T04:04:25.935219Z  INFO     [ 75s] 148268 packets (1980 pps), 7.78 MB | phase: 225s remaining
2026-02-10T04:04:30.935320Z  INFO     [ 80s] 158176 packets (1981 pps), 8.30 MB | phase: 220s remaining
2026-02-10T04:04:35.935783Z  INFO     [ 85s] 168068 packets (1978 pps), 8.82 MB | phase: 215s remaining
2026-02-10T04:04:40.936217Z  INFO     [ 90s] 177967 packets (1979 pps), 9.33 MB | phase: 210s remaining
2026-02-10T04:04:45.936310Z  INFO     [ 95s] 187859 packets (1978 pps), 9.85 MB | phase: 205s remaining
2026-02-10T04:04:50.936523Z  INFO     [100s] 197751 packets (1978 pps), 10.37 MB | phase: 200s remaining
2026-02-10T04:04:55.936683Z  INFO     [105s] 207635 packets (1976 pps), 10.89 MB | phase: 195s remaining
2026-02-10T04:05:00.936803Z  INFO     [110s] 217556 packets (1984 pps), 11.41 MB | phase: 190s remaining
2026-02-10T04:05:05.937215Z  INFO     [115s] 227450 packets (1978 pps), 11.93 MB | phase: 185s remaining
2026-02-10T04:05:10.937668Z  INFO     [120s] 237327 packets (1975 pps), 12.45 MB | phase: 180s remaining
2026-02-10T04:05:15.938074Z  INFO     [125s] 247221 packets (1978 pps), 12.97 MB | phase: 175s remaining
2026-02-10T04:05:20.938228Z  INFO     [130s] 257125 packets (1980 pps), 13.49 MB | phase: 170s remaining
2026-02-10T04:05:25.938707Z  INFO     [135s] 267026 packets (1980 pps), 14.01 MB | phase: 165s remaining
2026-02-10T04:05:30.939218Z  INFO     [140s] 276921 packets (1979 pps), 14.53 MB | phase: 160s remaining
2026-02-10T04:05:35.939707Z  INFO     [145s] 286789 packets (1973 pps), 15.04 MB | phase: 155s remaining
2026-02-10T04:05:40.940212Z  INFO     [150s] 296676 packets (1977 pps), 15.56 MB | phase: 150s remaining
2026-02-10T04:05:45.940697Z  INFO     [155s] 306563 packets (1977 pps), 16.08 MB | phase: 145s remaining
2026-02-10T04:05:50.941223Z  INFO     [160s] 316458 packets (1979 pps), 16.60 MB | phase: 140s remaining
2026-02-10T04:05:55.941700Z  INFO     [165s] 326356 packets (1979 pps), 17.12 MB | phase: 135s remaining
2026-02-10T04:06:00.942215Z  INFO     [170s] 336242 packets (1977 pps), 17.64 MB | phase: 130s remaining
2026-02-10T04:06:05.942347Z  INFO     [175s] 346142 packets (1980 pps), 18.16 MB | phase: 125s remaining
2026-02-10T04:06:10.942704Z  INFO     [180s] 356046 packets (1980 pps), 18.68 MB | phase: 120s remaining
2026-02-10T04:06:15.943209Z  INFO     [185s] 365939 packets (1978 pps), 19.19 MB | phase: 115s remaining
2026-02-10T04:06:20.943690Z  INFO     [190s] 375827 packets (1977 pps), 19.71 MB | phase: 110s remaining
2026-02-10T04:06:25.944212Z  INFO     [195s] 385732 packets (1981 pps), 20.23 MB | phase: 105s remaining
2026-02-10T04:06:30.944691Z  INFO     [200s] 395613 packets (1976 pps), 20.75 MB | phase: 100s remaining
2026-02-10T04:06:35.945216Z  INFO     [205s] 405500 packets (1977 pps), 21.27 MB | phase: 95s remaining
2026-02-10T04:06:40.945706Z  INFO     [210s] 415382 packets (1976 pps), 21.79 MB | phase: 90s remaining
2026-02-10T04:06:45.946221Z  INFO     [215s] 425262 packets (1976 pps), 22.31 MB | phase: 85s remaining
2026-02-10T04:06:50.946381Z  INFO     [220s] 435159 packets (1979 pps), 22.82 MB | phase: 80s remaining
2026-02-10T04:06:55.946700Z  INFO     [225s] 445047 packets (1977 pps), 23.34 MB | phase: 75s remaining
2026-02-10T04:07:00.947193Z  INFO     [230s] 454910 packets (1972 pps), 23.86 MB | phase: 70s remaining
2026-02-10T04:07:05.947689Z  INFO     [235s] 464797 packets (1977 pps), 24.38 MB | phase: 65s remaining
2026-02-10T04:07:10.947865Z  INFO     [240s] 474660 packets (1972 pps), 24.90 MB | phase: 60s remaining
2026-02-10T04:07:15.948219Z  INFO     [245s] 484559 packets (1979 pps), 25.42 MB | phase: 55s remaining
2026-02-10T04:07:20.948713Z  INFO     [250s] 494443 packets (1976 pps), 25.93 MB | phase: 50s remaining
2026-02-10T04:07:25.949212Z  INFO     [255s] 504329 packets (1977 pps), 26.45 MB | phase: 45s remaining
2026-02-10T04:07:30.949708Z  INFO     [260s] 514223 packets (1978 pps), 26.97 MB | phase: 40s remaining
2026-02-10T04:07:35.950184Z  INFO     [265s] 524107 packets (1976 pps), 27.49 MB | phase: 35s remaining
2026-02-10T04:07:40.950376Z  INFO     [270s] 533992 packets (1977 pps), 28.01 MB | phase: 30s remaining
2026-02-10T04:07:45.950703Z  INFO     [275s] 543878 packets (1977 pps), 28.53 MB | phase: 25s remaining
2026-02-10T04:07:50.951224Z  INFO     [280s] 553770 packets (1978 pps), 29.05 MB | phase: 20s remaining
2026-02-10T04:07:55.951704Z  INFO     [285s] 563653 packets (1976 pps), 29.56 MB | phase: 15s remaining
2026-02-10T04:08:00.952212Z  INFO     [290s] 573516 packets (1972 pps), 30.08 MB | phase: 10s remaining
2026-02-10T04:08:05.952325Z  INFO     [295s] 583382 packets (1973 pps), 30.60 MB | phase: 5s remaining
2026-02-10T04:08:10.930211Z  INFO >>> [300s] PHASE 2: probe (Attack, 50000 pps, 30s)
2026-02-10T04:08:10.952354Z  INFO     [300s] 618126 packets (6948 pps), 32.42 MB | phase: 30s remaining
2026-02-10T04:08:15.952387Z  INFO     [305s] 3431061 packets (562587 pps), 179.97 MB | phase: 25s remaining
2026-02-10T04:08:20.952420Z  INFO     [310s] 5883635 packets (490514 pps), 308.61 MB | phase: 20s remaining
2026-02-10T04:08:25.952453Z  INFO     [315s] 8415658 packets (506404 pps), 441.42 MB | phase: 15s remaining
2026-02-10T04:08:30.952484Z  INFO     [320s] 11073920 packets (531652 pps), 580.85 MB | phase: 10s remaining
2026-02-10T04:08:35.952516Z  INFO     [325s] 13843920 packets (554000 pps), 726.14 MB | phase: 5s remaining
2026-02-10T04:08:40.930243Z  INFO >>> [330s] PHASE 3: calm1 (Normal, 2000 pps, 240s)
2026-02-10T04:08:40.952699Z  INFO     [330s] 16348313 packets (500878 pps), 857.50 MB | phase: 240s remaining
2026-02-10T04:08:45.952852Z  INFO     [335s] 16358176 packets (1972 pps), 858.02 MB | phase: 235s remaining
2026-02-10T04:08:50.953388Z  INFO     [340s] 16368047 packets (1974 pps), 858.54 MB | phase: 230s remaining
2026-02-10T04:08:55.953525Z  INFO     [345s] 16377900 packets (1970 pps), 859.06 MB | phase: 225s remaining
2026-02-10T04:09:00.953711Z  INFO     [350s] 16387765 packets (1973 pps), 859.57 MB | phase: 220s remaining
2026-02-10T04:09:05.954138Z  INFO     [355s] 16397603 packets (1967 pps), 860.09 MB | phase: 215s remaining
2026-02-10T04:09:10.954211Z  INFO     [360s] 16407460 packets (1971 pps), 860.61 MB | phase: 210s remaining
2026-02-10T04:09:15.954706Z  INFO     [365s] 16417308 packets (1969 pps), 861.12 MB | phase: 205s remaining
2026-02-10T04:09:20.955231Z  INFO     [370s] 16427208 packets (1980 pps), 861.64 MB | phase: 200s remaining
2026-02-10T04:09:25.955342Z  INFO     [375s] 16437084 packets (1975 pps), 862.16 MB | phase: 195s remaining
2026-02-10T04:09:30.955489Z  INFO     [380s] 16446949 packets (1973 pps), 862.68 MB | phase: 190s remaining
2026-02-10T04:09:35.955709Z  INFO     [385s] 16456826 packets (1975 pps), 863.19 MB | phase: 185s remaining
2026-02-10T04:09:40.956036Z  INFO     [390s] 16466713 packets (1977 pps), 863.71 MB | phase: 180s remaining
2026-02-10T04:09:45.373454Z  INFO 
Received Ctrl+C, stopping...
2026-02-10T04:09:45.373682Z  INFO >>> Scenario complete
2026-02-10T04:09:45.373691Z  INFO 
2026-02-10T04:09:45.373693Z  INFO === Final Stats ===
2026-02-10T04:09:45.373695Z  INFO   Total packets: 16475439
2026-02-10T04:09:45.373699Z  INFO   Total bytes: 864.17 MB
