2026-02-10T04:43:19.184021Z  INFO Veth Lab Traffic Generator
2026-02-10T04:43:19.184032Z  INFO   Interface: veth-gen
2026-02-10T04:43:19.184036Z  INFO   Target: 10.100.0.2
2026-02-10T04:43:19.184040Z  INFO   Log file: "logs/generator_20260209_204319.log"
2026-02-10T04:43:19.184043Z  INFO   Mode: Scenario file
2026-02-10T04:43:19.184046Z  INFO   Scenario: Realistic DDoS Scenario
2026-02-10T04:43:19.189929Z  INFO Socket ready, starting traffic generation...
2026-02-10T04:43:19.189940Z  INFO 
2026-02-10T04:43:19.189950Z  INFO === SCENARIO: Realistic DDoS Scenario ===
2026-02-10T04:43:19.189954Z  INFO   Long baseline learning, varied attack patterns with realistic timing
2026-02-10T04:43:19.189958Z  INFO   Baseline PPS: 2000
2026-02-10T04:43:19.189961Z  INFO   Attack PPS: 50000
2026-02-10T04:43:19.189964Z  INFO 
2026-02-10T04:43:19.189967Z  INFO Timeline:
2026-02-10T04:43:19.189972Z  INFO    1. learning      300s @  2000 pps (0:00 - 5:00) 5 min baseline learning
2026-02-10T04:43:19.189977Z  INFO    2. probe          30s @ 50000 pps (5:00 - 5:30) 30s initial attack probe
2026-02-10T04:43:19.189982Z  INFO    3. calm1         240s @  2000 pps (5:30 - 9:30) 4 min calm - attacker recon
2026-02-10T04:43:19.189986Z  INFO    4. sustained     180s @ 50000 pps (9:30 - 12:30) 3 min sustained attack
2026-02-10T04:43:19.189990Z  INFO    5. pause          40s @  2000 pps (12:30 - 13:10) 40s brief pause
2026-02-10T04:43:19.189994Z  INFO    6. wave2          60s @ 50000 pps (13:10 - 14:10) 60s second wave
2026-02-10T04:43:19.189997Z  INFO    7. recovery      180s @  2000 pps (14:10 - 17:10) 3 min final calm
2026-02-10T04:43:19.190000Z  INFO 
2026-02-10T04:43:19.190003Z  INFO Total duration: 17m 10s
2026-02-10T04:43:19.190006Z  INFO 
2026-02-10T04:43:19.190009Z  INFO >>> [  0s] PHASE 1: learning (Normal, 2000 pps, 300s)
2026-02-10T04:43:24.190240Z  INFO     [  5s] 8886 packets (1777 pps), 0.47 MB | phase: 295s remaining
2026-02-10T04:43:29.190379Z  INFO     [ 10s] 17714 packets (1765 pps), 0.93 MB | phase: 290s remaining
2026-02-10T04:43:34.190878Z  INFO     [ 15s] 26541 packets (1765 pps), 1.39 MB | phase: 285s remaining
2026-02-10T04:43:39.191271Z  INFO     [ 20s] 35406 packets (1773 pps), 1.86 MB | phase: 280s remaining
2026-02-10T04:43:44.191567Z  INFO     [ 25s] 44252 packets (1769 pps), 2.32 MB | phase: 275s remaining
2026-02-10T04:43:49.191835Z  INFO     [ 30s] 53102 packets (1770 pps), 2.79 MB | phase: 270s remaining
2026-02-10T04:43:54.192014Z  INFO     [ 35s] 61958 packets (1771 pps), 3.25 MB | phase: 265s remaining
2026-02-10T04:43:59.192387Z  INFO     [ 40s] 70754 packets (1759 pps), 3.71 MB | phase: 260s remaining
2026-02-10T04:44:04.192799Z  INFO     [ 45s] 79538 packets (1756 pps), 4.17 MB | phase: 255s remaining
2026-02-10T04:44:09.193069Z  INFO     [ 50s] 88394 packets (1771 pps), 4.64 MB | phase: 250s remaining
2026-02-10T04:44:14.193517Z  INFO     [ 55s] 97250 packets (1771 pps), 5.10 MB | phase: 245s remaining
2026-02-10T04:44:19.193956Z  INFO     [ 60s] 106028 packets (1755 pps), 5.56 MB | phase: 240s remaining
2026-02-10T04:44:24.194330Z  INFO     [ 65s] 114888 packets (1772 pps), 6.03 MB | phase: 235s remaining
2026-02-10T04:44:29.194459Z  INFO     [ 70s] 123768 packets (1776 pps), 6.49 MB | phase: 230s remaining
2026-02-10T04:44:34.194688Z  INFO     [ 75s] 132459 packets (1738 pps), 6.95 MB | phase: 225s remaining
2026-02-10T04:44:39.195039Z  INFO     [ 80s] 141307 packets (1769 pps), 7.41 MB | phase: 220s remaining
2026-02-10T04:44:44.195432Z  INFO     [ 85s] 150180 packets (1774 pps), 7.88 MB | phase: 215s remaining
2026-02-10T04:44:49.196005Z  INFO     [ 90s] 159033 packets (1770 pps), 8.34 MB | phase: 210s remaining
2026-02-10T04:44:54.196257Z  INFO     [ 95s] 167938 packets (1781 pps), 8.81 MB | phase: 205s remaining
2026-02-10T04:44:59.196691Z  INFO     [100s] 176817 packets (1775 pps), 9.27 MB | phase: 200s remaining
2026-02-10T04:45:04.196855Z  INFO     [105s] 185615 packets (1759 pps), 9.74 MB | phase: 195s remaining
2026-02-10T04:45:09.197080Z  INFO     [110s] 194441 packets (1765 pps), 10.20 MB | phase: 190s remaining
2026-02-10T04:45:14.197502Z  INFO     [115s] 203342 packets (1780 pps), 10.67 MB | phase: 185s remaining
2026-02-10T04:45:19.197752Z  INFO     [120s] 212255 packets (1782 pps), 11.13 MB | phase: 180s remaining
2026-02-10T04:45:24.198227Z  INFO     [125s] 221168 packets (1782 pps), 11.60 MB | phase: 175s remaining
2026-02-10T04:45:29.198637Z  INFO     [130s] 230079 packets (1782 pps), 12.07 MB | phase: 170s remaining
2026-02-10T04:45:34.198762Z  INFO     [135s] 238814 packets (1747 pps), 12.53 MB | phase: 165s remaining
2026-02-10T04:45:39.199309Z  INFO     [140s] 247729 packets (1783 pps), 12.99 MB | phase: 160s remaining
2026-02-10T04:45:44.199465Z  INFO     [145s] 256646 packets (1783 pps), 13.46 MB | phase: 155s remaining
2026-02-10T04:45:49.199632Z  INFO     [150s] 265560 packets (1782 pps), 13.93 MB | phase: 150s remaining
2026-02-10T04:45:54.199867Z  INFO     [155s] 274476 packets (1783 pps), 14.40 MB | phase: 145s remaining
2026-02-10T04:45:59.200469Z  INFO     [160s] 283391 packets (1783 pps), 14.86 MB | phase: 140s remaining
2026-02-10T04:46:04.200686Z  INFO     [165s] 292312 packets (1784 pps), 15.33 MB | phase: 135s remaining
2026-02-10T04:46:09.201170Z  INFO     [170s] 301223 packets (1782 pps), 15.80 MB | phase: 130s remaining
2026-02-10T04:46:14.201381Z  INFO     [175s] 310149 packets (1785 pps), 16.27 MB | phase: 125s remaining
2026-02-10T04:46:19.201699Z  INFO     [180s] 319077 packets (1785 pps), 16.74 MB | phase: 120s remaining
2026-02-10T04:46:24.202048Z  INFO     [185s] 328000 packets (1784 pps), 17.20 MB | phase: 115s remaining
2026-02-10T04:46:29.202404Z  INFO     [190s] 336929 packets (1785 pps), 17.67 MB | phase: 110s remaining
2026-02-10T04:46:34.202780Z  INFO     [195s] 345858 packets (1785 pps), 18.14 MB | phase: 105s remaining
2026-02-10T04:46:39.203317Z  INFO     [200s] 354770 packets (1782 pps), 18.61 MB | phase: 100s remaining
2026-02-10T04:46:44.203510Z  INFO     [205s] 363684 packets (1782 pps), 19.08 MB | phase: 95s remaining
2026-02-10T04:46:49.203803Z  INFO     [210s] 372601 packets (1783 pps), 19.54 MB | phase: 90s remaining
2026-02-10T04:46:54.204047Z  INFO     [215s] 381520 packets (1783 pps), 20.01 MB | phase: 85s remaining
2026-02-10T04:46:59.204488Z  INFO     [220s] 390444 packets (1784 pps), 20.48 MB | phase: 80s remaining
2026-02-10T04:47:04.204818Z  INFO     [225s] 399368 packets (1784 pps), 20.95 MB | phase: 75s remaining
2026-02-10T04:47:09.205264Z  INFO     [230s] 408298 packets (1786 pps), 21.42 MB | phase: 70s remaining
2026-02-10T04:47:14.205622Z  INFO     [235s] 417223 packets (1785 pps), 21.88 MB | phase: 65s remaining
2026-02-10T04:47:19.205699Z  INFO     [240s] 426136 packets (1782 pps), 22.35 MB | phase: 60s remaining
2026-02-10T04:47:24.206076Z  INFO     [245s] 435062 packets (1785 pps), 22.82 MB | phase: 55s remaining
2026-02-10T04:47:29.206222Z  INFO     [250s] 443971 packets (1781 pps), 23.29 MB | phase: 50s remaining
2026-02-10T04:47:34.206326Z  INFO     [255s] 452884 packets (1782 pps), 23.75 MB | phase: 45s remaining
2026-02-10T04:47:39.206875Z  INFO     [260s] 461798 packets (1782 pps), 24.22 MB | phase: 40s remaining
2026-02-10T04:47:44.207084Z  INFO     [265s] 470725 packets (1785 pps), 24.69 MB | phase: 35s remaining
2026-02-10T04:47:49.207615Z  INFO     [270s] 479639 packets (1782 pps), 25.16 MB | phase: 30s remaining
2026-02-10T04:47:54.208046Z  INFO     [275s] 488555 packets (1783 pps), 25.63 MB | phase: 25s remaining
2026-02-10T04:47:59.208608Z  INFO     [280s] 497467 packets (1782 pps), 26.09 MB | phase: 20s remaining
2026-02-10T04:48:04.208916Z  INFO     [285s] 506372 packets (1781 pps), 26.56 MB | phase: 15s remaining
2026-02-10T04:48:09.209333Z  INFO     [290s] 515250 packets (1775 pps), 27.03 MB | phase: 10s remaining
2026-02-10T04:48:14.209641Z  INFO     [295s] 524167 packets (1783 pps), 27.49 MB | phase: 5s remaining
2026-02-10T04:48:19.190172Z  INFO >>> [300s] PHASE 2: probe (Attack, 50000 pps, 30s)
2026-02-10T04:48:19.209741Z  INFO     [300s] 533315 packets (1829 pps), 27.97 MB | phase: 30s remaining
2026-02-10T04:48:24.209859Z  INFO     [305s] 601152 packets (13567 pps), 31.53 MB | phase: 25s remaining
2026-02-10T04:48:29.209968Z  INFO     [310s] 669444 packets (13658 pps), 35.11 MB | phase: 20s remaining
2026-02-10T04:48:34.210053Z  INFO     [315s] 738080 packets (13727 pps), 38.71 MB | phase: 15s remaining
2026-02-10T04:48:39.210154Z  INFO     [320s] 806816 packets (13747 pps), 42.32 MB | phase: 10s remaining
2026-02-10T04:48:44.210201Z  INFO     [325s] 873927 packets (13422 pps), 45.84 MB | phase: 5s remaining
2026-02-10T04:48:49.190272Z  INFO >>> [330s] PHASE 3: calm1 (Normal, 2000 pps, 240s)
2026-02-10T04:48:49.210386Z  INFO     [330s] 941829 packets (13580 pps), 49.40 MB | phase: 240s remaining
2026-02-10T04:48:54.210860Z  INFO     [335s] 950741 packets (1782 pps), 49.87 MB | phase: 235s remaining
2026-02-10T04:48:59.211190Z  INFO     [340s] 959653 packets (1782 pps), 50.34 MB | phase: 230s remaining
2026-02-10T04:49:04.211347Z  INFO     [345s] 968438 packets (1757 pps), 50.80 MB | phase: 225s remaining
2026-02-10T04:49:09.211510Z  INFO     [350s] 977179 packets (1748 pps), 51.26 MB | phase: 220s remaining
2026-02-10T04:49:14.212084Z  INFO     [355s] 986031 packets (1770 pps), 51.72 MB | phase: 215s remaining
2026-02-10T04:49:19.212634Z  INFO     [360s] 994910 packets (1775 pps), 52.19 MB | phase: 210s remaining
2026-02-10T04:49:24.212971Z  INFO     [365s] 1003794 packets (1776 pps), 52.65 MB | phase: 205s remaining
2026-02-10T04:49:29.213153Z  INFO     [370s] 1012646 packets (1770 pps), 53.12 MB | phase: 200s remaining
2026-02-10T04:49:34.213640Z  INFO     [375s] 1021397 packets (1750 pps), 53.57 MB | phase: 195s remaining
2026-02-10T04:49:39.214098Z  INFO     [380s] 1030268 packets (1774 pps), 54.04 MB | phase: 190s remaining
2026-02-10T04:49:44.214560Z  INFO     [385s] 1038969 packets (1740 pps), 54.50 MB | phase: 185s remaining
2026-02-10T04:49:47.454443Z  INFO 
Received Ctrl+C, stopping...
2026-02-10T04:49:47.454691Z  INFO >>> Scenario complete
2026-02-10T04:49:47.454702Z  INFO 
2026-02-10T04:49:47.454706Z  INFO === Final Stats ===
2026-02-10T04:49:47.454709Z  INFO   Total packets: 1044708
2026-02-10T04:49:47.454714Z  INFO   Total bytes: 54.80 MB
