2026-02-10T03:40:51.570851Z  INFO Veth Lab Sidecar - Holon Anomaly Detection
2026-02-10T03:40:51.570860Z  INFO   Interface: veth-filter
2026-02-10T03:40:51.570865Z  INFO   Window: 2s
2026-02-10T03:40:51.570870Z  INFO   Drift threshold: 0.7
2026-02-10T03:40:51.570872Z  INFO   Concentration threshold: 0.5
2026-02-10T03:40:51.570875Z  INFO   Enforce mode: true
2026-02-10T03:40:51.570878Z  INFO   Dimensions: 4096
2026-02-10T03:40:51.570881Z  INFO   Warmup: 60 windows / 6000 packets
2026-02-10T03:40:51.570885Z  INFO   Sample rate: 1 in 100 packets
2026-02-10T03:40:51.570889Z  INFO   Log file: "logs/sidecar_20260209_194051.log"
2026-02-10T03:40:51.570892Z  INFO 
2026-02-10T03:40:51.570896Z  INFO Loading veth-filter XDP program for veth-filter
2026-02-10T03:40:51.612392Z  INFO XDP program loaded
2026-02-10T03:40:51.620730Z  INFO XDP program attached to veth-filter in default mode
2026-02-10T03:40:51.620766Z  INFO Sample rate set to 100
2026-02-10T03:40:51.620772Z  INFO Enforce mode set to true
2026-02-10T03:40:51.620818Z  INFO Holon initialized with 4096 dimensions
2026-02-10T03:40:51.620877Z  INFO Starting perf readers on 14 CPUs
2026-02-10T03:40:51.622150Z  INFO Starting detection loop...
2026-02-10T03:40:51.622155Z  INFO   Warmup: 60 windows or 6000 packets
2026-02-10T03:40:51.622157Z  INFO 
2026-02-10T03:40:53.694009Z  INFO Window 1: 0 packets (below minimum 50, skipping analysis)
2026-02-10T03:40:55.769900Z  INFO Window 2: 0 packets (below minimum 50, skipping analysis)
2026-02-10T03:40:57.838169Z  INFO Window 3: 21 packets (below minimum 50, skipping analysis)
2026-02-10T03:40:59.901074Z  INFO Window 4: 40 packets (below minimum 50, skipping analysis)
2026-02-10T03:41:01.975309Z  INFO Window 5: 41 packets (below minimum 50, skipping analysis)
2026-02-10T03:41:04.057064Z  INFO Window 6: 41 packets (below minimum 50, skipping analysis)
2026-02-10T03:41:06.135385Z  INFO Window 7: 41 packets (below minimum 50, skipping analysis)
2026-02-10T03:41:08.206848Z  INFO Window 8: 40 packets (below minimum 50, skipping analysis)
2026-02-10T03:41:10.277028Z  INFO Window 9: 42 packets (below minimum 50, skipping analysis)
2026-02-10T03:41:12.351583Z  INFO Window 10: 39 packets (below minimum 50, skipping analysis)
2026-02-10T03:41:14.427584Z  INFO Window 11: 42 packets (below minimum 50, skipping analysis)
2026-02-10T03:41:16.501000Z  INFO Window 12: 41 packets (below minimum 50, skipping analysis)
2026-02-10T03:41:18.566923Z  INFO Window 13: 40 packets (below minimum 50, skipping analysis)
2026-02-10T03:41:20.642961Z  INFO Window 14: 42 packets (below minimum 50, skipping analysis)
2026-02-10T03:41:22.723566Z  INFO Window 15: 43 packets (below minimum 50, skipping analysis)
2026-02-10T03:41:24.794955Z  INFO Window 16: 40 packets (below minimum 50, skipping analysis)
2026-02-10T03:41:26.876783Z  INFO Window 17: 41 packets (below minimum 50, skipping analysis)
2026-02-10T03:41:28.946627Z  INFO Window 18: 41 packets (below minimum 50, skipping analysis)
2026-02-10T03:41:31.028132Z  INFO Window 19: 40 packets (below minimum 50, skipping analysis)
2026-02-10T03:41:33.108487Z  INFO Window 20: 41 packets (below minimum 50, skipping analysis)
2026-02-10T03:41:35.196683Z  INFO Window 21: 41 packets (below minimum 50, skipping analysis)
2026-02-10T03:41:37.272275Z  INFO Window 22: 42 packets (below minimum 50, skipping analysis)
2026-02-10T03:41:39.355170Z  INFO Window 23: 41 packets (below minimum 50, skipping analysis)
2026-02-10T03:41:41.428107Z  INFO Window 24: 40 packets (below minimum 50, skipping analysis)
2026-02-10T03:41:43.495691Z  INFO Window 25: 43 packets (below minimum 50, skipping analysis)
2026-02-10T03:41:45.562232Z  INFO Window 26: 42 packets (below minimum 50, skipping analysis)
2026-02-10T03:41:47.638208Z  INFO Window 27: 40 packets (below minimum 50, skipping analysis)
2026-02-10T03:41:49.721094Z  INFO Window 28: 40 packets (below minimum 50, skipping analysis)
2026-02-10T03:41:51.792352Z  INFO Window 29: 43 packets (below minimum 50, skipping analysis)
2026-02-10T03:41:53.868352Z  INFO Window 30: 40 packets (below minimum 50, skipping analysis)
2026-02-10T03:41:55.951971Z  INFO Window 31: 42 packets (below minimum 50, skipping analysis)
2026-02-10T03:41:58.024216Z  INFO Window 32: 41 packets (below minimum 50, skipping analysis)
2026-02-10T03:42:00.099790Z  INFO Window 33: 41 packets (below minimum 50, skipping analysis)
2026-02-10T03:42:02.169873Z  INFO Window 34: 40 packets (below minimum 50, skipping analysis)
2026-02-10T03:42:04.241801Z  INFO Window 35: 41 packets (below minimum 50, skipping analysis)
2026-02-10T03:42:06.320469Z  INFO Window 36: 43 packets (below minimum 50, skipping analysis)
2026-02-10T03:42:08.387807Z  INFO Window 37: 40 packets (below minimum 50, skipping analysis)
2026-02-10T03:42:10.469282Z  INFO Window 38: 41 packets (below minimum 50, skipping analysis)
2026-02-10T03:42:12.544674Z  INFO Window 39: 42 packets (below minimum 50, skipping analysis)
2026-02-10T03:42:14.614221Z  INFO Window 40: 40 packets (below minimum 50, skipping analysis)
2026-02-10T03:42:16.683424Z  INFO Window 41: 41 packets (below minimum 50, skipping analysis)
2026-02-10T03:42:18.745439Z  INFO Window 42: 40 packets (below minimum 50, skipping analysis)
2026-02-10T03:42:20.820540Z  INFO Window 43: 40 packets (below minimum 50, skipping analysis)
2026-02-10T03:42:22.887548Z  INFO Window 44: 42 packets (below minimum 50, skipping analysis)
2026-02-10T03:42:24.962334Z  INFO Window 45: 41 packets (below minimum 50, skipping analysis)
2026-02-10T03:42:27.042836Z  INFO Window 46: 37 packets (below minimum 50, skipping analysis)
2026-02-10T03:42:29.111639Z  INFO Window 47: 42 packets (below minimum 50, skipping analysis)
2026-02-10T03:42:31.185663Z  INFO Window 48: 40 packets (below minimum 50, skipping analysis)
2026-02-10T03:42:33.268751Z  INFO Window 49: 42 packets (below minimum 50, skipping analysis)
2026-02-10T03:42:35.337192Z  INFO Window 50: 41 packets (below minimum 50, skipping analysis)
2026-02-10T03:42:37.408748Z  INFO Window 51: 38 packets (below minimum 50, skipping analysis)
2026-02-10T03:42:39.478414Z  INFO Window 52: 42 packets (below minimum 50, skipping analysis)
