2026-02-10T04:03:03.538309Z  INFO Veth Lab Sidecar - Holon Anomaly Detection
2026-02-10T04:03:03.538319Z  INFO   Interface: veth-filter
2026-02-10T04:03:03.538323Z  INFO   Window: 2s
2026-02-10T04:03:03.538327Z  INFO   Drift threshold: 0.7
2026-02-10T04:03:03.538330Z  INFO   Concentration threshold: 0.5
2026-02-10T04:03:03.538333Z  INFO   Enforce mode: true
2026-02-10T04:03:03.538336Z  INFO   Dimensions: 4096
2026-02-10T04:03:03.538339Z  INFO   Warmup: 60 windows / 6000 packets
2026-02-10T04:03:03.538342Z  INFO   Sample rate: 1 in 50 packets
2026-02-10T04:03:03.538345Z  INFO   Perf buffer: 4 pages/CPU (16KB)
2026-02-10T04:03:03.538350Z  INFO   Log file: "logs/sidecar_20260209_200303.log"
2026-02-10T04:03:03.538353Z  INFO 
2026-02-10T04:03:03.538360Z  INFO Loading veth-filter XDP program for veth-filter
2026-02-10T04:03:03.577779Z  INFO XDP program loaded
2026-02-10T04:03:03.592726Z  INFO XDP program attached to veth-filter in default mode
2026-02-10T04:03:03.592753Z  INFO Sample rate set to 50
2026-02-10T04:03:03.592759Z  INFO Enforce mode set to true
2026-02-10T04:03:03.592806Z  INFO Holon initialized with 4096 dimensions
2026-02-10T04:03:03.592870Z  INFO Starting perf readers on 14 CPUs (4 pages/CPU)
2026-02-10T04:03:03.594314Z  INFO Starting detection loop...
2026-02-10T04:03:03.594318Z  INFO   Warmup: 60 windows or 6000 packets
2026-02-10T04:03:03.594320Z  INFO 
2026-02-10T04:03:05.670291Z  INFO Window 1: 0 packets (below minimum 50, skipping analysis)
2026-02-10T04:03:07.741604Z  INFO Window 2: 0 packets (below minimum 50, skipping analysis)
2026-02-10T04:03:09.819736Z  INFO Window 3: 0 packets (below minimum 50, skipping analysis)
2026-02-10T04:03:11.898785Z  INFO Window 4: 34 packets (below minimum 50, skipping analysis)
2026-02-10T04:03:13.978516Z  INFO Window 5 [WARMUP]: 82 packets, drift=0.974 | XDP total: 6026, dropped: 0 | warmup 5/60 windows, 82/6000 packets
2026-02-10T04:03:16.066173Z  INFO Window 6 [WARMUP]: 83 packets, drift=0.986 | XDP total: 10149, dropped: 0 | warmup 6/60 windows, 165/6000 packets
2026-02-10T04:03:18.145095Z  INFO Window 7 [WARMUP]: 81 packets, drift=0.989 | XDP total: 14269, dropped: 0 | warmup 7/60 windows, 246/6000 packets
2026-02-10T04:03:20.227761Z  INFO Window 8 [WARMUP]: 81 packets, drift=0.990 | XDP total: 18394, dropped: 0 | warmup 8/60 windows, 327/6000 packets
2026-02-10T04:03:22.296714Z  INFO Window 9 [WARMUP]: 83 packets, drift=0.991 | XDP total: 22489, dropped: 0 | warmup 9/60 windows, 410/6000 packets
2026-02-10T04:03:24.376464Z  INFO Window 10 [WARMUP]: 81 packets, drift=0.990 | XDP total: 26600, dropped: 0 | warmup 10/60 windows, 491/6000 packets
2026-02-10T04:03:26.448564Z  INFO Window 11 [WARMUP]: 82 packets, drift=0.991 | XDP total: 30685, dropped: 0 | warmup 11/60 windows, 573/6000 packets
2026-02-10T04:03:28.524542Z  INFO Window 12 [WARMUP]: 81 packets, drift=0.991 | XDP total: 34738, dropped: 0 | warmup 12/60 windows, 654/6000 packets
2026-02-10T04:03:30.602788Z  INFO Window 13 [WARMUP]: 83 packets, drift=0.991 | XDP total: 38841, dropped: 0 | warmup 13/60 windows, 737/6000 packets
2026-02-10T04:03:32.688183Z  INFO Window 14 [WARMUP]: 82 packets, drift=0.991 | XDP total: 42966, dropped: 0 | warmup 14/60 windows, 819/6000 packets
2026-02-10T04:03:34.765821Z  INFO Window 15 [WARMUP]: 84 packets, drift=0.991 | XDP total: 47078, dropped: 0 | warmup 15/60 windows, 903/6000 packets
2026-02-10T04:03:36.857110Z  INFO Window 16 [WARMUP]: 81 packets, drift=0.991 | XDP total: 51208, dropped: 0 | warmup 16/60 windows, 984/6000 packets
2026-02-10T04:03:38.943936Z  INFO Window 17 [WARMUP]: 83 packets, drift=0.991 | XDP total: 55341, dropped: 0 | warmup 17/60 windows, 1067/6000 packets
2026-02-10T04:03:41.028242Z  INFO Window 18 [WARMUP]: 83 packets, drift=0.991 | XDP total: 59467, dropped: 0 | warmup 18/60 windows, 1150/6000 packets
2026-02-10T04:03:43.115511Z  INFO Window 19 [WARMUP]: 81 packets, drift=0.991 | XDP total: 63586, dropped: 0 | warmup 19/60 windows, 1231/6000 packets
2026-02-10T04:03:45.197584Z  INFO Window 20 [WARMUP]: 83 packets, drift=0.991 | XDP total: 67708, dropped: 0 | warmup 20/60 windows, 1314/6000 packets
2026-02-10T04:03:47.272839Z  INFO Window 21 [WARMUP]: 81 packets, drift=0.991 | XDP total: 71815, dropped: 0 | warmup 21/60 windows, 1395/6000 packets
2026-02-10T04:03:49.344843Z  INFO Window 22 [WARMUP]: 83 packets, drift=0.991 | XDP total: 75910, dropped: 0 | warmup 22/60 windows, 1478/6000 packets
2026-02-10T04:03:51.428294Z  INFO Window 23 [WARMUP]: 83 packets, drift=0.991 | XDP total: 80025, dropped: 0 | warmup 23/60 windows, 1561/6000 packets
2026-02-10T04:03:53.513259Z  INFO Window 24 [WARMUP]: 82 packets, drift=0.991 | XDP total: 84158, dropped: 0 | warmup 24/60 windows, 1643/6000 packets
2026-02-10T04:03:55.594231Z  INFO Window 25 [WARMUP]: 83 packets, drift=0.992 | XDP total: 88278, dropped: 0 | warmup 25/60 windows, 1726/6000 packets
2026-02-10T04:03:57.677724Z  INFO Window 26 [WARMUP]: 82 packets, drift=0.991 | XDP total: 92402, dropped: 0 | warmup 26/60 windows, 1808/6000 packets
2026-02-10T04:03:59.756138Z  INFO Window 27 [WARMUP]: 83 packets, drift=0.991 | XDP total: 96506, dropped: 0 | warmup 27/60 windows, 1891/6000 packets
2026-02-10T04:04:01.844638Z  INFO Window 28 [WARMUP]: 81 packets, drift=0.991 | XDP total: 100637, dropped: 0 | warmup 28/60 windows, 1972/6000 packets
2026-02-10T04:04:03.923932Z  INFO Window 29 [WARMUP]: 84 packets, drift=0.991 | XDP total: 104748, dropped: 0 | warmup 29/60 windows, 2056/6000 packets
2026-02-10T04:04:06.008786Z  INFO Window 30 [WARMUP]: 83 packets, drift=0.991 | XDP total: 108869, dropped: 0 | warmup 30/60 windows, 2139/6000 packets
2026-02-10T04:04:08.091114Z  INFO Window 31 [WARMUP]: 80 packets, drift=0.991 | XDP total: 112987, dropped: 0 | warmup 31/60 windows, 2219/6000 packets
2026-02-10T04:04:10.174218Z  INFO Window 32 [WARMUP]: 82 packets, drift=0.991 | XDP total: 117104, dropped: 0 | warmup 32/60 windows, 2301/6000 packets
2026-02-10T04:04:12.246129Z  INFO Window 33 [WARMUP]: 81 packets, drift=0.991 | XDP total: 121200, dropped: 0 | warmup 33/60 windows, 2382/6000 packets
2026-02-10T04:04:14.316900Z  INFO Window 34 [WARMUP]: 84 packets, drift=0.991 | XDP total: 125291, dropped: 0 | warmup 34/60 windows, 2466/6000 packets
2026-02-10T04:04:16.393617Z  INFO Window 35 [WARMUP]: 83 packets, drift=0.991 | XDP total: 129395, dropped: 0 | warmup 35/60 windows, 2549/6000 packets
2026-02-10T04:04:18.478568Z  INFO Window 36 [WARMUP]: 82 packets, drift=0.991 | XDP total: 133509, dropped: 0 | warmup 36/60 windows, 2631/6000 packets
2026-02-10T04:04:20.557769Z  INFO Window 37 [WARMUP]: 82 packets, drift=0.991 | XDP total: 137621, dropped: 0 | warmup 37/60 windows, 2713/6000 packets
2026-02-10T04:04:22.637956Z  INFO Window 38 [WARMUP]: 84 packets, drift=0.991 | XDP total: 141742, dropped: 0 | warmup 38/60 windows, 2797/6000 packets
2026-02-10T04:04:24.718148Z  INFO Window 39 [WARMUP]: 80 packets, drift=0.991 | XDP total: 145860, dropped: 0 | warmup 39/60 windows, 2877/6000 packets
2026-02-10T04:04:26.789296Z  INFO Window 40 [WARMUP]: 83 packets, drift=0.991 | XDP total: 149959, dropped: 0 | warmup 40/60 windows, 2960/6000 packets
2026-02-10T04:04:28.864330Z  INFO Window 41 [WARMUP]: 81 packets, drift=0.991 | XDP total: 154069, dropped: 0 | warmup 41/60 windows, 3041/6000 packets
2026-02-10T04:04:30.934478Z  INFO Window 42 [WARMUP]: 82 packets, drift=0.991 | XDP total: 158175, dropped: 0 | warmup 42/60 windows, 3123/6000 packets
2026-02-10T04:04:33.013490Z  INFO Window 43 [WARMUP]: 81 packets, drift=0.991 | XDP total: 162281, dropped: 0 | warmup 43/60 windows, 3204/6000 packets
2026-02-10T04:04:35.095865Z  INFO Window 44 [WARMUP]: 82 packets, drift=0.991 | XDP total: 166402, dropped: 0 | warmup 44/60 windows, 3286/6000 packets
2026-02-10T04:04:37.179890Z  INFO Window 45 [WARMUP]: 85 packets, drift=0.991 | XDP total: 170534, dropped: 0 | warmup 45/60 windows, 3371/6000 packets
2026-02-10T04:04:39.257013Z  INFO Window 46 [WARMUP]: 82 packets, drift=0.991 | XDP total: 174642, dropped: 0 | warmup 46/60 windows, 3453/6000 packets
2026-02-10T04:04:41.331643Z  INFO Window 47 [WARMUP]: 82 packets, drift=0.991 | XDP total: 178749, dropped: 0 | warmup 47/60 windows, 3535/6000 packets
2026-02-10T04:04:43.404478Z  INFO Window 48 [WARMUP]: 82 packets, drift=0.991 | XDP total: 182847, dropped: 0 | warmup 48/60 windows, 3617/6000 packets
2026-02-10T04:04:45.474475Z  INFO Window 49 [WARMUP]: 82 packets, drift=0.991 | XDP total: 186948, dropped: 0 | warmup 49/60 windows, 3699/6000 packets
2026-02-10T04:04:47.547980Z  INFO Window 50 [WARMUP]: 83 packets, drift=0.991 | XDP total: 191045, dropped: 0 | warmup 50/60 windows, 3782/6000 packets
2026-02-10T04:04:49.640136Z  INFO Window 51 [WARMUP]: 81 packets, drift=0.991 | XDP total: 195185, dropped: 0 | warmup 51/60 windows, 3863/6000 packets
2026-02-10T04:04:51.714911Z  INFO Window 52 [WARMUP]: 82 packets, drift=0.991 | XDP total: 199294, dropped: 0 | warmup 52/60 windows, 3945/6000 packets
2026-02-10T04:04:53.795124Z  INFO Window 53 [WARMUP]: 82 packets, drift=0.991 | XDP total: 203406, dropped: 0 | warmup 53/60 windows, 4027/6000 packets
2026-02-10T04:04:55.866246Z  INFO Window 54 [WARMUP]: 84 packets, drift=0.991 | XDP total: 207496, dropped: 0 | warmup 54/60 windows, 4111/6000 packets
2026-02-10T04:04:57.952227Z  INFO Window 55 [WARMUP]: 82 packets, drift=0.991 | XDP total: 211646, dropped: 0 | warmup 55/60 windows, 4193/6000 packets
2026-02-10T04:05:00.036790Z  INFO Window 56 [WARMUP]: 80 packets, drift=0.990 | XDP total: 215775, dropped: 0 | warmup 56/60 windows, 4273/6000 packets
2026-02-10T04:05:02.108761Z  INFO Window 57 [WARMUP]: 84 packets, drift=0.991 | XDP total: 219879, dropped: 0 | warmup 57/60 windows, 4357/6000 packets
2026-02-10T04:05:04.196080Z  INFO Window 58 [WARMUP]: 83 packets, drift=0.991 | XDP total: 224007, dropped: 0 | warmup 58/60 windows, 4440/6000 packets
2026-02-10T04:05:06.270580Z  INFO Window 59 [WARMUP]: 83 packets, drift=0.991 | XDP total: 228110, dropped: 0 | warmup 59/60 windows, 4523/6000 packets
2026-02-10T04:05:08.344067Z  INFO ========================================
2026-02-10T04:05:08.344082Z  INFO WARMUP COMPLETE - baseline established
2026-02-10T04:05:08.344088Z  INFO   Windows: 60, Packets: 4605
2026-02-10T04:05:08.344094Z  INFO   Detection now active!
2026-02-10T04:05:08.344099Z  INFO ========================================
2026-02-10T04:05:08.344108Z  INFO Window 60: 82 packets, drift=0.991 | XDP total: 232210, dropped: 0
2026-02-10T04:05:08.344114Z  INFO     Status: NORMAL (drift above threshold)
2026-02-10T04:05:10.413281Z  INFO Window 61: 82 packets, drift=0.991 | XDP total: 236295, dropped: 0
2026-02-10T04:05:10.413300Z  INFO     Status: NORMAL (drift above threshold)
2026-02-10T04:05:12.497303Z  INFO Window 62: 82 packets, drift=0.991 | XDP total: 240410, dropped: 0
2026-02-10T04:05:12.497319Z  INFO     Status: NORMAL (drift above threshold)
2026-02-10T04:05:14.569303Z  INFO Window 63: 83 packets, drift=0.991 | XDP total: 244517, dropped: 0
2026-02-10T04:05:14.569316Z  INFO     Status: NORMAL (drift above threshold)
2026-02-10T04:05:16.652570Z  INFO Window 64: 81 packets, drift=0.991 | XDP total: 248637, dropped: 0
2026-02-10T04:05:16.652589Z  INFO     Status: NORMAL (drift above threshold)
2026-02-10T04:05:18.734863Z  INFO Window 65: 82 packets, drift=0.991 | XDP total: 252768, dropped: 0
2026-02-10T04:05:18.734873Z  INFO     Status: NORMAL (drift above threshold)
2026-02-10T04:05:20.810943Z  INFO Window 66: 83 packets, drift=0.991 | XDP total: 256876, dropped: 0
2026-02-10T04:05:20.810955Z  INFO     Status: NORMAL (drift above threshold)
2026-02-10T04:05:22.888921Z  INFO Window 67: 84 packets, drift=0.991 | XDP total: 260995, dropped: 0
2026-02-10T04:05:22.888940Z  INFO     Status: NORMAL (drift above threshold)
2026-02-10T04:05:24.966802Z  INFO Window 68: 81 packets, drift=0.991 | XDP total: 265103, dropped: 0
2026-02-10T04:05:24.966821Z  INFO     Status: NORMAL (drift above threshold)
2026-02-10T04:05:27.054286Z  INFO Window 69: 82 packets, drift=0.991 | XDP total: 269227, dropped: 0
2026-02-10T04:05:27.054303Z  INFO     Status: NORMAL (drift above threshold)
2026-02-10T04:05:29.135193Z  INFO Window 70: 84 packets, drift=0.991 | XDP total: 273342, dropped: 0
2026-02-10T04:05:29.135208Z  INFO     Status: NORMAL (drift above threshold)
2026-02-10T04:05:31.211939Z  INFO Window 71: 80 packets, drift=0.991 | XDP total: 277457, dropped: 0
2026-02-10T04:05:31.211951Z  INFO     Status: NORMAL (drift above threshold)
2026-02-10T04:05:33.298408Z  INFO Window 72: 82 packets, drift=0.991 | XDP total: 281581, dropped: 0
2026-02-10T04:05:33.298416Z  INFO     Status: NORMAL (drift above threshold)
2026-02-10T04:05:35.383817Z  INFO Window 73: 82 packets, drift=0.991 | XDP total: 285695, dropped: 0
2026-02-10T04:05:35.383834Z  INFO     Status: NORMAL (drift above threshold)
2026-02-10T04:05:37.464448Z  INFO Window 74: 83 packets, drift=0.991 | XDP total: 289796, dropped: 0
2026-02-10T04:05:37.464503Z  INFO     Status: NORMAL (drift above threshold)
2026-02-10T04:05:39.534617Z  INFO Window 75: 82 packets, drift=0.991 | XDP total: 293891, dropped: 0
2026-02-10T04:05:39.534634Z  INFO     Status: NORMAL (drift above threshold)
2026-02-10T04:05:41.625633Z  INFO Window 76: 82 packets, drift=0.991 | XDP total: 298035, dropped: 0
2026-02-10T04:05:41.625650Z  INFO     Status: NORMAL (drift above threshold)
2026-02-10T04:05:43.700340Z  INFO Window 77: 83 packets, drift=0.991 | XDP total: 302144, dropped: 0
2026-02-10T04:05:43.700358Z  INFO     Status: NORMAL (drift above threshold)
2026-02-10T04:05:45.782958Z  INFO Window 78: 83 packets, drift=0.991 | XDP total: 306252, dropped: 0
2026-02-10T04:05:45.782974Z  INFO     Status: NORMAL (drift above threshold)
2026-02-10T04:05:47.861798Z  INFO Window 79: 81 packets, drift=0.991 | XDP total: 310375, dropped: 0
2026-02-10T04:05:47.861807Z  INFO     Status: NORMAL (drift above threshold)
2026-02-10T04:05:49.933391Z  INFO Window 80: 82 packets, drift=0.991 | XDP total: 314469, dropped: 0
2026-02-10T04:05:49.933410Z  INFO     Status: NORMAL (drift above threshold)
2026-02-10T04:05:52.023537Z  INFO Window 81: 86 packets, drift=0.991 | XDP total: 318607, dropped: 0
2026-02-10T04:05:52.023553Z  INFO     Status: NORMAL (drift above threshold)
2026-02-10T04:05:54.106026Z  INFO Window 82: 82 packets, drift=0.991 | XDP total: 322725, dropped: 0
2026-02-10T04:05:54.106041Z  INFO     Status: NORMAL (drift above threshold)
2026-02-10T04:05:56.188840Z  INFO Window 83: 82 packets, drift=0.991 | XDP total: 326842, dropped: 0
2026-02-10T04:05:56.188856Z  INFO     Status: NORMAL (drift above threshold)
2026-02-10T04:05:58.263423Z  INFO Window 84: 81 packets, drift=0.991 | XDP total: 330952, dropped: 0
2026-02-10T04:05:58.263433Z  INFO     Status: NORMAL (drift above threshold)
2026-02-10T04:06:00.337320Z  INFO Window 85: 83 packets, drift=0.991 | XDP total: 335049, dropped: 0
2026-02-10T04:06:00.337336Z  INFO     Status: NORMAL (drift above threshold)
2026-02-10T04:06:02.406275Z  INFO Window 86: 80 packets, drift=0.991 | XDP total: 339147, dropped: 0
2026-02-10T04:06:02.406284Z  INFO     Status: NORMAL (drift above threshold)
2026-02-10T04:06:04.490688Z  INFO Window 87: 82 packets, drift=0.991 | XDP total: 343280, dropped: 0
2026-02-10T04:06:04.490706Z  INFO     Status: NORMAL (drift above threshold)
2026-02-10T04:06:06.569358Z  INFO Window 88: 82 packets, drift=0.991 | XDP total: 347381, dropped: 0
2026-02-10T04:06:06.569376Z  INFO     Status: NORMAL (drift above threshold)
2026-02-10T04:06:08.655680Z  INFO Window 89: 83 packets, drift=0.991 | XDP total: 351517, dropped: 0
2026-02-10T04:06:08.655697Z  INFO     Status: NORMAL (drift above threshold)
2026-02-10T04:06:10.723441Z  INFO Window 90: 81 packets, drift=0.991 | XDP total: 355611, dropped: 0
2026-02-10T04:06:10.723457Z  INFO     Status: NORMAL (drift above threshold)
2026-02-10T04:06:12.801294Z  INFO Window 91: 84 packets, drift=0.991 | XDP total: 359732, dropped: 0
2026-02-10T04:06:12.801312Z  INFO     Status: NORMAL (drift above threshold)
2026-02-10T04:06:14.873524Z  INFO Window 92: 81 packets, drift=0.991 | XDP total: 363826, dropped: 0
2026-02-10T04:06:14.873540Z  INFO     Status: NORMAL (drift above threshold)
2026-02-10T04:06:16.940269Z  INFO Window 93: 81 packets, drift=0.991 | XDP total: 367905, dropped: 0
2026-02-10T04:06:16.940282Z  INFO     Status: NORMAL (drift above threshold)
2026-02-10T04:06:19.020720Z  INFO Window 94: 82 packets, drift=0.991 | XDP total: 372026, dropped: 0
2026-02-10T04:06:19.020738Z  INFO     Status: NORMAL (drift above threshold)
2026-02-10T04:06:21.100824Z  INFO Window 95: 84 packets, drift=0.991 | XDP total: 376138, dropped: 0
2026-02-10T04:06:21.100845Z  INFO     Status: NORMAL (drift above threshold)
2026-02-10T04:06:23.184989Z  INFO Window 96: 83 packets, drift=0.991 | XDP total: 380275, dropped: 0
2026-02-10T04:06:23.185009Z  INFO     Status: NORMAL (drift above threshold)
2026-02-10T04:06:25.256223Z  INFO Window 97: 82 packets, drift=0.991 | XDP total: 384375, dropped: 0
2026-02-10T04:06:25.256242Z  INFO     Status: NORMAL (drift above threshold)
2026-02-10T04:06:27.335450Z  INFO Window 98: 83 packets, drift=0.991 | XDP total: 388479, dropped: 0
2026-02-10T04:06:27.335469Z  INFO     Status: NORMAL (drift above threshold)
2026-02-10T04:06:29.422895Z  INFO Window 99: 80 packets, drift=0.991 | XDP total: 392606, dropped: 0
2026-02-10T04:06:29.422919Z  INFO     Status: NORMAL (drift above threshold)
2026-02-10T04:06:31.507969Z  INFO Window 100: 84 packets, drift=0.991 | XDP total: 396729, dropped: 0
2026-02-10T04:06:31.507978Z  INFO     Status: NORMAL (drift above threshold)
2026-02-10T04:06:33.576585Z  INFO Window 101: 82 packets, drift=0.991 | XDP total: 400818, dropped: 0
2026-02-10T04:06:33.576602Z  INFO     Status: NORMAL (drift above threshold)
2026-02-10T04:06:35.668137Z  INFO Window 102: 82 packets, drift=0.991 | XDP total: 404955, dropped: 0
2026-02-10T04:06:35.668155Z  INFO     Status: NORMAL (drift above threshold)
2026-02-10T04:06:37.751888Z  INFO Window 103: 83 packets, drift=0.991 | XDP total: 409076, dropped: 0
2026-02-10T04:06:37.751905Z  INFO     Status: NORMAL (drift above threshold)
2026-02-10T04:06:39.834357Z  INFO Window 104: 83 packets, drift=0.991 | XDP total: 413190, dropped: 0
2026-02-10T04:06:39.834375Z  INFO     Status: NORMAL (drift above threshold)
2026-02-10T04:06:41.910900Z  INFO Window 105: 81 packets, drift=0.991 | XDP total: 417289, dropped: 0
2026-02-10T04:06:41.910917Z  INFO     Status: NORMAL (drift above threshold)
2026-02-10T04:06:43.998504Z  INFO Window 106: 85 packets, drift=0.991 | XDP total: 421418, dropped: 0
2026-02-10T04:06:43.998515Z  INFO     Status: NORMAL (drift above threshold)
2026-02-10T04:06:46.073181Z  INFO Window 107: 80 packets, drift=0.991 | XDP total: 425513, dropped: 0
2026-02-10T04:06:46.073201Z  INFO     Status: NORMAL (drift above threshold)
2026-02-10T04:06:48.157283Z  INFO Window 108: 81 packets, drift=0.991 | XDP total: 429633, dropped: 0
2026-02-10T04:06:48.157293Z  INFO     Status: NORMAL (drift above threshold)
2026-02-10T04:06:50.235892Z  INFO Window 109: 84 packets, drift=0.991 | XDP total: 433756, dropped: 0
2026-02-10T04:06:50.235908Z  INFO     Status: NORMAL (drift above threshold)
2026-02-10T04:06:52.314772Z  INFO Window 110: 82 packets, drift=0.991 | XDP total: 437865, dropped: 0
2026-02-10T04:06:52.314791Z  INFO     Status: NORMAL (drift above threshold)
2026-02-10T04:06:54.391567Z  INFO Window 111: 83 packets, drift=0.991 | XDP total: 441973, dropped: 0
2026-02-10T04:06:54.391586Z  INFO     Status: NORMAL (drift above threshold)
2026-02-10T04:06:56.472930Z  INFO Window 112: 81 packets, drift=0.991 | XDP total: 446088, dropped: 0
2026-02-10T04:06:56.472946Z  INFO     Status: NORMAL (drift above threshold)
2026-02-10T04:06:58.562938Z  INFO Window 113: 82 packets, drift=0.991 | XDP total: 450208, dropped: 0
2026-02-10T04:06:58.562956Z  INFO     Status: NORMAL (drift above threshold)
2026-02-10T04:07:00.648561Z  INFO Window 114: 82 packets, drift=0.991 | XDP total: 454323, dropped: 0
2026-02-10T04:07:00.648576Z  INFO     Status: NORMAL (drift above threshold)
2026-02-10T04:07:02.727706Z  INFO Window 115: 82 packets, drift=0.991 | XDP total: 458427, dropped: 0
2026-02-10T04:07:02.727725Z  INFO     Status: NORMAL (drift above threshold)
2026-02-10T04:07:04.802171Z  INFO Window 116: 83 packets, drift=0.991 | XDP total: 462538, dropped: 0
2026-02-10T04:07:04.802191Z  INFO     Status: NORMAL (drift above threshold)
2026-02-10T04:07:06.869125Z  INFO Window 117: 81 packets, drift=0.991 | XDP total: 466612, dropped: 0
2026-02-10T04:07:06.869140Z  INFO     Status: NORMAL (drift above threshold)
2026-02-10T04:07:08.942388Z  INFO Window 118: 81 packets, drift=0.991 | XDP total: 470704, dropped: 0
2026-02-10T04:07:08.942408Z  INFO     Status: NORMAL (drift above threshold)
2026-02-10T04:07:11.007739Z  INFO Window 119: 82 packets, drift=0.991 | XDP total: 474779, dropped: 0
2026-02-10T04:07:11.007749Z  INFO     Status: NORMAL (drift above threshold)
2026-02-10T04:07:13.090190Z  INFO Window 120: 83 packets, drift=0.991 | XDP total: 478903, dropped: 0
2026-02-10T04:07:13.090208Z  INFO     Status: NORMAL (drift above threshold)
2026-02-10T04:07:15.178129Z  INFO Window 121: 84 packets, drift=0.991 | XDP total: 483038, dropped: 0
2026-02-10T04:07:15.178151Z  INFO     Status: NORMAL (drift above threshold)
2026-02-10T04:07:17.257184Z  INFO Window 122: 81 packets, drift=0.991 | XDP total: 487149, dropped: 0
2026-02-10T04:07:17.257194Z  INFO     Status: NORMAL (drift above threshold)
2026-02-10T04:07:19.341146Z  INFO Window 123: 83 packets, drift=0.991 | XDP total: 491268, dropped: 0
2026-02-10T04:07:19.341162Z  INFO     Status: NORMAL (drift above threshold)
2026-02-10T04:07:21.422805Z  INFO Window 124: 82 packets, drift=0.991 | XDP total: 495383, dropped: 0
2026-02-10T04:07:21.422814Z  INFO     Status: NORMAL (drift above threshold)
2026-02-10T04:07:23.492613Z  INFO Window 125: 82 packets, drift=0.991 | XDP total: 499476, dropped: 0
2026-02-10T04:07:23.492622Z  INFO     Status: NORMAL (drift above threshold)
2026-02-10T04:07:25.563125Z  INFO Window 126: 82 packets, drift=0.991 | XDP total: 503565, dropped: 0
2026-02-10T04:07:25.563145Z  INFO     Status: NORMAL (drift above threshold)
2026-02-10T04:07:27.642732Z  INFO Window 127: 82 packets, drift=0.991 | XDP total: 507680, dropped: 0
2026-02-10T04:07:27.642787Z  INFO     Status: NORMAL (drift above threshold)
2026-02-10T04:07:29.719593Z  INFO Window 128: 82 packets, drift=0.991 | XDP total: 511788, dropped: 0
2026-02-10T04:07:29.719611Z  INFO     Status: NORMAL (drift above threshold)
2026-02-10T04:07:31.804183Z  INFO Window 129: 83 packets, drift=0.991 | XDP total: 515912, dropped: 0
2026-02-10T04:07:31.804200Z  INFO     Status: NORMAL (drift above threshold)
2026-02-10T04:07:33.882757Z  INFO Window 130: 84 packets, drift=0.991 | XDP total: 520025, dropped: 0
2026-02-10T04:07:33.882769Z  INFO     Status: NORMAL (drift above threshold)
2026-02-10T04:07:35.952751Z  INFO Window 131: 82 packets, drift=0.991 | XDP total: 524114, dropped: 0
2026-02-10T04:07:35.952768Z  INFO     Status: NORMAL (drift above threshold)
2026-02-10T04:07:38.037604Z  INFO Window 132: 82 packets, drift=0.991 | XDP total: 528242, dropped: 0
2026-02-10T04:07:38.037623Z  INFO     Status: NORMAL (drift above threshold)
2026-02-10T04:07:40.118615Z  INFO Window 133: 80 packets, drift=0.991 | XDP total: 532355, dropped: 0
2026-02-10T04:07:40.118638Z  INFO     Status: NORMAL (drift above threshold)
2026-02-10T04:07:42.192064Z  INFO Window 134: 83 packets, drift=0.991 | XDP total: 536443, dropped: 0
2026-02-10T04:07:42.192080Z  INFO     Status: NORMAL (drift above threshold)
2026-02-10T04:07:44.275236Z  INFO Window 135: 84 packets, drift=0.991 | XDP total: 540571, dropped: 0
2026-02-10T04:07:44.275256Z  INFO     Status: NORMAL (drift above threshold)
2026-02-10T04:07:46.347216Z  INFO Window 136: 79 packets, drift=0.991 | XDP total: 544665, dropped: 0
2026-02-10T04:07:46.347227Z  INFO     Status: NORMAL (drift above threshold)
2026-02-10T04:07:48.420468Z  INFO Window 137: 83 packets, drift=0.991 | XDP total: 548766, dropped: 0
2026-02-10T04:07:48.420478Z  INFO     Status: NORMAL (drift above threshold)
2026-02-10T04:07:50.493732Z  INFO Window 138: 81 packets, drift=0.991 | XDP total: 552868, dropped: 0
2026-02-10T04:07:50.493740Z  INFO     Status: NORMAL (drift above threshold)
2026-02-10T04:07:52.568421Z  INFO Window 139: 82 packets, drift=0.991 | XDP total: 556961, dropped: 0
2026-02-10T04:07:52.568438Z  INFO     Status: NORMAL (drift above threshold)
2026-02-10T04:07:54.636678Z  INFO Window 140: 83 packets, drift=0.991 | XDP total: 561060, dropped: 0
2026-02-10T04:07:54.636698Z  INFO     Status: NORMAL (drift above threshold)
2026-02-10T04:07:56.718566Z  INFO Window 141: 84 packets, drift=0.991 | XDP total: 565177, dropped: 0
2026-02-10T04:07:56.718577Z  INFO     Status: NORMAL (drift above threshold)
2026-02-10T04:07:58.798877Z  INFO Window 142: 80 packets, drift=0.991 | XDP total: 569275, dropped: 0
2026-02-10T04:07:58.798900Z  INFO     Status: NORMAL (drift above threshold)
2026-02-10T04:08:00.876927Z  INFO Window 143: 80 packets, drift=0.991 | XDP total: 573369, dropped: 0
2026-02-10T04:08:00.876938Z  INFO     Status: NORMAL (drift above threshold)
2026-02-10T04:08:02.950747Z  INFO Window 144: 83 packets, drift=0.991 | XDP total: 577477, dropped: 0
2026-02-10T04:08:02.950763Z  INFO     Status: NORMAL (drift above threshold)
2026-02-10T04:08:05.030082Z  INFO Window 145: 81 packets, drift=0.991 | XDP total: 581567, dropped: 0
2026-02-10T04:08:05.030102Z  INFO     Status: NORMAL (drift above threshold)
2026-02-10T04:08:07.105417Z  INFO Window 146: 83 packets, drift=0.991 | XDP total: 585665, dropped: 0
2026-02-10T04:08:07.105430Z  INFO     Status: NORMAL (drift above threshold)
2026-02-10T04:08:09.187184Z  INFO Window 147: 82 packets, drift=0.991 | XDP total: 589787, dropped: 0
2026-02-10T04:08:09.187206Z  INFO     Status: NORMAL (drift above threshold)
2026-02-10T04:08:11.194233Z  INFO Window 148: 5681 packets, drift=0.555 | XDP total: 874479, dropped: 0
2026-02-10T04:08:11.194245Z  WARN >>> ANOMALY DETECTED: drift=0.555 (threshold=0.7)
2026-02-10T04:08:11.194250Z  WARN     Concentrated: dst_ip=10.100.0.2 (100.0%)
2026-02-10T04:08:11.194254Z  WARN     Concentrated: protocol=17 (100.0%)
2026-02-10T04:08:11.194256Z  WARN     Concentrated: dst_port=9999 (98.8%)
2026-02-10T04:08:11.194267Z  INFO Added rule: DstPort -> Drop
2026-02-10T04:08:11.194270Z  WARN     ADDED DROP RULE: DstPort=9999
2026-02-10T04:08:11.194273Z  WARN     Concentrated: src_ip=10.0.0.100 (98.8%)
2026-02-10T04:08:11.194278Z  INFO Added rule: SrcIp -> Drop
2026-02-10T04:08:11.194281Z  WARN     ADDED DROP RULE: SrcIp=10.0.0.100
2026-02-10T04:08:13.201381Z  INFO Window 149: 66000 packets, drift=0.781 | XDP total: 1990638, dropped: 1116094
2026-02-10T04:08:13.201395Z  INFO     Status: NORMAL (drift above threshold)
2026-02-10T04:08:15.220289Z  INFO Window 150: 78000 packets, drift=0.904 | XDP total: 3058183, dropped: 2183637
2026-02-10T04:08:15.220299Z  INFO     Status: NORMAL (drift above threshold)
2026-02-10T04:08:17.254385Z  INFO Window 151: 81000 packets, drift=0.958 | XDP total: 4082557, dropped: 3208012
2026-02-10T04:08:17.254396Z  INFO     Status: NORMAL (drift above threshold)
2026-02-10T04:08:19.262916Z  INFO Window 152: 85000 packets, drift=0.981 | XDP total: 5062174, dropped: 4187629
2026-02-10T04:08:19.262925Z  INFO     Status: NORMAL (drift above threshold)
2026-02-10T04:08:21.281487Z  INFO Window 153: 89000 packets, drift=0.991 | XDP total: 6041755, dropped: 5167209
2026-02-10T04:08:21.281498Z  INFO     Status: NORMAL (drift above threshold)
2026-02-10T04:08:23.306788Z  INFO Window 154: 77000 packets, drift=0.996 | XDP total: 7104263, dropped: 6229720
2026-02-10T04:08:23.306800Z  INFO     Status: NORMAL (drift above threshold)
2026-02-10T04:08:25.327020Z  INFO Window 155: 82000 packets, drift=0.998 | XDP total: 8121399, dropped: 7246853
2026-02-10T04:08:25.327029Z  INFO     Status: NORMAL (drift above threshold)
2026-02-10T04:08:27.351209Z  INFO Window 156: 82000 packets, drift=0.999 | XDP total: 9102671, dropped: 8228127
2026-02-10T04:08:27.351222Z  INFO     Status: NORMAL (drift above threshold)
2026-02-10T04:08:29.377693Z  INFO Window 157: 76000 packets, drift=1.000 | XDP total: 10135733, dropped: 9261189
2026-02-10T04:08:29.377704Z  INFO     Status: NORMAL (drift above threshold)
2026-02-10T04:08:31.402652Z  INFO Window 158: 80000 packets, drift=1.000 | XDP total: 11342050, dropped: 10467506
2026-02-10T04:08:31.402668Z  INFO     Status: NORMAL (drift above threshold)
2026-02-10T04:08:33.423362Z  INFO Window 159: 84000 packets, drift=1.000 | XDP total: 12540163, dropped: 11665618
2026-02-10T04:08:33.423371Z  INFO     Status: NORMAL (drift above threshold)
2026-02-10T04:08:35.427978Z  INFO Window 160: 79000 packets, drift=1.000 | XDP total: 13586178, dropped: 12711632
2026-02-10T04:08:35.427987Z  INFO     Status: NORMAL (drift above threshold)
2026-02-10T04:08:37.446565Z  INFO Window 161: 70000 packets, drift=1.000 | XDP total: 14596115, dropped: 13721571
2026-02-10T04:08:37.446577Z  INFO     Status: NORMAL (drift above threshold)
2026-02-10T04:08:39.485195Z  INFO Window 162: 73000 packets, drift=1.000 | XDP total: 15620186, dropped: 14745642
2026-02-10T04:08:39.485210Z  INFO     Status: NORMAL (drift above threshold)
2026-02-10T04:08:41.555775Z  INFO Window 163: 48677 packets, drift=1.000 | XDP total: 16349506, dropped: 15473724
2026-02-10T04:08:41.555787Z  INFO     Status: NORMAL (drift above threshold)
2026-02-10T04:08:41.558300Z  INFO Removed rule: DstPort
2026-02-10T04:08:41.558305Z  INFO <<< EXPIRED RULE: DstPort=9999
2026-02-10T04:08:41.558311Z  INFO Removed rule: SrcIp
2026-02-10T04:08:41.558316Z  INFO <<< EXPIRED RULE: SrcIp=10.0.0.100
2026-02-10T04:08:43.618763Z  INFO Window 164: 81 packets, drift=0.545 | XDP total: 16353582, dropped: 15473724
2026-02-10T04:08:43.618790Z  WARN >>> ANOMALY DETECTED: drift=0.545 (threshold=0.7)
2026-02-10T04:08:43.618801Z  WARN     Concentrated: dst_ip=10.100.0.2 (100.0%)
2026-02-10T04:08:43.618811Z  WARN     Concentrated: protocol=17 (100.0%)
2026-02-10T04:08:43.618817Z  WARN     Concentrated: dst_port=8888 (100.0%)
2026-02-10T04:08:43.618830Z  INFO Added rule: DstPort -> Drop
2026-02-10T04:08:43.618832Z  WARN     ADDED DROP RULE: DstPort=8888
2026-02-10T04:08:45.692956Z  INFO Window 165: 4079 packets, drift=0.738 | XDP total: 16357668, dropped: 15477810
2026-02-10T04:08:45.692979Z  INFO     Status: NORMAL (drift above threshold)
2026-02-10T04:08:47.760923Z  INFO Window 166: 4072 packets, drift=0.863 | XDP total: 16361740, dropped: 15481882
2026-02-10T04:08:47.760941Z  INFO     Status: NORMAL (drift above threshold)
2026-02-10T04:08:49.826563Z  INFO Window 167: 4084 packets, drift=0.933 | XDP total: 16365821, dropped: 15485963
2026-02-10T04:08:49.826571Z  INFO     Status: NORMAL (drift above threshold)
2026-02-10T04:08:51.909616Z  INFO Window 168: 4112 packets, drift=0.968 | XDP total: 16369934, dropped: 15490076
2026-02-10T04:08:51.909627Z  INFO     Status: NORMAL (drift above threshold)
2026-02-10T04:08:53.949766Z  INFO Window 169: 4022 packets, drift=0.985 | XDP total: 16373957, dropped: 15494099
2026-02-10T04:08:53.949778Z  INFO     Status: NORMAL (drift above threshold)
2026-02-10T04:08:56.021513Z  INFO Window 170: 4077 packets, drift=0.993 | XDP total: 16378034, dropped: 15498176
2026-02-10T04:08:56.021523Z  INFO     Status: NORMAL (drift above threshold)
2026-02-10T04:08:58.071702Z  INFO Window 171: 4046 packets, drift=0.996 | XDP total: 16382080, dropped: 15502222
2026-02-10T04:08:58.071713Z  INFO     Status: NORMAL (drift above threshold)
2026-02-10T04:09:00.140877Z  INFO Window 172: 4081 packets, drift=0.998 | XDP total: 16386161, dropped: 15506303
2026-02-10T04:09:00.140890Z  INFO     Status: NORMAL (drift above threshold)
2026-02-10T04:09:02.209288Z  INFO Window 173: 4072 packets, drift=0.999 | XDP total: 16390234, dropped: 15510376
2026-02-10T04:09:02.209299Z  INFO     Status: NORMAL (drift above threshold)
2026-02-10T04:09:04.280150Z  INFO Window 174: 4071 packets, drift=0.999 | XDP total: 16394304, dropped: 15514446
2026-02-10T04:09:04.280160Z  INFO     Status: NORMAL (drift above threshold)
2026-02-10T04:09:06.328375Z  INFO Window 175: 4039 packets, drift=1.000 | XDP total: 16398342, dropped: 15518484
2026-02-10T04:09:06.328387Z  INFO     Status: NORMAL (drift above threshold)
2026-02-10T04:09:08.387630Z  INFO Window 176: 4052 packets, drift=1.000 | XDP total: 16402394, dropped: 15522536
2026-02-10T04:09:08.387643Z  INFO     Status: NORMAL (drift above threshold)
2026-02-10T04:09:10.461398Z  INFO Window 177: 4101 packets, drift=1.000 | XDP total: 16406495, dropped: 15526637
2026-02-10T04:09:10.461408Z  INFO     Status: NORMAL (drift above threshold)
2026-02-10T04:09:12.521700Z  INFO Window 178: 4056 packets, drift=1.000 | XDP total: 16410551, dropped: 15530693
2026-02-10T04:09:12.521713Z  INFO     Status: NORMAL (drift above threshold)
2026-02-10T04:09:14.581150Z  INFO Window 179: 4048 packets, drift=1.000 | XDP total: 16414598, dropped: 15534740
2026-02-10T04:09:14.581161Z  INFO     Status: NORMAL (drift above threshold)
2026-02-10T04:09:14.581666Z  INFO Removed rule: DstPort
2026-02-10T04:09:14.581672Z  INFO <<< EXPIRED RULE: DstPort=8888
2026-02-10T04:09:16.649038Z  INFO Window 180: 88 packets, drift=0.992 | XDP total: 16418683, dropped: 15534741
2026-02-10T04:09:16.649056Z  INFO     Status: NORMAL (drift above threshold)
2026-02-10T04:09:18.727433Z  INFO Window 181: 81 packets, drift=0.992 | XDP total: 16422788, dropped: 15534741
2026-02-10T04:09:18.727453Z  INFO     Status: NORMAL (drift above threshold)
2026-02-10T04:09:20.807447Z  INFO Window 182: 83 packets, drift=0.991 | XDP total: 16426918, dropped: 15534741
2026-02-10T04:09:20.807463Z  INFO     Status: NORMAL (drift above threshold)
2026-02-10T04:09:22.891105Z  INFO Window 183: 82 packets, drift=0.991 | XDP total: 16431029, dropped: 15534741
2026-02-10T04:09:22.891125Z  INFO     Status: NORMAL (drift above threshold)
2026-02-10T04:09:24.972692Z  INFO Window 184: 82 packets, drift=0.991 | XDP total: 16435144, dropped: 15534741
2026-02-10T04:09:24.972709Z  INFO     Status: NORMAL (drift above threshold)
2026-02-10T04:09:27.057239Z  INFO Window 185: 83 packets, drift=0.991 | XDP total: 16439266, dropped: 15534741
2026-02-10T04:09:27.057255Z  INFO     Status: NORMAL (drift above threshold)
2026-02-10T04:09:29.126803Z  INFO Window 186: 81 packets, drift=0.991 | XDP total: 16443348, dropped: 15534741
2026-02-10T04:09:29.126820Z  INFO     Status: NORMAL (drift above threshold)
2026-02-10T04:09:31.199694Z  INFO Window 187: 82 packets, drift=0.991 | XDP total: 16447434, dropped: 15534741
2026-02-10T04:09:31.199708Z  INFO     Status: NORMAL (drift above threshold)
2026-02-10T04:09:33.282423Z  INFO Window 188: 83 packets, drift=0.991 | XDP total: 16451547, dropped: 15534741
2026-02-10T04:09:33.282441Z  INFO     Status: NORMAL (drift above threshold)
2026-02-10T04:09:35.349190Z  INFO Window 189: 80 packets, drift=0.991 | XDP total: 16455634, dropped: 15534741
2026-02-10T04:09:35.349199Z  INFO     Status: NORMAL (drift above threshold)
2026-02-10T04:09:37.414066Z  INFO Window 190: 81 packets, drift=0.991 | XDP total: 16459706, dropped: 15534741
2026-02-10T04:09:37.414084Z  INFO     Status: NORMAL (drift above threshold)
2026-02-10T04:09:39.486753Z  INFO Window 191: 82 packets, drift=0.991 | XDP total: 16463802, dropped: 15534741
2026-02-10T04:09:39.486768Z  INFO     Status: NORMAL (drift above threshold)
2026-02-10T04:09:41.567872Z  INFO Window 192: 83 packets, drift=0.991 | XDP total: 16467927, dropped: 15534741
2026-02-10T04:09:41.567887Z  INFO     Status: NORMAL (drift above threshold)
2026-02-10T04:09:43.653969Z  INFO Window 193: 82 packets, drift=0.991 | XDP total: 16472049, dropped: 15534741
2026-02-10T04:09:43.653987Z  INFO     Status: NORMAL (drift above threshold)
