2026-02-10T03:42:58.312035Z  INFO Veth Lab Sidecar - Holon Anomaly Detection
2026-02-10T03:42:58.312046Z  INFO   Interface: veth-filter
2026-02-10T03:42:58.312053Z  INFO   Window: 2s
2026-02-10T03:42:58.312061Z  INFO   Drift threshold: 0.7
2026-02-10T03:42:58.312065Z  INFO   Concentration threshold: 0.5
2026-02-10T03:42:58.312069Z  INFO   Enforce mode: true
2026-02-10T03:42:58.312072Z  INFO   Dimensions: 4096
2026-02-10T03:42:58.312076Z  INFO   Warmup: 60 windows / 6000 packets
2026-02-10T03:42:58.312079Z  INFO   Sample rate: 1 in 100 packets
2026-02-10T03:42:58.312084Z  INFO   Log file: "logs/sidecar_20260209_194258.log"
2026-02-10T03:42:58.312090Z  INFO 
2026-02-10T03:42:58.312094Z  INFO Loading veth-filter XDP program for veth-filter
2026-02-10T03:42:58.363174Z  INFO XDP program loaded
2026-02-10T03:42:58.372737Z  INFO XDP program attached to veth-filter in default mode
2026-02-10T03:42:58.372764Z  INFO Sample rate set to 100
2026-02-10T03:42:58.372768Z  INFO Enforce mode set to true
2026-02-10T03:42:58.372812Z  INFO Holon initialized with 4096 dimensions
2026-02-10T03:42:58.372853Z  INFO Starting perf readers on 14 CPUs
2026-02-10T03:42:58.373577Z  INFO Starting detection loop...
2026-02-10T03:42:58.373586Z  INFO   Warmup: 60 windows or 6000 packets
2026-02-10T03:42:58.373590Z  INFO 
2026-02-10T03:43:00.448004Z  INFO Window 1 [WARMUP]: 35 packets, drift=0.000 | XDP total: 4077, dropped: 0 | warmup 1/60 windows, 35/6000 packets
2026-02-10T03:43:02.526599Z  INFO Window 2 [WARMUP]: 40 packets, drift=0.967 | XDP total: 8183, dropped: 0 | warmup 2/60 windows, 75/6000 packets
2026-02-10T03:43:04.600922Z  INFO Window 3 [WARMUP]: 42 packets, drift=0.976 | XDP total: 12278, dropped: 0 | warmup 3/60 windows, 117/6000 packets
2026-02-10T03:43:06.674163Z  INFO Window 4 [WARMUP]: 40 packets, drift=0.979 | XDP total: 16366, dropped: 0 | warmup 4/60 windows, 157/6000 packets
2026-02-10T03:43:08.753746Z  INFO Window 5 [WARMUP]: 42 packets, drift=0.980 | XDP total: 20480, dropped: 0 | warmup 5/60 windows, 199/6000 packets
2026-02-10T03:43:10.823934Z  INFO Window 6 [WARMUP]: 38 packets, drift=0.980 | XDP total: 24586, dropped: 0 | warmup 6/60 windows, 237/6000 packets
2026-02-10T03:43:12.898000Z  INFO Window 7 [WARMUP]: 43 packets, drift=0.983 | XDP total: 28692, dropped: 0 | warmup 7/60 windows, 280/6000 packets
2026-02-10T03:43:14.971311Z  INFO Window 8 [WARMUP]: 39 packets, drift=0.981 | XDP total: 32778, dropped: 0 | warmup 8/60 windows, 319/6000 packets
2026-02-10T03:43:17.040283Z  INFO Window 9 [WARMUP]: 43 packets, drift=0.983 | XDP total: 36855, dropped: 0 | warmup 9/60 windows, 362/6000 packets
2026-02-10T03:43:19.104505Z  INFO Window 10 [WARMUP]: 40 packets, drift=0.982 | XDP total: 40926, dropped: 0 | warmup 10/60 windows, 402/6000 packets
2026-02-10T03:43:21.174536Z  INFO Window 11 [WARMUP]: 41 packets, drift=0.982 | XDP total: 45016, dropped: 0 | warmup 11/60 windows, 443/6000 packets
2026-02-10T03:43:23.238942Z  INFO Window 12 [WARMUP]: 39 packets, drift=0.981 | XDP total: 49099, dropped: 0 | warmup 12/60 windows, 482/6000 packets
2026-02-10T03:43:25.299910Z  INFO Window 13 [WARMUP]: 41 packets, drift=0.982 | XDP total: 53177, dropped: 0 | warmup 13/60 windows, 523/6000 packets
2026-02-10T03:43:27.372095Z  INFO Window 14 [WARMUP]: 42 packets, drift=0.983 | XDP total: 57296, dropped: 0 | warmup 14/60 windows, 565/6000 packets
2026-02-10T03:43:29.446438Z  INFO Window 15 [WARMUP]: 42 packets, drift=0.982 | XDP total: 61409, dropped: 0 | warmup 15/60 windows, 607/6000 packets
2026-02-10T03:43:31.521118Z  INFO Window 16 [WARMUP]: 41 packets, drift=0.982 | XDP total: 65501, dropped: 0 | warmup 16/60 windows, 648/6000 packets
2026-02-10T03:43:33.584537Z  INFO Window 17 [WARMUP]: 40 packets, drift=0.981 | XDP total: 69572, dropped: 0 | warmup 17/60 windows, 688/6000 packets
2026-02-10T03:43:35.652000Z  INFO Window 18 [WARMUP]: 41 packets, drift=0.983 | XDP total: 73668, dropped: 0 | warmup 18/60 windows, 729/6000 packets
2026-02-10T03:43:37.736088Z  INFO Window 19 [WARMUP]: 41 packets, drift=0.982 | XDP total: 77786, dropped: 0 | warmup 19/60 windows, 770/6000 packets
2026-02-10T03:43:39.804837Z  INFO Window 20 [WARMUP]: 42 packets, drift=0.982 | XDP total: 81874, dropped: 0 | warmup 20/60 windows, 812/6000 packets
2026-02-10T03:43:41.889140Z  INFO Window 21 [WARMUP]: 41 packets, drift=0.982 | XDP total: 85990, dropped: 0 | warmup 21/60 windows, 853/6000 packets
2026-02-10T03:43:43.954800Z  INFO Window 22 [WARMUP]: 41 packets, drift=0.983 | XDP total: 90069, dropped: 0 | warmup 22/60 windows, 894/6000 packets
2026-02-10T03:43:46.025119Z  INFO Window 23 [WARMUP]: 40 packets, drift=0.981 | XDP total: 94164, dropped: 0 | warmup 23/60 windows, 934/6000 packets
2026-02-10T03:43:48.096650Z  INFO Window 24 [WARMUP]: 41 packets, drift=0.982 | XDP total: 98273, dropped: 0 | warmup 24/60 windows, 975/6000 packets
2026-02-10T03:43:50.155282Z  INFO Window 25 [WARMUP]: 41 packets, drift=0.983 | XDP total: 102341, dropped: 0 | warmup 25/60 windows, 1016/6000 packets
2026-02-10T03:43:52.238778Z  INFO Window 26 [WARMUP]: 41 packets, drift=0.981 | XDP total: 106450, dropped: 0 | warmup 26/60 windows, 1057/6000 packets
2026-02-10T03:43:54.305448Z  INFO Window 27 [WARMUP]: 40 packets, drift=0.982 | XDP total: 110540, dropped: 0 | warmup 27/60 windows, 1097/6000 packets
2026-02-10T03:43:56.374971Z  INFO Window 28 [WARMUP]: 44 packets, drift=0.983 | XDP total: 114639, dropped: 0 | warmup 28/60 windows, 1141/6000 packets
2026-02-10T03:43:58.446580Z  INFO Window 29 [WARMUP]: 41 packets, drift=0.982 | XDP total: 118746, dropped: 0 | warmup 29/60 windows, 1182/6000 packets
2026-02-10T03:44:00.518467Z  INFO Window 30 [WARMUP]: 39 packets, drift=0.981 | XDP total: 122804, dropped: 0 | warmup 30/60 windows, 1221/6000 packets
2026-02-10T03:44:02.595625Z  INFO Window 31 [WARMUP]: 42 packets, drift=0.983 | XDP total: 126906, dropped: 0 | warmup 31/60 windows, 1263/6000 packets
2026-02-10T03:44:04.663809Z  INFO Window 32 [WARMUP]: 41 packets, drift=0.982 | XDP total: 130997, dropped: 0 | warmup 32/60 windows, 1304/6000 packets
2026-02-10T03:44:06.729536Z  INFO Window 33 [WARMUP]: 40 packets, drift=0.981 | XDP total: 135078, dropped: 0 | warmup 33/60 windows, 1344/6000 packets
2026-02-10T03:44:08.796289Z  INFO Window 34 [WARMUP]: 41 packets, drift=0.983 | XDP total: 139175, dropped: 0 | warmup 34/60 windows, 1385/6000 packets
2026-02-10T03:44:10.876236Z  INFO Window 35 [WARMUP]: 41 packets, drift=0.982 | XDP total: 143294, dropped: 0 | warmup 35/60 windows, 1426/6000 packets
2026-02-10T03:44:12.946595Z  INFO Window 36 [WARMUP]: 41 packets, drift=0.983 | XDP total: 147395, dropped: 0 | warmup 36/60 windows, 1467/6000 packets
2026-02-10T03:44:15.016935Z  INFO Window 37 [WARMUP]: 41 packets, drift=0.982 | XDP total: 151503, dropped: 0 | warmup 37/60 windows, 1508/6000 packets
2026-02-10T03:44:17.095147Z  INFO Window 38 [WARMUP]: 41 packets, drift=0.983 | XDP total: 155617, dropped: 0 | warmup 38/60 windows, 1549/6000 packets
2026-02-10T03:44:19.163631Z  INFO Window 39 [WARMUP]: 40 packets, drift=0.982 | XDP total: 159717, dropped: 0 | warmup 39/60 windows, 1589/6000 packets
2026-02-10T03:44:21.224339Z  INFO Window 40 [WARMUP]: 43 packets, drift=0.983 | XDP total: 163785, dropped: 0 | warmup 40/60 windows, 1632/6000 packets
2026-02-10T03:44:23.292234Z  INFO Window 41 [WARMUP]: 39 packets, drift=0.981 | XDP total: 167865, dropped: 0 | warmup 41/60 windows, 1671/6000 packets
2026-02-10T03:44:25.363157Z  INFO Window 42 [WARMUP]: 41 packets, drift=0.982 | XDP total: 171950, dropped: 0 | warmup 42/60 windows, 1712/6000 packets
2026-02-10T03:44:27.442216Z  INFO Window 43 [WARMUP]: 41 packets, drift=0.982 | XDP total: 176057, dropped: 0 | warmup 43/60 windows, 1753/6000 packets
2026-02-10T03:44:29.512170Z  INFO Window 44 [WARMUP]: 41 packets, drift=0.982 | XDP total: 180142, dropped: 0 | warmup 44/60 windows, 1794/6000 packets
2026-02-10T03:44:31.577105Z  INFO Window 45 [WARMUP]: 40 packets, drift=0.982 | XDP total: 184219, dropped: 0 | warmup 45/60 windows, 1834/6000 packets
2026-02-10T03:44:33.651654Z  INFO Window 46 [WARMUP]: 42 packets, drift=0.983 | XDP total: 188323, dropped: 0 | warmup 46/60 windows, 1876/6000 packets
2026-02-10T03:44:35.723042Z  INFO Window 47 [WARMUP]: 41 packets, drift=0.982 | XDP total: 192426, dropped: 0 | warmup 47/60 windows, 1917/6000 packets
2026-02-10T03:44:37.793516Z  INFO Window 48 [WARMUP]: 41 packets, drift=0.983 | XDP total: 196512, dropped: 0 | warmup 48/60 windows, 1958/6000 packets
2026-02-10T03:44:39.865624Z  INFO Window 49 [WARMUP]: 40 packets, drift=0.982 | XDP total: 200603, dropped: 0 | warmup 49/60 windows, 1998/6000 packets
2026-02-10T03:44:41.934002Z  INFO Window 50 [WARMUP]: 42 packets, drift=0.983 | XDP total: 204686, dropped: 0 | warmup 50/60 windows, 2040/6000 packets
2026-02-10T03:44:44.003625Z  INFO Window 51 [WARMUP]: 41 packets, drift=0.982 | XDP total: 208778, dropped: 0 | warmup 51/60 windows, 2081/6000 packets
2026-02-10T03:44:46.069334Z  INFO Window 52 [WARMUP]: 40 packets, drift=0.982 | XDP total: 212879, dropped: 0 | warmup 52/60 windows, 2121/6000 packets
2026-02-10T03:44:48.134878Z  INFO Window 53 [WARMUP]: 42 packets, drift=0.983 | XDP total: 216949, dropped: 0 | warmup 53/60 windows, 2163/6000 packets
2026-02-10T03:44:50.217351Z  INFO Window 54 [WARMUP]: 40 packets, drift=0.983 | XDP total: 221079, dropped: 0 | warmup 54/60 windows, 2203/6000 packets
2026-02-10T03:44:52.281517Z  INFO Window 55 [WARMUP]: 41 packets, drift=0.982 | XDP total: 225145, dropped: 0 | warmup 55/60 windows, 2244/6000 packets
2026-02-10T03:44:54.346029Z  INFO Window 56 [WARMUP]: 41 packets, drift=0.982 | XDP total: 229239, dropped: 0 | warmup 56/60 windows, 2285/6000 packets
2026-02-10T03:44:56.417267Z  INFO Window 57 [WARMUP]: 40 packets, drift=0.982 | XDP total: 233348, dropped: 0 | warmup 57/60 windows, 2325/6000 packets
2026-02-10T03:44:58.479185Z  INFO Window 58 [WARMUP]: 41 packets, drift=0.982 | XDP total: 237423, dropped: 0 | warmup 58/60 windows, 2366/6000 packets
2026-02-10T03:45:00.552489Z  INFO Window 59 [WARMUP]: 41 packets, drift=0.982 | XDP total: 241517, dropped: 0 | warmup 59/60 windows, 2407/6000 packets
2026-02-10T03:45:02.628411Z  INFO ========================================
2026-02-10T03:45:02.628419Z  INFO WARMUP COMPLETE - baseline established
2026-02-10T03:45:02.628421Z  INFO   Windows: 60, Packets: 2447
2026-02-10T03:45:02.628423Z  INFO   Detection now active!
2026-02-10T03:45:02.628425Z  INFO ========================================
2026-02-10T03:45:02.628429Z  INFO Window 60: 40 packets, drift=0.981 | XDP total: 245631, dropped: 0
2026-02-10T03:45:02.628431Z  INFO     Status: NORMAL (drift above threshold)
2026-02-10T03:45:04.703451Z  INFO Window 61: 44 packets, drift=0.982 | XDP total: 249746, dropped: 0
2026-02-10T03:45:04.703473Z  INFO     Status: NORMAL (drift above threshold)
2026-02-10T03:45:06.772487Z  INFO Window 62: 41 packets, drift=0.982 | XDP total: 253830, dropped: 0
2026-02-10T03:45:06.772499Z  INFO     Status: NORMAL (drift above threshold)
2026-02-10T03:45:08.834526Z  INFO Window 63: 41 packets, drift=0.983 | XDP total: 257912, dropped: 0
2026-02-10T03:45:08.834543Z  INFO     Status: NORMAL (drift above threshold)
2026-02-10T03:45:10.902953Z  INFO Window 64: 39 packets, drift=0.981 | XDP total: 262009, dropped: 0
2026-02-10T03:45:10.902972Z  INFO     Status: NORMAL (drift above threshold)
2026-02-10T03:45:12.972292Z  INFO Window 65: 42 packets, drift=0.982 | XDP total: 266086, dropped: 0
2026-02-10T03:45:12.972308Z  INFO     Status: NORMAL (drift above threshold)
2026-02-10T03:45:15.045932Z  INFO Window 66: 38 packets, drift=0.981 | XDP total: 270179, dropped: 0
2026-02-10T03:45:15.045952Z  INFO     Status: NORMAL (drift above threshold)
2026-02-10T03:45:17.111363Z  INFO Window 67: 44 packets, drift=0.982 | XDP total: 274265, dropped: 0
2026-02-10T03:45:17.111381Z  INFO     Status: NORMAL (drift above threshold)
2026-02-10T03:45:19.181741Z  INFO Window 68: 41 packets, drift=0.982 | XDP total: 278337, dropped: 0
2026-02-10T03:45:19.181758Z  INFO     Status: NORMAL (drift above threshold)
2026-02-10T03:45:21.251503Z  INFO Window 69: 40 packets, drift=0.982 | XDP total: 282420, dropped: 0
2026-02-10T03:45:21.251521Z  INFO     Status: NORMAL (drift above threshold)
2026-02-10T03:45:23.306987Z  INFO Window 70: 40 packets, drift=0.982 | XDP total: 286495, dropped: 0
2026-02-10T03:45:23.307006Z  INFO     Status: NORMAL (drift above threshold)
2026-02-10T03:45:25.371259Z  INFO Window 71: 41 packets, drift=0.982 | XDP total: 290572, dropped: 0
2026-02-10T03:45:25.371269Z  INFO     Status: NORMAL (drift above threshold)
2026-02-10T03:45:27.446502Z  INFO Window 72: 41 packets, drift=0.982 | XDP total: 294680, dropped: 0
2026-02-10T03:45:27.446519Z  INFO     Status: NORMAL (drift above threshold)
2026-02-10T03:45:29.517344Z  INFO Window 73: 42 packets, drift=0.983 | XDP total: 298772, dropped: 0
2026-02-10T03:45:29.517361Z  INFO     Status: NORMAL (drift above threshold)
2026-02-10T03:45:31.587370Z  INFO Window 74: 42 packets, drift=0.983 | XDP total: 302874, dropped: 0
2026-02-10T03:45:31.587380Z  INFO     Status: NORMAL (drift above threshold)
2026-02-10T03:45:33.669695Z  INFO Window 75: 40 packets, drift=0.982 | XDP total: 306988, dropped: 0
2026-02-10T03:45:33.669715Z  INFO     Status: NORMAL (drift above threshold)
2026-02-10T03:45:35.745355Z  INFO Window 76: 41 packets, drift=0.982 | XDP total: 311089, dropped: 0
2026-02-10T03:45:35.745373Z  INFO     Status: NORMAL (drift above threshold)
2026-02-10T03:45:37.821320Z  INFO Window 77: 40 packets, drift=0.983 | XDP total: 315200, dropped: 0
2026-02-10T03:45:37.821337Z  INFO     Status: NORMAL (drift above threshold)
2026-02-10T03:45:39.891324Z  INFO Window 78: 41 packets, drift=0.983 | XDP total: 319282, dropped: 0
2026-02-10T03:45:39.891341Z  INFO     Status: NORMAL (drift above threshold)
2026-02-10T03:45:41.958312Z  INFO Window 79: 40 packets, drift=0.982 | XDP total: 323382, dropped: 0
2026-02-10T03:45:41.958331Z  INFO     Status: NORMAL (drift above threshold)
2026-02-10T03:45:44.014460Z  INFO Window 80: 43 packets, drift=0.983 | XDP total: 327452, dropped: 0
2026-02-10T03:45:44.014470Z  INFO     Status: NORMAL (drift above threshold)
2026-02-10T03:45:46.085695Z  INFO Window 81: 40 packets, drift=0.982 | XDP total: 331553, dropped: 0
2026-02-10T03:45:46.085713Z  INFO     Status: NORMAL (drift above threshold)
2026-02-10T03:45:48.163787Z  INFO Window 82: 41 packets, drift=0.983 | XDP total: 335651, dropped: 0
2026-02-10T03:45:48.163805Z  INFO     Status: NORMAL (drift above threshold)
2026-02-10T03:45:50.241525Z  INFO Window 83: 42 packets, drift=0.981 | XDP total: 339767, dropped: 0
2026-02-10T03:45:50.241543Z  INFO     Status: NORMAL (drift above threshold)
2026-02-10T03:45:52.315094Z  INFO Window 84: 40 packets, drift=0.982 | XDP total: 343867, dropped: 0
2026-02-10T03:45:52.315113Z  INFO     Status: NORMAL (drift above threshold)
2026-02-10T03:45:54.382942Z  INFO Window 85: 40 packets, drift=0.982 | XDP total: 347962, dropped: 0
2026-02-10T03:45:54.382961Z  INFO     Status: NORMAL (drift above threshold)
2026-02-10T03:45:56.450914Z  INFO Window 86: 41 packets, drift=0.983 | XDP total: 352040, dropped: 0
2026-02-10T03:45:56.450933Z  INFO     Status: NORMAL (drift above threshold)
2026-02-10T03:45:58.523908Z  INFO Window 87: 41 packets, drift=0.982 | XDP total: 356142, dropped: 0
2026-02-10T03:45:58.523917Z  INFO     Status: NORMAL (drift above threshold)
2026-02-10T03:46:00.605921Z  INFO Window 88: 41 packets, drift=0.982 | XDP total: 360257, dropped: 0
2026-02-10T03:46:00.605938Z  INFO     Status: NORMAL (drift above threshold)
2026-02-10T03:46:02.676608Z  INFO Window 89: 43 packets, drift=0.983 | XDP total: 364365, dropped: 0
2026-02-10T03:46:02.676625Z  INFO     Status: NORMAL (drift above threshold)
2026-02-10T03:46:04.746544Z  INFO Window 90: 40 packets, drift=0.982 | XDP total: 368461, dropped: 0
2026-02-10T03:46:04.746560Z  INFO     Status: NORMAL (drift above threshold)
2026-02-10T03:46:06.820804Z  INFO Window 91: 42 packets, drift=0.983 | XDP total: 372556, dropped: 0
2026-02-10T03:46:06.820843Z  INFO     Status: NORMAL (drift above threshold)
2026-02-10T03:46:08.894922Z  INFO Window 92: 40 packets, drift=0.983 | XDP total: 376660, dropped: 0
2026-02-10T03:46:08.894932Z  INFO     Status: NORMAL (drift above threshold)
2026-02-10T03:46:10.958407Z  INFO Window 93: 41 packets, drift=0.983 | XDP total: 380765, dropped: 0
2026-02-10T03:46:10.958416Z  INFO     Status: NORMAL (drift above threshold)
2026-02-10T03:46:13.035666Z  INFO Window 94: 41 packets, drift=0.982 | XDP total: 384886, dropped: 0
2026-02-10T03:46:13.035679Z  INFO     Status: NORMAL (drift above threshold)
2026-02-10T03:46:15.115675Z  INFO Window 95: 42 packets, drift=0.982 | XDP total: 389010, dropped: 0
2026-02-10T03:46:15.115695Z  INFO     Status: NORMAL (drift above threshold)
2026-02-10T03:46:17.180018Z  INFO Window 96: 41 packets, drift=0.982 | XDP total: 393093, dropped: 0
2026-02-10T03:46:17.180035Z  INFO     Status: NORMAL (drift above threshold)
2026-02-10T03:46:19.261065Z  INFO Window 97: 41 packets, drift=0.982 | XDP total: 397203, dropped: 0
2026-02-10T03:46:19.261082Z  INFO     Status: NORMAL (drift above threshold)
2026-02-10T03:46:21.333635Z  INFO Window 98: 41 packets, drift=0.983 | XDP total: 401309, dropped: 0
2026-02-10T03:46:21.333652Z  INFO     Status: NORMAL (drift above threshold)
2026-02-10T03:46:23.408384Z  INFO Window 99: 42 packets, drift=0.982 | XDP total: 405427, dropped: 0
2026-02-10T03:46:23.408402Z  INFO     Status: NORMAL (drift above threshold)
2026-02-10T03:46:25.480439Z  INFO Window 100: 39 packets, drift=0.981 | XDP total: 409530, dropped: 0
2026-02-10T03:46:25.480455Z  INFO     Status: NORMAL (drift above threshold)
2026-02-10T03:46:27.557025Z  INFO Window 101: 43 packets, drift=0.983 | XDP total: 413634, dropped: 0
2026-02-10T03:46:27.557043Z  INFO     Status: NORMAL (drift above threshold)
2026-02-10T03:46:29.627465Z  INFO Window 102: 38 packets, drift=0.981 | XDP total: 417734, dropped: 0
2026-02-10T03:46:29.627481Z  INFO     Status: NORMAL (drift above threshold)
2026-02-10T03:46:31.695954Z  INFO Window 103: 43 packets, drift=0.983 | XDP total: 421827, dropped: 0
2026-02-10T03:46:31.695972Z  INFO     Status: NORMAL (drift above threshold)
2026-02-10T03:46:33.766774Z  INFO Window 104: 40 packets, drift=0.982 | XDP total: 425922, dropped: 0
2026-02-10T03:46:33.766790Z  INFO     Status: NORMAL (drift above threshold)
2026-02-10T03:46:35.849587Z  INFO Window 105: 42 packets, drift=0.983 | XDP total: 430032, dropped: 0
2026-02-10T03:46:35.849605Z  INFO     Status: NORMAL (drift above threshold)
2026-02-10T03:46:37.923996Z  INFO Window 106: 40 packets, drift=0.982 | XDP total: 434129, dropped: 0
2026-02-10T03:46:37.924015Z  INFO     Status: NORMAL (drift above threshold)
2026-02-10T03:46:40.002877Z  INFO Window 107: 43 packets, drift=0.983 | XDP total: 438244, dropped: 0
2026-02-10T03:46:40.002895Z  INFO     Status: NORMAL (drift above threshold)
2026-02-10T03:46:42.070739Z  INFO Window 108: 40 packets, drift=0.981 | XDP total: 442341, dropped: 0
2026-02-10T03:46:42.070755Z  INFO     Status: NORMAL (drift above threshold)
2026-02-10T03:46:44.143527Z  INFO Window 109: 42 packets, drift=0.982 | XDP total: 446447, dropped: 0
2026-02-10T03:46:44.143551Z  INFO     Status: NORMAL (drift above threshold)
2026-02-10T03:46:46.217713Z  INFO Window 110: 41 packets, drift=0.982 | XDP total: 450558, dropped: 0
2026-02-10T03:46:46.217730Z  INFO     Status: NORMAL (drift above threshold)
2026-02-10T03:46:48.283154Z  INFO Window 111: 41 packets, drift=0.983 | XDP total: 454642, dropped: 0
2026-02-10T03:46:48.283173Z  INFO     Status: NORMAL (drift above threshold)
2026-02-10T03:46:50.343672Z  INFO Window 112: 39 packets, drift=0.981 | XDP total: 458721, dropped: 0
2026-02-10T03:46:50.343689Z  INFO     Status: NORMAL (drift above threshold)
2026-02-10T03:46:52.413326Z  INFO Window 113: 42 packets, drift=0.982 | XDP total: 462815, dropped: 0
2026-02-10T03:46:52.413343Z  INFO     Status: NORMAL (drift above threshold)
2026-02-10T03:46:54.480925Z  INFO Window 114: 42 packets, drift=0.983 | XDP total: 466909, dropped: 0
2026-02-10T03:46:54.480941Z  INFO     Status: NORMAL (drift above threshold)
2026-02-10T03:46:56.557805Z  INFO Window 115: 41 packets, drift=0.982 | XDP total: 471020, dropped: 0
2026-02-10T03:46:56.557822Z  INFO     Status: NORMAL (drift above threshold)
2026-02-10T03:46:58.614789Z  INFO Window 116: 40 packets, drift=0.982 | XDP total: 475111, dropped: 0
2026-02-10T03:46:58.614806Z  INFO     Status: NORMAL (drift above threshold)
2026-02-10T03:47:00.690425Z  INFO Window 117: 42 packets, drift=0.983 | XDP total: 479221, dropped: 0
2026-02-10T03:47:00.690446Z  INFO     Status: NORMAL (drift above threshold)
2026-02-10T03:47:02.758157Z  INFO Window 118: 39 packets, drift=0.980 | XDP total: 483312, dropped: 0
2026-02-10T03:47:02.758174Z  INFO     Status: NORMAL (drift above threshold)
2026-02-10T03:47:04.818446Z  INFO Window 119: 40 packets, drift=0.982 | XDP total: 487388, dropped: 0
2026-02-10T03:47:04.818472Z  INFO     Status: NORMAL (drift above threshold)
2026-02-10T03:47:06.888105Z  INFO Window 120: 43 packets, drift=0.983 | XDP total: 491480, dropped: 0
2026-02-10T03:47:06.888122Z  INFO     Status: NORMAL (drift above threshold)
2026-02-10T03:47:08.952386Z  INFO Window 121: 41 packets, drift=0.983 | XDP total: 495562, dropped: 0
2026-02-10T03:47:08.952405Z  INFO     Status: NORMAL (drift above threshold)
2026-02-10T03:47:11.029854Z  INFO Window 122: 41 packets, drift=0.982 | XDP total: 499671, dropped: 0
2026-02-10T03:47:11.029874Z  INFO     Status: NORMAL (drift above threshold)
2026-02-10T03:47:13.107293Z  INFO Window 123: 41 packets, drift=0.982 | XDP total: 503780, dropped: 0
2026-02-10T03:47:13.107309Z  INFO     Status: NORMAL (drift above threshold)
2026-02-10T03:47:15.175584Z  INFO Window 124: 41 packets, drift=0.982 | XDP total: 507885, dropped: 0
2026-02-10T03:47:15.175604Z  INFO     Status: NORMAL (drift above threshold)
2026-02-10T03:47:17.236026Z  INFO Window 125: 38 packets, drift=0.981 | XDP total: 511967, dropped: 0
2026-02-10T03:47:17.236044Z  INFO     Status: NORMAL (drift above threshold)
2026-02-10T03:47:19.309349Z  INFO Window 126: 42 packets, drift=0.983 | XDP total: 516074, dropped: 0
2026-02-10T03:47:19.309368Z  INFO     Status: NORMAL (drift above threshold)
2026-02-10T03:47:21.385987Z  INFO Window 127: 42 packets, drift=0.982 | XDP total: 520173, dropped: 0
2026-02-10T03:47:21.386005Z  INFO     Status: NORMAL (drift above threshold)
2026-02-10T03:47:23.456593Z  INFO Window 128: 41 packets, drift=0.982 | XDP total: 524266, dropped: 0
2026-02-10T03:47:23.456624Z  INFO     Status: NORMAL (drift above threshold)
2026-02-10T03:47:25.532790Z  INFO Window 129: 40 packets, drift=0.982 | XDP total: 528374, dropped: 0
2026-02-10T03:47:25.532807Z  INFO     Status: NORMAL (drift above threshold)
2026-02-10T03:47:27.616808Z  INFO Window 130: 40 packets, drift=0.982 | XDP total: 532492, dropped: 0
2026-02-10T03:47:27.616825Z  INFO     Status: NORMAL (drift above threshold)
2026-02-10T03:47:29.685252Z  INFO Window 131: 44 packets, drift=0.983 | XDP total: 536586, dropped: 0
2026-02-10T03:47:29.685269Z  INFO     Status: NORMAL (drift above threshold)
2026-02-10T03:47:31.755196Z  INFO Window 132: 40 packets, drift=0.982 | XDP total: 540686, dropped: 0
2026-02-10T03:47:31.755215Z  INFO     Status: NORMAL (drift above threshold)
2026-02-10T03:47:33.831032Z  INFO Window 133: 41 packets, drift=0.981 | XDP total: 544783, dropped: 0
2026-02-10T03:47:33.831050Z  INFO     Status: NORMAL (drift above threshold)
2026-02-10T03:47:35.906212Z  INFO Window 134: 41 packets, drift=0.983 | XDP total: 548877, dropped: 0
2026-02-10T03:47:35.906230Z  INFO     Status: NORMAL (drift above threshold)
2026-02-10T03:47:37.979260Z  INFO Window 135: 41 packets, drift=0.983 | XDP total: 552970, dropped: 0
2026-02-10T03:47:37.979271Z  INFO     Status: NORMAL (drift above threshold)
2026-02-10T03:47:40.046923Z  INFO Window 136: 41 packets, drift=0.982 | XDP total: 557049, dropped: 0
2026-02-10T03:47:40.046940Z  INFO     Status: NORMAL (drift above threshold)
2026-02-10T03:47:42.122518Z  INFO Window 137: 41 packets, drift=0.982 | XDP total: 561157, dropped: 0
2026-02-10T03:47:42.122537Z  INFO     Status: NORMAL (drift above threshold)
2026-02-10T03:47:44.184582Z  INFO Window 138: 40 packets, drift=0.982 | XDP total: 565236, dropped: 0
2026-02-10T03:47:44.184606Z  INFO     Status: NORMAL (drift above threshold)
2026-02-10T03:47:46.253737Z  INFO Window 139: 43 packets, drift=0.983 | XDP total: 569332, dropped: 0
2026-02-10T03:47:46.253750Z  INFO     Status: NORMAL (drift above threshold)
2026-02-10T03:47:48.330105Z  INFO Window 140: 41 packets, drift=0.983 | XDP total: 573438, dropped: 0
2026-02-10T03:47:48.330122Z  INFO     Status: NORMAL (drift above threshold)
2026-02-10T03:47:50.412062Z  INFO Window 141: 41 packets, drift=0.982 | XDP total: 577545, dropped: 0
2026-02-10T03:47:50.412083Z  INFO     Status: NORMAL (drift above threshold)
2026-02-10T03:47:52.488205Z  INFO Window 142: 40 packets, drift=0.982 | XDP total: 581651, dropped: 0
2026-02-10T03:47:52.488223Z  INFO     Status: NORMAL (drift above threshold)
2026-02-10T03:47:54.550667Z  INFO Window 143: 41 packets, drift=0.982 | XDP total: 585727, dropped: 0
2026-02-10T03:47:54.550678Z  INFO     Status: NORMAL (drift above threshold)
2026-02-10T03:47:56.629218Z  INFO Window 144: 4419 packets, drift=0.551 | XDP total: 1028141, dropped: 0
2026-02-10T03:47:56.629234Z  WARN >>> ANOMALY DETECTED: drift=0.551 (threshold=0.7)
2026-02-10T03:47:56.629241Z  WARN     Concentrated: protocol=17 (100.0%)
2026-02-10T03:47:56.629245Z  WARN     Concentrated: dst_ip=10.100.0.2 (100.0%)
2026-02-10T03:47:56.629249Z  WARN     Concentrated: dst_port=9999 (99.3%)
2026-02-10T03:47:56.629261Z  INFO Added rule: DstPort -> Drop
2026-02-10T03:47:56.629264Z  WARN     ADDED DROP RULE: DstPort=9999
2026-02-10T03:47:56.629268Z  WARN     Concentrated: src_ip=10.0.0.100 (99.3%)
2026-02-10T03:47:56.629274Z  INFO Added rule: SrcIp -> Drop
2026-02-10T03:47:56.629277Z  WARN     ADDED DROP RULE: SrcIp=10.0.0.100
2026-02-10T03:48:26.320348Z  INFO Window 145: 1943636 packets, drift=0.781 | XDP total: 27203227, dropped: 26174705
2026-02-10T03:48:26.320361Z  INFO     Status: NORMAL (drift above threshold)
2026-02-10T03:48:28.371003Z  INFO Window 146: 39 packets, drift=0.839 | XDP total: 27207238, dropped: 26174705
2026-02-10T03:48:28.371010Z  INFO     Status: NORMAL (drift above threshold)
2026-02-10T03:48:28.371028Z  INFO Removed rule: DstPort
2026-02-10T03:48:28.371030Z  INFO <<< EXPIRED RULE: DstPort=9999
2026-02-10T03:48:28.371033Z  INFO Removed rule: SrcIp
2026-02-10T03:48:28.371035Z  INFO <<< EXPIRED RULE: SrcIp=10.0.0.100
2026-02-10T03:48:30.426084Z  INFO Window 147: 43 packets, drift=0.913 | XDP total: 27211312, dropped: 26174705
2026-02-10T03:48:30.426102Z  INFO     Status: NORMAL (drift above threshold)
2026-02-10T03:48:32.498786Z  INFO Window 148: 40 packets, drift=0.948 | XDP total: 27215410, dropped: 26174705
2026-02-10T03:48:32.498803Z  INFO     Status: NORMAL (drift above threshold)
