2026-02-10T03:32:20.732920Z  INFO Veth Lab Sidecar - Holon Anomaly Detection
2026-02-10T03:32:20.732927Z  INFO   Interface: veth-filter
2026-02-10T03:32:20.732930Z  INFO   Window: 2s
2026-02-10T03:32:20.732935Z  INFO   Drift threshold: 0.7
2026-02-10T03:32:20.732938Z  INFO   Concentration threshold: 0.5
2026-02-10T03:32:20.732941Z  INFO   Enforce mode: true
2026-02-10T03:32:20.732944Z  INFO   Dimensions: 4096
2026-02-10T03:32:20.732947Z  INFO   Warmup: 60 windows / 600000 packets
2026-02-10T03:32:20.732951Z  INFO   Log file: "logs/sidecar_20260209_193220.log"
2026-02-10T03:32:20.732953Z  INFO 
2026-02-10T03:32:20.732957Z  INFO Loading veth-filter XDP program for veth-filter
2026-02-10T03:32:20.775414Z  INFO XDP program loaded
2026-02-10T03:32:20.790723Z  INFO XDP program attached to veth-filter in default mode
2026-02-10T03:32:20.790751Z  INFO Sample rate set to 1
2026-02-10T03:32:20.790759Z  INFO Enforce mode set to true
2026-02-10T03:32:20.790808Z  INFO Holon initialized with 4096 dimensions
2026-02-10T03:32:20.790879Z  INFO Starting perf readers on 14 CPUs
2026-02-10T03:32:20.792079Z  INFO Starting detection loop...
2026-02-10T03:32:20.792091Z  INFO   Warmup: 60 windows or 600000 packets
2026-02-10T03:32:20.792098Z  INFO 
2026-02-10T03:32:22.859852Z  INFO Window 1: 0 packets (below minimum 50, skipping analysis)
2026-02-10T03:32:24.926779Z  INFO Window 2: 0 packets (below minimum 50, skipping analysis)
2026-02-10T03:32:26.992546Z  INFO Window 3 [WARMUP]: 2492 packets, drift=0.000 | XDP total: 2494, dropped: 0 | warmup 3/60 windows, 2492/600000 packets
2026-02-10T03:32:29.058310Z  INFO Window 4 [WARMUP]: 3928 packets, drift=1.000 | XDP total: 6424, dropped: 0 | warmup 4/60 windows, 6420/600000 packets
2026-02-10T03:32:31.143666Z  INFO Window 5 [WARMUP]: 4114 packets, drift=1.000 | XDP total: 10537, dropped: 0 | warmup 5/60 windows, 10534/600000 packets
2026-02-10T03:32:33.214288Z  INFO Window 6 [WARMUP]: 4085 packets, drift=1.000 | XDP total: 14621, dropped: 0 | warmup 6/60 windows, 14619/600000 packets
2026-02-10T03:32:35.273791Z  INFO Window 7 [WARMUP]: 4056 packets, drift=1.000 | XDP total: 18678, dropped: 0 | warmup 7/60 windows, 18675/600000 packets
2026-02-10T03:32:37.346320Z  INFO Window 8 [WARMUP]: 4079 packets, drift=1.000 | XDP total: 22756, dropped: 0 | warmup 8/60 windows, 22754/600000 packets
2026-02-10T03:32:39.416496Z  INFO Window 9 [WARMUP]: 4076 packets, drift=1.000 | XDP total: 26834, dropped: 0 | warmup 9/60 windows, 26830/600000 packets
2026-02-10T03:32:41.469009Z  INFO Window 10 [WARMUP]: 4060 packets, drift=1.000 | XDP total: 30893, dropped: 0 | warmup 10/60 windows, 30890/600000 packets
2026-02-10T03:32:43.534770Z  INFO Window 11 [WARMUP]: 4071 packets, drift=1.000 | XDP total: 34964, dropped: 0 | warmup 11/60 windows, 34961/600000 packets
2026-02-10T03:32:45.601586Z  INFO Window 12 [WARMUP]: 4073 packets, drift=1.000 | XDP total: 39038, dropped: 0 | warmup 12/60 windows, 39034/600000 packets
2026-02-10T03:32:47.675471Z  INFO Window 13 [WARMUP]: 4076 packets, drift=1.000 | XDP total: 43113, dropped: 0 | warmup 13/60 windows, 43110/600000 packets
2026-02-10T03:32:49.742675Z  INFO Window 14 [WARMUP]: 4065 packets, drift=1.000 | XDP total: 47177, dropped: 0 | warmup 14/60 windows, 47175/600000 packets
2026-02-10T03:32:51.809006Z  INFO Window 15 [WARMUP]: 4073 packets, drift=1.000 | XDP total: 51250, dropped: 0 | warmup 15/60 windows, 51248/600000 packets
2026-02-10T03:32:53.875519Z  INFO Window 16 [WARMUP]: 4021 packets, drift=1.000 | XDP total: 55273, dropped: 0 | warmup 16/60 windows, 55269/600000 packets
2026-02-10T03:32:55.938622Z  INFO Window 17 [WARMUP]: 4068 packets, drift=1.000 | XDP total: 59339, dropped: 0 | warmup 17/60 windows, 59337/600000 packets
2026-02-10T03:32:58.001904Z  INFO Window 18 [WARMUP]: 4060 packets, drift=1.000 | XDP total: 63401, dropped: 0 | warmup 18/60 windows, 63397/600000 packets
2026-02-10T03:33:00.071648Z  INFO Window 19 [WARMUP]: 4078 packets, drift=1.000 | XDP total: 67479, dropped: 0 | warmup 19/60 windows, 67475/600000 packets
2026-02-10T03:33:02.135153Z  INFO Window 20 [WARMUP]: 4069 packets, drift=1.000 | XDP total: 71548, dropped: 0 | warmup 20/60 windows, 71544/600000 packets
2026-02-10T03:33:04.203855Z  INFO Window 21 [WARMUP]: 4066 packets, drift=1.000 | XDP total: 75612, dropped: 0 | warmup 21/60 windows, 75610/600000 packets
2026-02-10T03:33:06.267529Z  INFO Window 22 [WARMUP]: 4059 packets, drift=1.000 | XDP total: 79672, dropped: 0 | warmup 22/60 windows, 79669/600000 packets
2026-02-10T03:33:08.336685Z  INFO Window 23 [WARMUP]: 4089 packets, drift=1.000 | XDP total: 83760, dropped: 0 | warmup 23/60 windows, 83758/600000 packets
2026-02-10T03:33:10.407513Z  INFO Window 24 [WARMUP]: 4090 packets, drift=1.000 | XDP total: 87850, dropped: 0 | warmup 24/60 windows, 87848/600000 packets
2026-02-10T03:33:12.459783Z  INFO Window 25 [WARMUP]: 4050 packets, drift=1.000 | XDP total: 91901, dropped: 0 | warmup 25/60 windows, 91898/600000 packets
2026-02-10T03:33:14.525417Z  INFO Window 26 [WARMUP]: 4076 packets, drift=1.000 | XDP total: 95977, dropped: 0 | warmup 26/60 windows, 95974/600000 packets
2026-02-10T03:33:16.602634Z  INFO Window 27 [WARMUP]: 4085 packets, drift=1.000 | XDP total: 100063, dropped: 0 | warmup 27/60 windows, 100059/600000 packets
2026-02-10T03:33:18.670270Z  INFO Window 28 [WARMUP]: 4065 packets, drift=1.000 | XDP total: 104128, dropped: 0 | warmup 28/60 windows, 104124/600000 packets
2026-02-10T03:33:20.741530Z  INFO Window 29 [WARMUP]: 4085 packets, drift=1.000 | XDP total: 108212, dropped: 0 | warmup 29/60 windows, 108209/600000 packets
2026-02-10T03:33:22.806834Z  INFO Window 30 [WARMUP]: 4071 packets, drift=1.000 | XDP total: 112284, dropped: 0 | warmup 30/60 windows, 112280/600000 packets
2026-02-10T03:33:24.856870Z  INFO Window 31 [WARMUP]: 4040 packets, drift=1.000 | XDP total: 116323, dropped: 0 | warmup 31/60 windows, 116320/600000 packets
2026-02-10T03:33:26.914843Z  INFO Window 32 [WARMUP]: 4057 packets, drift=1.000 | XDP total: 120380, dropped: 0 | warmup 32/60 windows, 120377/600000 packets
2026-02-10T03:33:28.987274Z  INFO Window 33 [WARMUP]: 4100 packets, drift=1.000 | XDP total: 124480, dropped: 0 | warmup 33/60 windows, 124477/600000 packets
2026-02-10T03:33:31.062166Z  INFO Window 34 [WARMUP]: 4085 packets, drift=1.000 | XDP total: 128564, dropped: 0 | warmup 34/60 windows, 128562/600000 packets
2026-02-10T03:33:33.137285Z  INFO Window 35 [WARMUP]: 4088 packets, drift=1.000 | XDP total: 132654, dropped: 0 | warmup 35/60 windows, 132650/600000 packets
2026-02-10T03:33:35.209526Z  INFO Window 36 [WARMUP]: 4075 packets, drift=1.000 | XDP total: 136729, dropped: 0 | warmup 36/60 windows, 136725/600000 packets
2026-02-10T03:33:37.283885Z  INFO Window 37 [WARMUP]: 4083 packets, drift=1.000 | XDP total: 140811, dropped: 0 | warmup 37/60 windows, 140808/600000 packets
2026-02-10T03:33:39.338120Z  INFO Window 38 [WARMUP]: 4053 packets, drift=1.000 | XDP total: 144865, dropped: 0 | warmup 38/60 windows, 144861/600000 packets
2026-02-10T03:33:41.398486Z  INFO Window 39 [WARMUP]: 4070 packets, drift=1.000 | XDP total: 148935, dropped: 0 | warmup 39/60 windows, 148931/600000 packets
2026-02-10T03:33:43.469928Z  INFO Window 40 [WARMUP]: 4080 packets, drift=1.000 | XDP total: 153014, dropped: 0 | warmup 40/60 windows, 153011/600000 packets
2026-02-10T03:33:45.529189Z  INFO Window 41 [WARMUP]: 4061 packets, drift=1.000 | XDP total: 157075, dropped: 0 | warmup 41/60 windows, 157072/600000 packets
2026-02-10T03:33:47.585145Z  INFO Window 42 [WARMUP]: 4066 packets, drift=1.000 | XDP total: 161142, dropped: 0 | warmup 42/60 windows, 161138/600000 packets
2026-02-10T03:33:49.650061Z  INFO Window 43 [WARMUP]: 4065 packets, drift=1.000 | XDP total: 165207, dropped: 0 | warmup 43/60 windows, 165203/600000 packets
2026-02-10T03:33:51.710639Z  INFO Window 44 [WARMUP]: 4051 packets, drift=1.000 | XDP total: 169257, dropped: 0 | warmup 44/60 windows, 169254/600000 packets
2026-02-10T03:33:53.768140Z  INFO Window 45 [WARMUP]: 4044 packets, drift=1.000 | XDP total: 173302, dropped: 0 | warmup 45/60 windows, 173298/600000 packets
2026-02-10T03:33:55.834111Z  INFO Window 46 [WARMUP]: 4072 packets, drift=1.000 | XDP total: 177373, dropped: 0 | warmup 46/60 windows, 177370/600000 packets
2026-02-10T03:33:57.902573Z  INFO Window 47 [WARMUP]: 4074 packets, drift=1.000 | XDP total: 181447, dropped: 0 | warmup 47/60 windows, 181444/600000 packets
2026-02-10T03:33:59.956378Z  INFO Window 48 [WARMUP]: 4058 packets, drift=1.000 | XDP total: 185506, dropped: 0 | warmup 48/60 windows, 185502/600000 packets
2026-02-10T03:34:02.022547Z  INFO Window 49 [WARMUP]: 4061 packets, drift=1.000 | XDP total: 189565, dropped: 0 | warmup 49/60 windows, 189563/600000 packets
2026-02-10T03:34:04.080370Z  INFO Window 50 [WARMUP]: 4048 packets, drift=1.000 | XDP total: 193614, dropped: 0 | warmup 50/60 windows, 193611/600000 packets
2026-02-10T03:34:06.144702Z  INFO Window 51 [WARMUP]: 4057 packets, drift=1.000 | XDP total: 197672, dropped: 0 | warmup 51/60 windows, 197668/600000 packets
2026-02-10T03:34:08.196246Z  INFO Window 52 [WARMUP]: 4036 packets, drift=1.000 | XDP total: 201709, dropped: 0 | warmup 52/60 windows, 201704/600000 packets
2026-02-10T03:34:10.246324Z  INFO Window 53 [WARMUP]: 4036 packets, drift=1.000 | XDP total: 205743, dropped: 0 | warmup 53/60 windows, 205740/600000 packets
2026-02-10T03:34:12.315428Z  INFO Window 54 [WARMUP]: 4072 packets, drift=1.000 | XDP total: 209816, dropped: 0 | warmup 54/60 windows, 209812/600000 packets
2026-02-10T03:34:14.382620Z  INFO Window 55 [WARMUP]: 4066 packets, drift=1.000 | XDP total: 213882, dropped: 0 | warmup 55/60 windows, 213878/600000 packets
2026-02-10T03:34:16.441112Z  INFO Window 56 [WARMUP]: 4057 packets, drift=1.000 | XDP total: 217939, dropped: 0 | warmup 56/60 windows, 217935/600000 packets
2026-02-10T03:34:18.485893Z  INFO Window 57 [WARMUP]: 4031 packets, drift=1.000 | XDP total: 221969, dropped: 0 | warmup 57/60 windows, 221966/600000 packets
2026-02-10T03:34:20.558475Z  INFO Window 58 [WARMUP]: 4076 packets, drift=1.000 | XDP total: 226046, dropped: 0 | warmup 58/60 windows, 226042/600000 packets
2026-02-10T03:34:22.634436Z  INFO Window 59 [WARMUP]: 4071 packets, drift=1.000 | XDP total: 230116, dropped: 0 | warmup 59/60 windows, 230113/600000 packets
2026-02-10T03:34:24.700198Z  INFO ========================================
2026-02-10T03:34:24.700207Z  INFO WARMUP COMPLETE - baseline established
2026-02-10T03:34:24.700210Z  INFO   Windows: 60, Packets: 234179
2026-02-10T03:34:24.700212Z  INFO   Detection now active!
2026-02-10T03:34:24.700214Z  INFO ========================================
2026-02-10T03:34:24.700218Z  INFO Window 60: 4066 packets, drift=1.000 | XDP total: 234183, dropped: 0
2026-02-10T03:34:24.700221Z  INFO     Status: NORMAL (drift above threshold)
2026-02-10T03:34:26.749783Z  INFO Window 61: 4040 packets, drift=1.000 | XDP total: 238223, dropped: 0
2026-02-10T03:34:26.749800Z  INFO     Status: NORMAL (drift above threshold)
2026-02-10T03:34:28.809208Z  INFO Window 62: 4061 packets, drift=1.000 | XDP total: 242283, dropped: 0
2026-02-10T03:34:28.809219Z  INFO     Status: NORMAL (drift above threshold)
2026-02-10T03:34:30.861276Z  INFO Window 63: 4038 packets, drift=1.000 | XDP total: 246322, dropped: 0
2026-02-10T03:34:30.861291Z  INFO     Status: NORMAL (drift above threshold)
2026-02-10T03:34:32.916419Z  INFO Window 64: 4072 packets, drift=1.000 | XDP total: 250393, dropped: 0
2026-02-10T03:34:32.916430Z  INFO     Status: NORMAL (drift above threshold)
2026-02-10T03:34:34.980342Z  INFO Window 65: 4065 packets, drift=1.000 | XDP total: 254459, dropped: 0
2026-02-10T03:34:34.980358Z  INFO     Status: NORMAL (drift above threshold)
2026-02-10T03:34:37.042154Z  INFO Window 66: 4051 packets, drift=1.000 | XDP total: 258509, dropped: 0
2026-02-10T03:34:37.042165Z  INFO     Status: NORMAL (drift above threshold)
2026-02-10T03:34:39.093204Z  INFO Window 67: 4051 packets, drift=1.000 | XDP total: 262560, dropped: 0
2026-02-10T03:34:39.093225Z  INFO     Status: NORMAL (drift above threshold)
2026-02-10T03:34:41.152797Z  INFO Window 68: 4056 packets, drift=1.000 | XDP total: 266616, dropped: 0
2026-02-10T03:34:41.152809Z  INFO     Status: NORMAL (drift above threshold)
2026-02-10T03:34:43.210354Z  INFO Window 69: 4053 packets, drift=1.000 | XDP total: 270670, dropped: 0
2026-02-10T03:34:43.210367Z  INFO     Status: NORMAL (drift above threshold)
2026-02-10T03:34:45.274750Z  INFO Window 70: 4072 packets, drift=1.000 | XDP total: 274743, dropped: 0
2026-02-10T03:34:45.274764Z  INFO     Status: NORMAL (drift above threshold)
2026-02-10T03:34:47.333302Z  INFO Window 71: 4047 packets, drift=1.000 | XDP total: 278788, dropped: 0
2026-02-10T03:34:47.333312Z  INFO     Status: NORMAL (drift above threshold)
2026-02-10T03:34:49.373866Z  INFO Window 72: 4021 packets, drift=1.000 | XDP total: 282809, dropped: 0
2026-02-10T03:34:49.373876Z  INFO     Status: NORMAL (drift above threshold)
2026-02-10T03:34:51.428807Z  INFO Window 73: 4058 packets, drift=1.000 | XDP total: 286868, dropped: 0
2026-02-10T03:34:51.428820Z  INFO     Status: NORMAL (drift above threshold)
2026-02-10T03:34:53.484204Z  INFO Window 74: 4037 packets, drift=1.000 | XDP total: 290904, dropped: 0
2026-02-10T03:34:53.484216Z  INFO     Status: NORMAL (drift above threshold)
2026-02-10T03:34:55.544359Z  INFO Window 75: 4045 packets, drift=1.000 | XDP total: 294949, dropped: 0
2026-02-10T03:34:55.544372Z  INFO     Status: NORMAL (drift above threshold)
2026-02-10T03:34:57.605939Z  INFO Window 76: 4058 packets, drift=1.000 | XDP total: 299009, dropped: 0
2026-02-10T03:34:57.605960Z  INFO     Status: NORMAL (drift above threshold)
2026-02-10T03:34:59.652165Z  INFO Window 77: 4041 packets, drift=1.000 | XDP total: 303047, dropped: 0
2026-02-10T03:34:59.652175Z  INFO     Status: NORMAL (drift above threshold)
2026-02-10T03:35:01.715807Z  INFO Window 78: 4069 packets, drift=1.000 | XDP total: 307117, dropped: 0
2026-02-10T03:35:01.715816Z  INFO     Status: NORMAL (drift above threshold)
2026-02-10T03:35:03.769652Z  INFO Window 79: 4049 packets, drift=1.000 | XDP total: 311165, dropped: 0
2026-02-10T03:35:03.769670Z  INFO     Status: NORMAL (drift above threshold)
2026-02-10T03:35:05.820286Z  INFO Window 80: 4043 packets, drift=1.000 | XDP total: 315208, dropped: 0
2026-02-10T03:35:05.820297Z  INFO     Status: NORMAL (drift above threshold)
2026-02-10T03:35:07.882692Z  INFO Window 81: 4061 packets, drift=1.000 | XDP total: 319271, dropped: 0
2026-02-10T03:35:07.882703Z  INFO     Status: NORMAL (drift above threshold)
2026-02-10T03:35:09.941204Z  INFO Window 82: 4042 packets, drift=1.000 | XDP total: 323312, dropped: 0
2026-02-10T03:35:09.941218Z  INFO     Status: NORMAL (drift above threshold)
2026-02-10T03:35:11.992796Z  INFO Window 83: 4047 packets, drift=1.000 | XDP total: 327359, dropped: 0
2026-02-10T03:35:11.992806Z  INFO     Status: NORMAL (drift above threshold)
2026-02-10T03:35:14.042072Z  INFO Window 84: 4050 packets, drift=1.000 | XDP total: 331409, dropped: 0
2026-02-10T03:35:14.042083Z  INFO     Status: NORMAL (drift above threshold)
2026-02-10T03:35:16.101030Z  INFO Window 85: 4054 packets, drift=1.000 | XDP total: 335464, dropped: 0
2026-02-10T03:35:16.101045Z  INFO     Status: NORMAL (drift above threshold)
2026-02-10T03:35:18.159352Z  INFO Window 86: 4056 packets, drift=1.000 | XDP total: 339520, dropped: 0
2026-02-10T03:35:18.159369Z  INFO     Status: NORMAL (drift above threshold)
2026-02-10T03:35:20.216904Z  INFO Window 87: 4055 packets, drift=1.000 | XDP total: 343574, dropped: 0
2026-02-10T03:35:20.216915Z  INFO     Status: NORMAL (drift above threshold)
2026-02-10T03:35:22.283154Z  INFO Window 88: 4057 packets, drift=1.000 | XDP total: 347632, dropped: 0
2026-02-10T03:35:22.283166Z  INFO     Status: NORMAL (drift above threshold)
2026-02-10T03:35:24.329852Z  INFO Window 89: 4036 packets, drift=1.000 | XDP total: 351668, dropped: 0
2026-02-10T03:35:24.329862Z  INFO     Status: NORMAL (drift above threshold)
2026-02-10T03:35:26.379653Z  INFO Window 90: 4052 packets, drift=1.000 | XDP total: 355719, dropped: 0
2026-02-10T03:35:26.379681Z  INFO     Status: NORMAL (drift above threshold)
2026-02-10T03:35:28.431740Z  INFO Window 91: 4061 packets, drift=1.000 | XDP total: 359780, dropped: 0
2026-02-10T03:35:28.431750Z  INFO     Status: NORMAL (drift above threshold)
2026-02-10T03:35:30.493217Z  INFO Window 92: 4061 packets, drift=1.000 | XDP total: 363841, dropped: 0
2026-02-10T03:35:30.493227Z  INFO     Status: NORMAL (drift above threshold)
2026-02-10T03:35:32.550443Z  INFO Window 93: 4047 packets, drift=1.000 | XDP total: 367888, dropped: 0
2026-02-10T03:35:32.550453Z  INFO     Status: NORMAL (drift above threshold)
2026-02-10T03:35:34.613133Z  INFO Window 94: 4060 packets, drift=1.000 | XDP total: 371948, dropped: 0
2026-02-10T03:35:34.613147Z  INFO     Status: NORMAL (drift above threshold)
2026-02-10T03:35:36.662039Z  INFO Window 95: 4044 packets, drift=1.000 | XDP total: 375992, dropped: 0
2026-02-10T03:35:36.662048Z  INFO     Status: NORMAL (drift above threshold)
2026-02-10T03:35:38.710974Z  INFO Window 96: 4040 packets, drift=1.000 | XDP total: 380033, dropped: 0
2026-02-10T03:35:38.710992Z  INFO     Status: NORMAL (drift above threshold)
2026-02-10T03:35:40.764163Z  INFO Window 97: 4049 packets, drift=1.000 | XDP total: 384081, dropped: 0
2026-02-10T03:35:40.764174Z  INFO     Status: NORMAL (drift above threshold)
2026-02-10T03:35:42.824213Z  INFO Window 98: 4052 packets, drift=1.000 | XDP total: 388134, dropped: 0
2026-02-10T03:35:42.824232Z  INFO     Status: NORMAL (drift above threshold)
2026-02-10T03:35:44.882172Z  INFO Window 99: 4064 packets, drift=1.000 | XDP total: 392197, dropped: 0
2026-02-10T03:35:44.882184Z  INFO     Status: NORMAL (drift above threshold)
2026-02-10T03:35:46.930312Z  INFO Window 100: 4053 packets, drift=1.000 | XDP total: 396250, dropped: 0
2026-02-10T03:35:46.930322Z  INFO     Status: NORMAL (drift above threshold)
2026-02-10T03:35:48.981746Z  INFO Window 101: 4032 packets, drift=1.000 | XDP total: 400282, dropped: 0
2026-02-10T03:35:48.981757Z  INFO     Status: NORMAL (drift above threshold)
2026-02-10T03:35:51.034761Z  INFO Window 102: 4035 packets, drift=1.000 | XDP total: 404317, dropped: 0
2026-02-10T03:35:51.034773Z  INFO     Status: NORMAL (drift above threshold)
2026-02-10T03:35:53.077743Z  INFO Window 103: 4023 packets, drift=1.000 | XDP total: 408340, dropped: 0
2026-02-10T03:35:53.077754Z  INFO     Status: NORMAL (drift above threshold)
2026-02-10T03:35:55.133057Z  INFO Window 104: 4053 packets, drift=1.000 | XDP total: 412394, dropped: 0
2026-02-10T03:35:55.133071Z  INFO     Status: NORMAL (drift above threshold)
2026-02-10T03:35:57.194408Z  INFO Window 105: 4057 packets, drift=1.000 | XDP total: 416450, dropped: 0
2026-02-10T03:35:57.194418Z  INFO     Status: NORMAL (drift above threshold)
2026-02-10T03:35:59.248204Z  INFO Window 106: 4044 packets, drift=1.000 | XDP total: 420494, dropped: 0
2026-02-10T03:35:59.248217Z  INFO     Status: NORMAL (drift above threshold)
2026-02-10T03:36:01.306312Z  INFO Window 107: 4063 packets, drift=1.000 | XDP total: 424558, dropped: 0
2026-02-10T03:36:01.306327Z  INFO     Status: NORMAL (drift above threshold)
2026-02-10T03:36:03.364091Z  INFO Window 108: 4057 packets, drift=1.000 | XDP total: 428615, dropped: 0
2026-02-10T03:36:03.364105Z  INFO     Status: NORMAL (drift above threshold)
2026-02-10T03:36:05.421437Z  INFO Window 109: 4053 packets, drift=1.000 | XDP total: 432668, dropped: 0
2026-02-10T03:36:05.421453Z  INFO     Status: NORMAL (drift above threshold)
2026-02-10T03:36:07.482830Z  INFO Window 110: 4060 packets, drift=1.000 | XDP total: 436728, dropped: 0
2026-02-10T03:36:07.482842Z  INFO     Status: NORMAL (drift above threshold)
2026-02-10T03:36:09.534618Z  INFO Window 111: 4053 packets, drift=1.000 | XDP total: 440780, dropped: 0
2026-02-10T03:36:09.534628Z  INFO     Status: NORMAL (drift above threshold)
2026-02-10T03:36:11.589084Z  INFO Window 112: 4047 packets, drift=1.000 | XDP total: 444827, dropped: 0
2026-02-10T03:36:11.589097Z  INFO     Status: NORMAL (drift above threshold)
2026-02-10T03:36:13.640947Z  INFO Window 113: 4056 packets, drift=1.000 | XDP total: 448883, dropped: 0
2026-02-10T03:36:13.640962Z  INFO     Status: NORMAL (drift above threshold)
2026-02-10T03:36:15.685426Z  INFO Window 114: 4031 packets, drift=1.000 | XDP total: 452914, dropped: 0
2026-02-10T03:36:15.685436Z  INFO     Status: NORMAL (drift above threshold)
2026-02-10T03:36:17.735164Z  INFO Window 115: 4036 packets, drift=1.000 | XDP total: 456950, dropped: 0
2026-02-10T03:36:17.735176Z  INFO     Status: NORMAL (drift above threshold)
2026-02-10T03:36:19.796774Z  INFO Window 116: 4052 packets, drift=1.000 | XDP total: 461003, dropped: 0
2026-02-10T03:36:19.796788Z  INFO     Status: NORMAL (drift above threshold)
2026-02-10T03:36:21.868814Z  INFO Window 117: 4072 packets, drift=1.000 | XDP total: 465074, dropped: 0
2026-02-10T03:36:21.868827Z  INFO     Status: NORMAL (drift above threshold)
2026-02-10T03:36:23.924088Z  INFO Window 118: 4052 packets, drift=1.000 | XDP total: 469127, dropped: 0
2026-02-10T03:36:23.924101Z  INFO     Status: NORMAL (drift above threshold)
2026-02-10T03:36:25.980086Z  INFO Window 119: 4058 packets, drift=1.000 | XDP total: 473185, dropped: 0
2026-02-10T03:36:25.980099Z  INFO     Status: NORMAL (drift above threshold)
2026-02-10T03:36:28.045981Z  INFO Window 120: 4071 packets, drift=1.000 | XDP total: 477255, dropped: 0
2026-02-10T03:36:28.045998Z  INFO     Status: NORMAL (drift above threshold)
2026-02-10T03:36:30.095731Z  INFO Window 121: 4045 packets, drift=1.000 | XDP total: 481300, dropped: 0
2026-02-10T03:36:30.095741Z  INFO     Status: NORMAL (drift above threshold)
2026-02-10T03:36:32.149476Z  INFO Window 122: 4060 packets, drift=1.000 | XDP total: 485360, dropped: 0
2026-02-10T03:36:32.149489Z  INFO     Status: NORMAL (drift above threshold)
2026-02-10T03:36:34.201217Z  INFO Window 123: 4049 packets, drift=1.000 | XDP total: 489409, dropped: 0
2026-02-10T03:36:34.201230Z  INFO     Status: NORMAL (drift above threshold)
2026-02-10T03:36:36.250964Z  INFO Window 124: 4035 packets, drift=1.000 | XDP total: 493444, dropped: 0
2026-02-10T03:36:36.250976Z  INFO     Status: NORMAL (drift above threshold)
2026-02-10T03:36:38.307425Z  INFO Window 125: 4046 packets, drift=1.000 | XDP total: 497491, dropped: 0
2026-02-10T03:36:38.307440Z  INFO     Status: NORMAL (drift above threshold)
2026-02-10T03:36:40.375729Z  INFO Window 126: 4074 packets, drift=1.000 | XDP total: 501564, dropped: 0
2026-02-10T03:36:40.375741Z  INFO     Status: NORMAL (drift above threshold)
2026-02-10T03:36:42.438165Z  INFO Window 127: 4061 packets, drift=1.000 | XDP total: 505625, dropped: 0
2026-02-10T03:36:42.438175Z  INFO     Status: NORMAL (drift above threshold)
2026-02-10T03:36:44.494067Z  INFO Window 128: 4057 packets, drift=1.000 | XDP total: 509683, dropped: 0
2026-02-10T03:36:44.494079Z  INFO     Status: NORMAL (drift above threshold)
2026-02-10T03:36:46.544775Z  INFO Window 129: 4042 packets, drift=1.000 | XDP total: 513724, dropped: 0
2026-02-10T03:36:46.544787Z  INFO     Status: NORMAL (drift above threshold)
2026-02-10T03:36:48.597047Z  INFO Window 130: 4051 packets, drift=1.000 | XDP total: 517776, dropped: 0
2026-02-10T03:36:48.597061Z  INFO     Status: NORMAL (drift above threshold)
2026-02-10T03:36:50.647249Z  INFO Window 131: 4068 packets, drift=1.000 | XDP total: 521844, dropped: 0
2026-02-10T03:36:50.647259Z  INFO     Status: NORMAL (drift above threshold)
2026-02-10T03:36:52.713475Z  INFO Window 132: 4060 packets, drift=1.000 | XDP total: 525904, dropped: 0
2026-02-10T03:36:52.713490Z  INFO     Status: NORMAL (drift above threshold)
2026-02-10T03:36:54.771442Z  INFO Window 133: 4046 packets, drift=1.000 | XDP total: 529949, dropped: 0
2026-02-10T03:36:54.771457Z  INFO     Status: NORMAL (drift above threshold)
2026-02-10T03:36:56.834947Z  INFO Window 134: 4063 packets, drift=1.000 | XDP total: 534013, dropped: 0
2026-02-10T03:36:56.834961Z  INFO     Status: NORMAL (drift above threshold)
2026-02-10T03:36:58.903074Z  INFO Window 135: 4081 packets, drift=1.000 | XDP total: 538094, dropped: 0
2026-02-10T03:36:58.903084Z  INFO     Status: NORMAL (drift above threshold)
2026-02-10T03:37:00.961987Z  INFO Window 136: 4069 packets, drift=1.000 | XDP total: 542162, dropped: 0
2026-02-10T03:37:00.961999Z  INFO     Status: NORMAL (drift above threshold)
2026-02-10T03:37:03.022299Z  INFO Window 137: 4058 packets, drift=1.000 | XDP total: 546219, dropped: 0
2026-02-10T03:37:03.022312Z  INFO     Status: NORMAL (drift above threshold)
2026-02-10T03:37:05.088175Z  INFO Window 138: 4065 packets, drift=1.000 | XDP total: 550285, dropped: 0
2026-02-10T03:37:05.088186Z  INFO     Status: NORMAL (drift above threshold)
2026-02-10T03:37:07.142145Z  INFO Window 139: 4059 packets, drift=1.000 | XDP total: 554344, dropped: 0
2026-02-10T03:37:07.142160Z  INFO     Status: NORMAL (drift above threshold)
2026-02-10T03:37:09.194370Z  INFO Window 140: 4046 packets, drift=1.000 | XDP total: 558389, dropped: 0
2026-02-10T03:37:09.194380Z  INFO     Status: NORMAL (drift above threshold)
2026-02-10T03:37:11.249062Z  INFO Window 141: 4044 packets, drift=1.000 | XDP total: 562434, dropped: 0
2026-02-10T03:37:11.249074Z  INFO     Status: NORMAL (drift above threshold)
2026-02-10T03:37:13.312089Z  INFO Window 142: 4064 packets, drift=1.000 | XDP total: 566498, dropped: 0
2026-02-10T03:37:13.312100Z  INFO     Status: NORMAL (drift above threshold)
2026-02-10T03:37:15.377296Z  INFO Window 143: 4081 packets, drift=1.000 | XDP total: 570581, dropped: 0
2026-02-10T03:37:15.377307Z  INFO     Status: NORMAL (drift above threshold)
2026-02-10T03:37:17.443040Z  INFO Window 144: 4069 packets, drift=1.000 | XDP total: 574648, dropped: 0
2026-02-10T03:37:17.443051Z  INFO     Status: NORMAL (drift above threshold)
2026-02-10T03:37:19.496322Z  INFO Window 145: 4039 packets, drift=1.000 | XDP total: 578687, dropped: 0
2026-02-10T03:37:19.496332Z  INFO     Status: NORMAL (drift above threshold)
2026-02-10T03:37:21.568465Z  INFO Window 146: 4064 packets, drift=1.000 | XDP total: 582751, dropped: 0
2026-02-10T03:37:21.568476Z  INFO     Status: NORMAL (drift above threshold)
2026-02-10T03:37:23.622906Z  INFO Window 147: 4049 packets, drift=1.000 | XDP total: 586799, dropped: 0
2026-02-10T03:37:23.622917Z  INFO     Status: NORMAL (drift above threshold)
2026-02-10T03:37:25.677133Z  INFO Window 148: 4052 packets, drift=1.000 | XDP total: 590852, dropped: 0
2026-02-10T03:37:25.677142Z  INFO     Status: NORMAL (drift above threshold)
2026-02-10T03:37:55.910274Z  INFO Window 149: 1720730 packets, drift=0.549 | XDP total: 26434706, dropped: 0
2026-02-10T03:37:55.910287Z  WARN >>> ANOMALY DETECTED: drift=0.549 (threshold=0.7)
2026-02-10T03:37:55.910293Z  WARN     Concentrated: dst_ip=10.100.0.2 (100.0%)
2026-02-10T03:37:55.910297Z  WARN     Concentrated: protocol=17 (100.0%)
2026-02-10T03:37:55.910301Z  WARN     Concentrated: src_ip=10.0.0.100 (100.0%)
2026-02-10T03:37:55.910312Z  INFO Added rule: SrcIp -> Drop
2026-02-10T03:37:55.910316Z  WARN     ADDED DROP RULE: SrcIp=10.0.0.100
2026-02-10T03:37:55.910319Z  WARN     Concentrated: dst_port=9999 (100.0%)
2026-02-10T03:37:55.910323Z  INFO Added rule: DstPort -> Drop
2026-02-10T03:37:55.910327Z  WARN     ADDED DROP RULE: DstPort=9999
2026-02-10T03:37:57.971760Z  INFO Window 150: 4057 packets, drift=0.949 | XDP total: 26438759, dropped: 0
2026-02-10T03:37:57.971770Z  INFO     Status: NORMAL (drift above threshold)
2026-02-10T03:38:00.029290Z  INFO Window 151: 4057 packets, drift=0.976 | XDP total: 26442818, dropped: 0
2026-02-10T03:38:00.029304Z  INFO     Status: NORMAL (drift above threshold)
2026-02-10T03:38:02.071395Z  INFO Window 152: 4013 packets, drift=0.988 | XDP total: 26446830, dropped: 0
2026-02-10T03:38:02.071405Z  INFO     Status: NORMAL (drift above threshold)
2026-02-10T03:38:04.130582Z  INFO Window 153: 3271 packets, drift=0.994 | XDP total: 26450096, dropped: 0
2026-02-10T03:38:04.130593Z  INFO     Status: NORMAL (drift above threshold)
