2026-02-10T03:42:50.006968Z  INFO Veth Lab Sidecar - Holon Anomaly Detection
2026-02-10T03:42:50.006974Z  INFO   Interface: veth-filter
2026-02-10T03:42:50.006976Z  INFO   Window: 2s
2026-02-10T03:42:50.006979Z  INFO   Drift threshold: 0.7
2026-02-10T03:42:50.006981Z  INFO   Concentration threshold: 0.5
2026-02-10T03:42:50.006982Z  INFO   Enforce mode: true
2026-02-10T03:42:50.006984Z  INFO   Dimensions: 4096
2026-02-10T03:42:50.006985Z  INFO   Warmup: 60 windows / 6000 packets
2026-02-10T03:42:50.006987Z  INFO   Sample rate: 1 in 100 packets
2026-02-10T03:42:50.006989Z  INFO   Log file: "logs/sidecar_20260209_194250.log"
2026-02-10T03:42:50.006991Z  INFO 
2026-02-10T03:42:50.006993Z  INFO Loading veth-filter XDP program for veth-filter
2026-02-10T03:42:50.045546Z  INFO XDP program loaded
2026-02-10T03:42:50.057973Z  INFO XDP program attached to veth-filter in default mode
2026-02-10T03:42:50.057992Z  INFO Sample rate set to 100
2026-02-10T03:42:50.057997Z  INFO Enforce mode set to true
2026-02-10T03:42:50.058034Z  INFO Holon initialized with 4096 dimensions
2026-02-10T03:42:50.058084Z  INFO Starting perf readers on 14 CPUs
2026-02-10T03:42:50.059069Z  INFO Starting detection loop...
2026-02-10T03:42:50.059074Z  INFO   Warmup: 60 windows or 6000 packets
2026-02-10T03:42:50.059076Z  INFO 
2026-02-10T03:42:52.125235Z  INFO Window 1: 0 packets (below minimum 20, skipping analysis)
