2026-02-10T04:58:14.961195Z  INFO Veth Lab Sidecar - Holon Anomaly Detection
2026-02-10T04:58:14.961199Z  INFO   Interface: veth-filter
2026-02-10T04:58:14.961200Z  INFO   Window: 2s
2026-02-10T04:58:14.961204Z  INFO   Drift threshold: 0.7
2026-02-10T04:58:14.961206Z  INFO   Concentration threshold: 0.5
2026-02-10T04:58:14.961207Z  INFO   Enforce mode: true
2026-02-10T04:58:14.961210Z  INFO   Dimensions: 4096
2026-02-10T04:58:14.961211Z  INFO   Warmup: 15 windows / 1500 packets
2026-02-10T04:58:14.961216Z  INFO   Sample rate: 1 in 100 packets
2026-02-10T04:58:14.961217Z  INFO   Perf buffer: 4 pages/CPU (16KB)
2026-02-10T04:58:14.961220Z  INFO   Log file: "logs/sidecar_20260209_205814.log"
2026-02-10T04:58:14.961222Z  INFO 
2026-02-10T04:58:14.961227Z  INFO Loading veth-filter XDP program for veth-filter
2026-02-10T04:58:15.002196Z  INFO XDP program loaded
2026-02-10T04:58:15.017732Z  INFO XDP program attached to veth-filter in default mode
2026-02-10T04:58:15.017767Z  INFO Sample rate set to 100
2026-02-10T04:58:15.017780Z  INFO Enforce mode set to true
2026-02-10T04:58:15.017819Z  INFO Holon initialized with 4096 dimensions
2026-02-10T04:58:15.017871Z  INFO Starting perf readers on 14 CPUs (4 pages/CPU)
2026-02-10T04:58:15.018454Z  INFO Starting detection loop...
2026-02-10T04:58:15.018457Z  INFO   Warmup: 15 windows or 1500 packets
2026-02-10T04:58:15.018460Z  INFO 
2026-02-10T04:58:17.086259Z  INFO Window 1: 0 packets (below minimum 50, skipping analysis)
2026-02-10T04:58:19.153757Z  INFO Window 2: 0 packets (below minimum 50, skipping analysis)
2026-02-10T04:58:21.223935Z  INFO Window 3: 0 packets (below minimum 50, skipping analysis)
2026-02-10T04:58:23.294779Z  INFO Window 4: 16 packets (below minimum 50, skipping analysis)
2026-02-10T04:58:25.361713Z  INFO Window 5: 43 packets (below minimum 50, skipping analysis)
2026-02-10T04:58:27.417619Z  INFO Window 6: 41 packets (below minimum 50, skipping analysis)
2026-02-10T04:58:29.482242Z  INFO Window 7: 40 packets (below minimum 50, skipping analysis)
2026-02-10T04:58:31.553900Z  INFO Window 8: 41 packets (below minimum 50, skipping analysis)
2026-02-10T04:58:33.620981Z  INFO Window 9: 42 packets (below minimum 50, skipping analysis)
2026-02-10T04:58:35.679801Z  INFO Window 10: 40 packets (below minimum 50, skipping analysis)
2026-02-10T04:58:37.747799Z  INFO Window 11: 41 packets (below minimum 50, skipping analysis)
2026-02-10T04:58:39.810065Z  INFO Window 12: 41 packets (below minimum 50, skipping analysis)
2026-02-10T04:58:41.869817Z  INFO Window 13: 40 packets (below minimum 50, skipping analysis)
2026-02-10T04:58:43.933605Z  INFO Window 14: 42 packets (below minimum 50, skipping analysis)
2026-02-10T04:58:45.997643Z  INFO Window 15: 43 packets (below minimum 50, skipping analysis)
2026-02-10T04:58:48.071241Z  INFO Window 16: 41 packets (below minimum 50, skipping analysis)
2026-02-10T04:58:50.139962Z  INFO Window 17: 39 packets (below minimum 50, skipping analysis)
2026-02-10T04:58:52.209350Z  INFO ========================================
2026-02-10T04:58:52.209361Z  INFO WARMUP COMPLETE - baseline FROZEN
2026-02-10T04:58:52.209365Z  INFO   Windows: 18, Packets: 53
2026-02-10T04:58:52.209368Z  INFO   Detection now active!
2026-02-10T04:58:52.209372Z  INFO ========================================
2026-02-10T04:58:52.209379Z  INFO Window 18: 53 packets, drift=0.962 | XDP total: 61116, dropped: 0
2026-02-10T04:58:52.209382Z  INFO     Status: NORMAL (drift above threshold)
2026-02-10T04:58:54.264419Z  INFO Window 19: 1027 packets, drift=0.549 | XDP total: 163871, dropped: 0
2026-02-10T04:58:54.264434Z  WARN >>> ANOMALY DETECTED: drift=0.549 (threshold=0.7)
2026-02-10T04:58:54.264441Z  WARN     Concentrated: dst_port=9999 (100.0%)
2026-02-10T04:58:54.264454Z  INFO Added rule: DstPort -> Drop
2026-02-10T04:58:54.264457Z  WARN     ADDED DROP RULE: DstPort=9999
2026-02-10T04:58:54.264462Z  WARN     Concentrated: dst_ip=10.100.0.2 (100.0%)
2026-02-10T04:58:54.264465Z  WARN     Concentrated: protocol=17 (100.0%)
2026-02-10T04:58:54.264469Z  WARN     Concentrated: src_ip=10.0.0.100 (100.0%)
2026-02-10T04:58:54.264475Z  INFO Added rule: SrcIp -> Drop
2026-02-10T04:58:54.264477Z  WARN     ADDED DROP RULE: SrcIp=10.0.0.100
2026-02-10T04:58:56.315920Z  INFO Window 20: 1028 packets, drift=0.549 | XDP total: 266444, dropped: 102570
2026-02-10T04:58:56.315933Z  WARN >>> ANOMALY DETECTED: drift=0.549 (threshold=0.7)
2026-02-10T04:58:56.315939Z  WARN     Concentrated: dst_ip=10.100.0.2 (100.0%)
2026-02-10T04:58:56.315944Z  WARN     Concentrated: src_ip=10.0.0.100 (100.0%)
2026-02-10T04:58:56.315950Z  WARN     Concentrated: protocol=17 (100.0%)
2026-02-10T04:58:56.315954Z  WARN     Concentrated: dst_port=9999 (100.0%)
2026-02-10T04:58:58.380721Z  INFO Window 21: 1034 packets, drift=0.548 | XDP total: 369686, dropped: 205812
2026-02-10T04:58:58.380732Z  WARN >>> ANOMALY DETECTED: drift=0.548 (threshold=0.7)
2026-02-10T04:58:58.380738Z  WARN     Concentrated: dst_ip=10.100.0.2 (100.0%)
2026-02-10T04:58:58.380744Z  WARN     Concentrated: protocol=17 (100.0%)
2026-02-10T04:58:58.380747Z  WARN     Concentrated: src_ip=10.0.0.100 (100.0%)
2026-02-10T04:58:58.380754Z  WARN     Concentrated: dst_port=9999 (100.0%)
2026-02-10T04:59:00.423017Z  INFO Window 22: 1018 packets, drift=0.549 | XDP total: 471800, dropped: 307926
2026-02-10T04:59:00.423038Z  WARN >>> ANOMALY DETECTED: drift=0.549 (threshold=0.7)
2026-02-10T04:59:00.423050Z  WARN     Concentrated: dst_ip=10.100.0.2 (100.0%)
2026-02-10T04:59:00.423059Z  WARN     Concentrated: dst_port=9999 (100.0%)
2026-02-10T04:59:00.423069Z  WARN     Concentrated: src_ip=10.0.0.100 (100.0%)
2026-02-10T04:59:00.423079Z  WARN     Concentrated: protocol=17 (100.0%)
2026-02-10T04:59:02.488150Z  INFO Window 23: 1033 packets, drift=0.549 | XDP total: 575056, dropped: 411182
2026-02-10T04:59:02.488170Z  WARN >>> ANOMALY DETECTED: drift=0.549 (threshold=0.7)
2026-02-10T04:59:02.488179Z  WARN     Concentrated: protocol=17 (100.0%)
2026-02-10T04:59:02.488186Z  WARN     Concentrated: dst_port=9999 (100.0%)
2026-02-10T04:59:02.488194Z  WARN     Concentrated: dst_ip=10.100.0.2 (100.0%)
2026-02-10T04:59:02.488199Z  WARN     Concentrated: src_ip=10.0.0.100 (100.0%)
2026-02-10T04:59:04.544517Z  INFO Window 24: 1028 packets, drift=0.549 | XDP total: 677875, dropped: 514001
2026-02-10T04:59:04.544532Z  WARN >>> ANOMALY DETECTED: drift=0.549 (threshold=0.7)
2026-02-10T04:59:04.544539Z  WARN     Concentrated: dst_ip=10.100.0.2 (100.0%)
2026-02-10T04:59:04.544544Z  WARN     Concentrated: src_ip=10.0.0.100 (100.0%)
2026-02-10T04:59:04.544550Z  WARN     Concentrated: protocol=17 (100.0%)
2026-02-10T04:59:04.544554Z  WARN     Concentrated: dst_port=9999 (100.0%)
2026-02-10T04:59:06.615304Z  INFO Window 25: 1035 packets, drift=0.548 | XDP total: 781413, dropped: 617539
2026-02-10T04:59:06.615317Z  WARN >>> ANOMALY DETECTED: drift=0.548 (threshold=0.7)
2026-02-10T04:59:06.615325Z  WARN     Concentrated: dst_ip=10.100.0.2 (100.0%)
2026-02-10T04:59:06.615329Z  WARN     Concentrated: src_ip=10.0.0.100 (100.0%)
2026-02-10T04:59:06.615336Z  WARN     Concentrated: dst_port=9999 (100.0%)
2026-02-10T04:59:06.615339Z  WARN     Concentrated: protocol=17 (100.0%)
2026-02-10T04:59:08.673847Z  INFO Window 26: 316 packets, drift=0.603 | XDP total: 812974, dropped: 646126
2026-02-10T04:59:08.673857Z  WARN >>> ANOMALY DETECTED: drift=0.603 (threshold=0.7)
2026-02-10T04:59:08.673861Z  WARN     Concentrated: dst_ip=10.100.0.2 (100.0%)
2026-02-10T04:59:08.673864Z  WARN     Concentrated: protocol=17 (100.0%)
2026-02-10T04:59:08.673866Z  WARN     Concentrated: src_ip=10.0.0.100 (90.8%)
2026-02-10T04:59:08.673871Z  WARN     Concentrated: dst_port=9999 (90.8%)
2026-02-10T04:59:10.731840Z  INFO Window 27: 41 packets (below minimum 50, skipping analysis)
2026-02-10T04:59:12.794327Z  INFO Window 28: 40 packets (below minimum 50, skipping analysis)
2026-02-10T04:59:14.860052Z  INFO Window 29: 45 packets (below minimum 50, skipping analysis)
2026-02-10T04:59:16.914942Z  INFO Window 30: 38 packets (below minimum 50, skipping analysis)
2026-02-10T04:59:18.977525Z  INFO Window 31: 43 packets (below minimum 50, skipping analysis)
2026-02-10T04:59:21.035290Z  INFO Window 32: 41 packets (below minimum 50, skipping analysis)
2026-02-10T04:59:23.089742Z  INFO Window 33: 41 packets (below minimum 50, skipping analysis)
2026-02-10T04:59:25.143682Z  INFO Window 34: 41 packets (below minimum 50, skipping analysis)
2026-02-10T04:59:27.203947Z  INFO Window 35: 48 packets (below minimum 50, skipping analysis)
2026-02-10T04:59:29.264662Z  INFO Window 36: 1030 packets, drift=0.549 | XDP total: 953872, dropped: 749998
2026-02-10T04:59:29.264676Z  WARN >>> ANOMALY DETECTED: drift=0.549 (threshold=0.7)
2026-02-10T04:59:29.264683Z  WARN     Concentrated: protocol=17 (100.0%)
2026-02-10T04:59:29.264688Z  WARN     Concentrated: src_ip=10.0.0.100 (100.0%)
2026-02-10T04:59:29.264694Z  WARN     Concentrated: dst_port=9999 (100.0%)
2026-02-10T04:59:29.264699Z  WARN     Concentrated: dst_ip=10.100.0.2 (100.0%)
2026-02-10T04:59:31.331171Z  INFO Window 37: 1035 packets, drift=0.549 | XDP total: 1057198, dropped: 853324
2026-02-10T04:59:31.331182Z  WARN >>> ANOMALY DETECTED: drift=0.549 (threshold=0.7)
2026-02-10T04:59:31.331188Z  WARN     Concentrated: dst_port=9999 (100.0%)
2026-02-10T04:59:31.331193Z  WARN     Concentrated: src_ip=10.0.0.100 (100.0%)
2026-02-10T04:59:31.331199Z  WARN     Concentrated: dst_ip=10.100.0.2 (100.0%)
2026-02-10T04:59:31.331202Z  WARN     Concentrated: protocol=17 (100.0%)
2026-02-10T04:59:33.392749Z  INFO Window 38: 1030 packets, drift=0.548 | XDP total: 1160276, dropped: 956402
2026-02-10T04:59:33.392765Z  WARN >>> ANOMALY DETECTED: drift=0.548 (threshold=0.7)
2026-02-10T04:59:33.392771Z  WARN     Concentrated: dst_ip=10.100.0.2 (100.0%)
2026-02-10T04:59:33.392776Z  WARN     Concentrated: src_ip=10.0.0.100 (100.0%)
2026-02-10T04:59:33.392783Z  WARN     Concentrated: dst_port=9999 (100.0%)
2026-02-10T04:59:33.392787Z  WARN     Concentrated: protocol=17 (100.0%)
2026-02-10T04:59:35.452641Z  INFO Window 39: 1030 packets, drift=0.549 | XDP total: 1263273, dropped: 1059399
2026-02-10T04:59:35.452653Z  WARN >>> ANOMALY DETECTED: drift=0.549 (threshold=0.7)
2026-02-10T04:59:35.452672Z  WARN     Concentrated: dst_ip=10.100.0.2 (100.0%)
2026-02-10T04:59:35.452679Z  WARN     Concentrated: src_ip=10.0.0.100 (100.0%)
2026-02-10T04:59:35.452687Z  WARN     Concentrated: protocol=17 (100.0%)
2026-02-10T04:59:35.452690Z  WARN     Concentrated: dst_port=9999 (100.0%)
2026-02-10T04:59:37.511472Z  INFO Window 40: 1029 packets, drift=0.549 | XDP total: 1366212, dropped: 1162338
2026-02-10T04:59:37.511487Z  WARN >>> ANOMALY DETECTED: drift=0.549 (threshold=0.7)
2026-02-10T04:59:37.511493Z  WARN     Concentrated: dst_port=9999 (100.0%)
2026-02-10T04:59:37.511501Z  WARN     Concentrated: dst_ip=10.100.0.2 (100.0%)
2026-02-10T04:59:37.511505Z  WARN     Concentrated: protocol=17 (100.0%)
2026-02-10T04:59:37.511509Z  WARN     Concentrated: src_ip=10.0.0.100 (100.0%)
2026-02-10T04:59:39.577322Z  INFO Window 41: 1035 packets, drift=0.549 | XDP total: 1469507, dropped: 1265633
2026-02-10T04:59:39.577334Z  WARN >>> ANOMALY DETECTED: drift=0.549 (threshold=0.7)
2026-02-10T04:59:39.577340Z  WARN     Concentrated: dst_port=9999 (100.0%)
2026-02-10T04:59:39.577345Z  WARN     Concentrated: src_ip=10.0.0.100 (100.0%)
2026-02-10T04:59:39.577349Z  WARN     Concentrated: protocol=17 (100.0%)
2026-02-10T04:59:39.577352Z  WARN     Concentrated: dst_ip=10.100.0.2 (100.0%)
2026-02-10T04:59:41.637685Z  INFO Window 42: 1028 packets, drift=0.549 | XDP total: 1572523, dropped: 1368652
2026-02-10T04:59:41.637698Z  WARN >>> ANOMALY DETECTED: drift=0.549 (threshold=0.7)
2026-02-10T04:59:41.637706Z  WARN     Concentrated: dst_ip=10.100.0.2 (100.0%)
2026-02-10T04:59:41.637711Z  WARN     Concentrated: src_ip=10.0.0.100 (100.0%)
2026-02-10T04:59:41.637717Z  WARN     Concentrated: protocol=17 (100.0%)
2026-02-10T04:59:41.637721Z  WARN     Concentrated: dst_port=9999 (100.0%)
2026-02-10T04:59:43.698531Z  INFO Window 43: 307 packets, drift=0.610 | XDP total: 1603021, dropped: 1396124
2026-02-10T04:59:43.698544Z  WARN >>> ANOMALY DETECTED: drift=0.610 (threshold=0.7)
2026-02-10T04:59:43.698551Z  WARN     Concentrated: protocol=17 (100.0%)
2026-02-10T04:59:43.698555Z  WARN     Concentrated: dst_ip=10.100.0.2 (100.0%)
2026-02-10T04:59:43.698559Z  WARN     Concentrated: src_ip=10.0.0.100 (89.9%)
2026-02-10T04:59:43.698567Z  WARN     Concentrated: dst_port=9999 (89.9%)
2026-02-10T04:59:45.761015Z  INFO Window 44: 41 packets (below minimum 50, skipping analysis)
2026-02-10T04:59:47.827981Z  INFO Window 45: 41 packets (below minimum 50, skipping analysis)
2026-02-10T04:59:49.893058Z  INFO Window 46: 41 packets (below minimum 50, skipping analysis)
2026-02-10T04:59:51.956242Z  INFO Window 47: 41 packets (below minimum 50, skipping analysis)
2026-02-10T04:59:54.025803Z  INFO Window 48: 4 packets (below minimum 50, skipping analysis)
2026-02-10T04:59:56.088323Z  INFO Window 49: 0 packets (below minimum 50, skipping analysis)
2026-02-10T04:59:58.151679Z  INFO Window 50: 0 packets (below minimum 50, skipping analysis)
2026-02-10T05:00:00.223150Z  INFO Window 51: 0 packets (below minimum 50, skipping analysis)
2026-02-10T05:00:02.287759Z  INFO Window 52: 0 packets (below minimum 50, skipping analysis)
2026-02-10T05:00:04.352325Z  INFO Window 53: 0 packets (below minimum 50, skipping analysis)
2026-02-10T05:00:06.407295Z  INFO Window 54: 0 packets (below minimum 50, skipping analysis)
2026-02-10T05:00:08.471131Z  INFO Window 55: 0 packets (below minimum 50, skipping analysis)
2026-02-10T05:00:10.539586Z  INFO Window 56: 0 packets (below minimum 50, skipping analysis)
2026-02-10T05:00:12.605718Z  INFO Window 57: 0 packets (below minimum 50, skipping analysis)
2026-02-10T05:00:14.676715Z  INFO Window 58: 0 packets (below minimum 50, skipping analysis)
2026-02-10T05:00:16.745874Z  INFO Window 59: 0 packets (below minimum 50, skipping analysis)
2026-02-10T05:00:18.808257Z  INFO Window 60: 0 packets (below minimum 50, skipping analysis)
2026-02-10T05:00:20.870886Z  INFO Window 61: 0 packets (below minimum 50, skipping analysis)
2026-02-10T05:00:22.937246Z  INFO Window 62: 0 packets (below minimum 50, skipping analysis)
2026-02-10T05:00:25.001939Z  INFO Window 63: 0 packets (below minimum 50, skipping analysis)
2026-02-10T05:00:27.059953Z  INFO Window 64: 0 packets (below minimum 50, skipping analysis)
2026-02-10T05:00:29.115078Z  INFO Window 65: 0 packets (below minimum 50, skipping analysis)
2026-02-10T05:00:31.184815Z  INFO Window 66: 0 packets (below minimum 50, skipping analysis)
2026-02-10T05:00:33.242469Z  INFO Window 67: 0 packets (below minimum 50, skipping analysis)
2026-02-10T05:00:35.296480Z  INFO Window 68: 0 packets (below minimum 50, skipping analysis)
2026-02-10T05:00:37.365355Z  INFO Window 69: 0 packets (below minimum 50, skipping analysis)
2026-02-10T05:00:39.427561Z  INFO Window 70: 0 packets (below minimum 50, skipping analysis)
2026-02-10T05:00:41.487861Z  INFO Window 71: 0 packets (below minimum 50, skipping analysis)
2026-02-10T05:00:43.543375Z  INFO Window 72: 0 packets (below minimum 50, skipping analysis)
