2026-02-10T04:43:14.042836Z  INFO Veth Lab Sidecar - Holon Anomaly Detection
2026-02-10T04:43:14.042844Z  INFO   Interface: veth-filter
2026-02-10T04:43:14.042846Z  INFO   Window: 2s
2026-02-10T04:43:14.042852Z  INFO   Drift threshold: 0.7
2026-02-10T04:43:14.042855Z  INFO   Concentration threshold: 0.5
2026-02-10T04:43:14.042857Z  INFO   Enforce mode: true
2026-02-10T04:43:14.042861Z  INFO   Dimensions: 4096
2026-02-10T04:43:14.042864Z  INFO   Warmup: 60 windows / 6000 packets
2026-02-10T04:43:14.042867Z  INFO   Sample rate: 1 in 50 packets
2026-02-10T04:43:14.042870Z  INFO   Perf buffer: 4 pages/CPU (16KB)
2026-02-10T04:43:14.042874Z  INFO   Log file: "logs/sidecar_20260209_204314.log"
2026-02-10T04:43:14.042876Z  INFO 
2026-02-10T04:43:14.042880Z  INFO Loading veth-filter XDP program for veth-filter
2026-02-10T04:43:14.086845Z  INFO XDP program loaded
2026-02-10T04:43:14.102727Z  INFO XDP program attached to veth-filter in default mode
2026-02-10T04:43:14.102775Z  INFO Sample rate set to 50
2026-02-10T04:43:14.102791Z  INFO Enforce mode set to true
2026-02-10T04:43:14.102866Z  INFO Holon initialized with 4096 dimensions
2026-02-10T04:43:14.102922Z  INFO Starting perf readers on 14 CPUs (4 pages/CPU)
2026-02-10T04:43:14.104402Z  INFO Starting detection loop...
2026-02-10T04:43:14.104408Z  INFO   Warmup: 60 windows or 6000 packets
2026-02-10T04:43:14.104410Z  INFO 
2026-02-10T04:43:16.158986Z  INFO Window 1: 0 packets (below minimum 50, skipping analysis)
2026-02-10T04:43:18.235951Z  INFO Window 2: 0 packets (below minimum 50, skipping analysis)
2026-02-10T04:43:20.309494Z  INFO Window 3: 36 packets (below minimum 50, skipping analysis)
2026-02-10T04:43:22.371063Z  INFO Window 4 [WARMUP]: 72 packets, drift=0.974 | XDP total: 5655, dropped: 0 | warmup 4/60 windows, 72/6000 packets
2026-02-10T04:43:24.444914Z  INFO Window 5 [WARMUP]: 74 packets, drift=0.985 | XDP total: 9338, dropped: 0 | warmup 5/60 windows, 146/6000 packets
2026-02-10T04:43:26.518839Z  INFO Window 6 [WARMUP]: 71 packets, drift=0.988 | XDP total: 12978, dropped: 0 | warmup 6/60 windows, 217/6000 packets
2026-02-10T04:43:28.594687Z  INFO Window 7 [WARMUP]: 72 packets, drift=0.989 | XDP total: 16654, dropped: 0 | warmup 7/60 windows, 289/6000 packets
2026-02-10T04:43:30.664250Z  INFO Window 8 [WARMUP]: 75 packets, drift=0.989 | XDP total: 20332, dropped: 0 | warmup 8/60 windows, 364/6000 packets
2026-02-10T04:43:32.727254Z  INFO Window 9 [WARMUP]: 73 packets, drift=0.989 | XDP total: 23943, dropped: 0 | warmup 9/60 windows, 437/6000 packets
2026-02-10T04:43:34.791426Z  INFO Window 10 [WARMUP]: 74 packets, drift=0.990 | XDP total: 27604, dropped: 0 | warmup 10/60 windows, 511/6000 packets
2026-02-10T04:43:36.866388Z  INFO Window 11 [WARMUP]: 72 packets, drift=0.990 | XDP total: 31290, dropped: 0 | warmup 11/60 windows, 583/6000 packets
2026-02-10T04:43:38.932856Z  INFO Window 12 [WARMUP]: 74 packets, drift=0.990 | XDP total: 34948, dropped: 0 | warmup 12/60 windows, 657/6000 packets
2026-02-10T04:43:41.012437Z  INFO Window 13 [WARMUP]: 74 packets, drift=0.990 | XDP total: 38629, dropped: 0 | warmup 13/60 windows, 731/6000 packets
2026-02-10T04:43:43.091619Z  INFO Window 14 [WARMUP]: 70 packets, drift=0.989 | XDP total: 42306, dropped: 0 | warmup 14/60 windows, 801/6000 packets
2026-02-10T04:43:45.157932Z  INFO Window 15 [WARMUP]: 75 packets, drift=0.990 | XDP total: 45964, dropped: 0 | warmup 15/60 windows, 876/6000 packets
2026-02-10T04:43:47.221233Z  INFO Window 16 [WARMUP]: 75 packets, drift=0.990 | XDP total: 49611, dropped: 0 | warmup 16/60 windows, 951/6000 packets
2026-02-10T04:43:49.290029Z  INFO Window 17 [WARMUP]: 72 packets, drift=0.990 | XDP total: 53276, dropped: 0 | warmup 17/60 windows, 1023/6000 packets
2026-02-10T04:43:51.361547Z  INFO Window 18 [WARMUP]: 74 packets, drift=0.990 | XDP total: 56940, dropped: 0 | warmup 18/60 windows, 1097/6000 packets
2026-02-10T04:43:53.436714Z  INFO Window 19 [WARMUP]: 75 packets, drift=0.990 | XDP total: 60621, dropped: 0 | warmup 19/60 windows, 1172/6000 packets
2026-02-10T04:43:55.513096Z  INFO Window 20 [WARMUP]: 73 packets, drift=0.990 | XDP total: 64298, dropped: 0 | warmup 20/60 windows, 1245/6000 packets
2026-02-10T04:43:57.591355Z  INFO Window 21 [WARMUP]: 71 packets, drift=0.990 | XDP total: 67908, dropped: 0 | warmup 21/60 windows, 1316/6000 packets
2026-02-10T04:43:59.661833Z  INFO Window 22 [WARMUP]: 74 packets, drift=0.990 | XDP total: 71586, dropped: 0 | warmup 22/60 windows, 1390/6000 packets
2026-02-10T04:44:01.731035Z  INFO Window 23 [WARMUP]: 71 packets, drift=0.990 | XDP total: 75165, dropped: 0 | warmup 23/60 windows, 1461/6000 packets
2026-02-10T04:44:03.804086Z  INFO Window 24 [WARMUP]: 73 packets, drift=0.990 | XDP total: 78848, dropped: 0 | warmup 24/60 windows, 1534/6000 packets
2026-02-10T04:44:05.875148Z  INFO Window 25 [WARMUP]: 72 packets, drift=0.989 | XDP total: 82522, dropped: 0 | warmup 25/60 windows, 1606/6000 packets
2026-02-10T04:44:07.939731Z  INFO Window 26 [WARMUP]: 74 packets, drift=0.990 | XDP total: 86178, dropped: 0 | warmup 26/60 windows, 1680/6000 packets
2026-02-10T04:44:10.012347Z  INFO Window 27 [WARMUP]: 75 packets, drift=0.990 | XDP total: 89845, dropped: 0 | warmup 27/60 windows, 1755/6000 packets
2026-02-10T04:44:12.086520Z  INFO Window 28 [WARMUP]: 73 packets, drift=0.990 | XDP total: 93518, dropped: 0 | warmup 28/60 windows, 1828/6000 packets
2026-02-10T04:44:14.166782Z  INFO Window 29 [WARMUP]: 74 packets, drift=0.990 | XDP total: 97203, dropped: 0 | warmup 29/60 windows, 1902/6000 packets
2026-02-10T04:44:16.236709Z  INFO Window 30 [WARMUP]: 71 packets, drift=0.990 | XDP total: 100790, dropped: 0 | warmup 30/60 windows, 1973/6000 packets
2026-02-10T04:44:18.301213Z  INFO Window 31 [WARMUP]: 74 packets, drift=0.990 | XDP total: 104443, dropped: 0 | warmup 31/60 windows, 2047/6000 packets
2026-02-10T04:44:20.363370Z  INFO Window 32 [WARMUP]: 73 packets, drift=0.990 | XDP total: 108100, dropped: 0 | warmup 32/60 windows, 2120/6000 packets
2026-02-10T04:44:22.429395Z  INFO Window 33 [WARMUP]: 74 packets, drift=0.990 | XDP total: 111768, dropped: 0 | warmup 33/60 windows, 2194/6000 packets
2026-02-10T04:44:24.502943Z  INFO Window 34 [WARMUP]: 73 packets, drift=0.990 | XDP total: 115436, dropped: 0 | warmup 34/60 windows, 2267/6000 packets
2026-02-10T04:44:26.568237Z  INFO Window 35 [WARMUP]: 75 packets, drift=0.990 | XDP total: 119104, dropped: 0 | warmup 35/60 windows, 2342/6000 packets
2026-02-10T04:44:28.643262Z  INFO Window 36 [WARMUP]: 71 packets, drift=0.989 | XDP total: 122786, dropped: 0 | warmup 36/60 windows, 2413/6000 packets
2026-02-10T04:44:30.717674Z  INFO Window 37 [WARMUP]: 74 packets, drift=0.990 | XDP total: 126472, dropped: 0 | warmup 37/60 windows, 2487/6000 packets
2026-02-10T04:44:32.789025Z  INFO Window 38 [WARMUP]: 67 packets, drift=0.989 | XDP total: 129969, dropped: 0 | warmup 38/60 windows, 2554/6000 packets
2026-02-10T04:44:34.867782Z  INFO Window 39 [WARMUP]: 76 packets, drift=0.990 | XDP total: 133651, dropped: 0 | warmup 39/60 windows, 2630/6000 packets
2026-02-10T04:44:36.947929Z  INFO Window 40 [WARMUP]: 73 packets, drift=0.990 | XDP total: 137336, dropped: 0 | warmup 40/60 windows, 2703/6000 packets
2026-02-10T04:44:39.023523Z  INFO Window 41 [WARMUP]: 74 packets, drift=0.990 | XDP total: 141004, dropped: 0 | warmup 41/60 windows, 2777/6000 packets
2026-02-10T04:44:41.090524Z  INFO Window 42 [WARMUP]: 75 packets, drift=0.990 | XDP total: 144671, dropped: 0 | warmup 42/60 windows, 2852/6000 packets
2026-02-10T04:44:43.162852Z  INFO Window 43 [WARMUP]: 71 packets, drift=0.990 | XDP total: 148350, dropped: 0 | warmup 43/60 windows, 2923/6000 packets
2026-02-10T04:44:45.241995Z  INFO Window 44 [WARMUP]: 75 packets, drift=0.990 | XDP total: 152036, dropped: 0 | warmup 44/60 windows, 2998/6000 packets
2026-02-10T04:44:47.323776Z  INFO Window 45 [WARMUP]: 74 packets, drift=0.990 | XDP total: 155716, dropped: 0 | warmup 45/60 windows, 3072/6000 packets
2026-02-10T04:44:49.387622Z  INFO Window 46 [WARMUP]: 72 packets, drift=0.990 | XDP total: 159374, dropped: 0 | warmup 46/60 windows, 3144/6000 packets
2026-02-10T04:44:51.464806Z  INFO Window 47 [WARMUP]: 76 packets, drift=0.991 | XDP total: 163072, dropped: 0 | warmup 47/60 windows, 3220/6000 packets
2026-02-10T04:44:53.528077Z  INFO Window 48 [WARMUP]: 72 packets, drift=0.990 | XDP total: 166748, dropped: 0 | warmup 48/60 windows, 3292/6000 packets
2026-02-10T04:44:55.597034Z  INFO Window 49 [WARMUP]: 74 packets, drift=0.990 | XDP total: 170426, dropped: 0 | warmup 49/60 windows, 3366/6000 packets
2026-02-10T04:44:57.681017Z  INFO Window 50 [WARMUP]: 73 packets, drift=0.990 | XDP total: 174125, dropped: 0 | warmup 50/60 windows, 3439/6000 packets
2026-02-10T04:44:59.759369Z  INFO Window 51 [WARMUP]: 74 packets, drift=0.990 | XDP total: 177814, dropped: 0 | warmup 51/60 windows, 3513/6000 packets
2026-02-10T04:45:01.824474Z  INFO Window 52 [WARMUP]: 73 packets, drift=0.990 | XDP total: 181410, dropped: 0 | warmup 52/60 windows, 3586/6000 packets
2026-02-10T04:45:03.899265Z  INFO Window 53 [WARMUP]: 73 packets, drift=0.990 | XDP total: 185088, dropped: 0 | warmup 53/60 windows, 3659/6000 packets
2026-02-10T04:45:05.966865Z  INFO Window 54 [WARMUP]: 73 packets, drift=0.990 | XDP total: 188757, dropped: 0 | warmup 54/60 windows, 3732/6000 packets
2026-02-10T04:45:08.032593Z  INFO Window 55 [WARMUP]: 75 packets, drift=0.990 | XDP total: 192426, dropped: 0 | warmup 55/60 windows, 3807/6000 packets
2026-02-10T04:45:10.095463Z  INFO Window 56 [WARMUP]: 72 packets, drift=0.990 | XDP total: 196030, dropped: 0 | warmup 56/60 windows, 3879/6000 packets
2026-02-10T04:45:12.172887Z  INFO Window 57 [WARMUP]: 74 packets, drift=0.990 | XDP total: 199729, dropped: 0 | warmup 57/60 windows, 3953/6000 packets
2026-02-10T04:45:14.248199Z  INFO Window 58 [WARMUP]: 75 packets, drift=0.990 | XDP total: 203433, dropped: 0 | warmup 58/60 windows, 4028/6000 packets
2026-02-10T04:45:16.322247Z  INFO Window 59 [WARMUP]: 71 packets, drift=0.990 | XDP total: 207125, dropped: 0 | warmup 59/60 windows, 4099/6000 packets
2026-02-10T04:45:18.386195Z  INFO ========================================
2026-02-10T04:45:18.386210Z  INFO WARMUP COMPLETE - baseline FROZEN
2026-02-10T04:45:18.386216Z  INFO   Windows: 60, Packets: 4175
2026-02-10T04:45:18.386221Z  INFO   Detection now active!
2026-02-10T04:45:18.386226Z  INFO ========================================
2026-02-10T04:45:18.386235Z  INFO Window 60: 76 packets, drift=0.990 | XDP total: 210808, dropped: 0
2026-02-10T04:45:18.386241Z  INFO     Status: NORMAL (drift above threshold)
2026-02-10T04:45:20.452001Z  INFO Window 61: 73 packets, drift=0.990 | XDP total: 214490, dropped: 0
2026-02-10T04:45:20.452013Z  INFO     Status: NORMAL (drift above threshold)
2026-02-10T04:45:22.520480Z  INFO Window 62: 73 packets, drift=0.990 | XDP total: 218179, dropped: 0
2026-02-10T04:45:22.520497Z  INFO     Status: NORMAL (drift above threshold)
2026-02-10T04:45:24.594644Z  INFO Window 63: 74 packets, drift=0.990 | XDP total: 221876, dropped: 0
2026-02-10T04:45:24.594662Z  INFO     Status: NORMAL (drift above threshold)
2026-02-10T04:45:26.667046Z  INFO Window 64: 75 packets, drift=0.990 | XDP total: 225571, dropped: 0
2026-02-10T04:45:26.667074Z  INFO     Status: NORMAL (drift above threshold)
2026-02-10T04:45:28.731089Z  INFO Window 65: 72 packets, drift=0.990 | XDP total: 229245, dropped: 0
2026-02-10T04:45:28.731108Z  INFO     Status: NORMAL (drift above threshold)
2026-02-10T04:45:30.801010Z  INFO Window 66: 76 packets, drift=0.990 | XDP total: 232939, dropped: 0
2026-02-10T04:45:30.801026Z  INFO     Status: NORMAL (drift above threshold)
2026-02-10T04:45:32.872151Z  INFO Window 67: 68 packets, drift=0.989 | XDP total: 236477, dropped: 0
2026-02-10T04:45:32.872186Z  INFO     Status: NORMAL (drift above threshold)
2026-02-10T04:45:34.939619Z  INFO Window 68: 74 packets, drift=0.990 | XDP total: 240134, dropped: 0
2026-02-10T04:45:34.939635Z  INFO     Status: NORMAL (drift above threshold)
2026-02-10T04:45:36.998175Z  INFO Window 69: 75 packets, drift=0.990 | XDP total: 243812, dropped: 0
2026-02-10T04:45:36.998186Z  INFO     Status: NORMAL (drift above threshold)
2026-02-10T04:45:39.073177Z  INFO Window 70: 72 packets, drift=0.989 | XDP total: 247505, dropped: 0
2026-02-10T04:45:39.073194Z  INFO     Status: NORMAL (drift above threshold)
2026-02-10T04:45:41.150087Z  INFO Window 71: 75 packets, drift=0.990 | XDP total: 251208, dropped: 0
2026-02-10T04:45:41.150105Z  INFO     Status: NORMAL (drift above threshold)
2026-02-10T04:45:43.229211Z  INFO Window 72: 74 packets, drift=0.990 | XDP total: 254911, dropped: 0
2026-02-10T04:45:43.229232Z  INFO     Status: NORMAL (drift above threshold)
2026-02-10T04:45:45.309812Z  INFO Window 73: 75 packets, drift=0.991 | XDP total: 258623, dropped: 0
2026-02-10T04:45:45.309829Z  INFO     Status: NORMAL (drift above threshold)
2026-02-10T04:45:47.382395Z  INFO Window 74: 73 packets, drift=0.990 | XDP total: 262318, dropped: 0
2026-02-10T04:45:47.382412Z  INFO     Status: NORMAL (drift above threshold)
2026-02-10T04:45:49.458592Z  INFO Window 75: 75 packets, drift=0.990 | XDP total: 266022, dropped: 0
2026-02-10T04:45:49.458607Z  INFO     Status: NORMAL (drift above threshold)
2026-02-10T04:45:51.519533Z  INFO Window 76: 74 packets, drift=0.990 | XDP total: 269697, dropped: 0
2026-02-10T04:45:51.519550Z  INFO     Status: NORMAL (drift above threshold)
2026-02-10T04:45:53.586847Z  INFO Window 77: 72 packets, drift=0.990 | XDP total: 273381, dropped: 0
2026-02-10T04:45:53.586861Z  INFO     Status: NORMAL (drift above threshold)
2026-02-10T04:45:55.653503Z  INFO Window 78: 75 packets, drift=0.990 | XDP total: 277068, dropped: 0
2026-02-10T04:45:55.653519Z  INFO     Status: NORMAL (drift above threshold)
2026-02-10T04:45:57.732958Z  INFO Window 79: 73 packets, drift=0.990 | XDP total: 280774, dropped: 0
2026-02-10T04:45:57.732976Z  INFO     Status: NORMAL (drift above threshold)
2026-02-10T04:45:59.815826Z  INFO Window 80: 75 packets, drift=0.991 | XDP total: 284489, dropped: 0
2026-02-10T04:45:59.815848Z  INFO     Status: NORMAL (drift above threshold)
2026-02-10T04:46:01.889056Z  INFO Window 81: 73 packets, drift=0.990 | XDP total: 288186, dropped: 0
2026-02-10T04:46:01.889073Z  INFO     Status: NORMAL (drift above threshold)
2026-02-10T04:46:03.963748Z  INFO Window 82: 75 packets, drift=0.990 | XDP total: 291890, dropped: 0
2026-02-10T04:46:03.963765Z  INFO     Status: NORMAL (drift above threshold)
2026-02-10T04:46:06.048278Z  INFO Window 83: 73 packets, drift=0.990 | XDP total: 295606, dropped: 0
2026-02-10T04:46:06.048296Z  INFO     Status: NORMAL (drift above threshold)
2026-02-10T04:46:08.120995Z  INFO Window 84: 75 packets, drift=0.990 | XDP total: 299298, dropped: 0
2026-02-10T04:46:08.121007Z  INFO     Status: NORMAL (drift above threshold)
2026-02-10T04:46:10.197719Z  INFO Window 85: 74 packets, drift=0.990 | XDP total: 303002, dropped: 0
2026-02-10T04:46:10.197737Z  INFO     Status: NORMAL (drift above threshold)
2026-02-10T04:46:12.274206Z  INFO Window 86: 74 packets, drift=0.990 | XDP total: 306707, dropped: 0
2026-02-10T04:46:12.274224Z  INFO     Status: NORMAL (drift above threshold)
2026-02-10T04:46:14.355101Z  INFO Window 87: 74 packets, drift=0.990 | XDP total: 310424, dropped: 0
2026-02-10T04:46:14.355119Z  INFO     Status: NORMAL (drift above threshold)
2026-02-10T04:46:16.428076Z  INFO Window 88: 73 packets, drift=0.990 | XDP total: 314128, dropped: 0
2026-02-10T04:46:16.428095Z  INFO     Status: NORMAL (drift above threshold)
2026-02-10T04:46:18.501203Z  INFO Window 89: 75 packets, drift=0.990 | XDP total: 317826, dropped: 0
2026-02-10T04:46:18.501221Z  INFO     Status: NORMAL (drift above threshold)
2026-02-10T04:46:20.573252Z  INFO Window 90: 73 packets, drift=0.990 | XDP total: 321527, dropped: 0
2026-02-10T04:46:20.573269Z  INFO     Status: NORMAL (drift above threshold)
2026-02-10T04:46:22.657690Z  INFO Window 91: 75 packets, drift=0.990 | XDP total: 325248, dropped: 0
2026-02-10T04:46:22.657710Z  INFO     Status: NORMAL (drift above threshold)
2026-02-10T04:46:24.726440Z  INFO Window 92: 74 packets, drift=0.990 | XDP total: 328936, dropped: 0
2026-02-10T04:46:24.726450Z  INFO     Status: NORMAL (drift above threshold)
2026-02-10T04:46:26.798006Z  INFO Window 93: 74 packets, drift=0.990 | XDP total: 332638, dropped: 0
2026-02-10T04:46:26.798023Z  INFO     Status: NORMAL (drift above threshold)
2026-02-10T04:46:28.874032Z  INFO Window 94: 74 packets, drift=0.990 | XDP total: 336344, dropped: 0
2026-02-10T04:46:28.874049Z  INFO     Status: NORMAL (drift above threshold)
2026-02-10T04:46:30.940605Z  INFO Window 95: 74 packets, drift=0.990 | XDP total: 340030, dropped: 0
2026-02-10T04:46:30.940625Z  INFO     Status: NORMAL (drift above threshold)
2026-02-10T04:46:33.022055Z  INFO Window 96: 74 packets, drift=0.990 | XDP total: 343749, dropped: 0
2026-02-10T04:46:33.022072Z  INFO     Status: NORMAL (drift above threshold)
2026-02-10T04:46:35.092295Z  INFO Window 97: 74 packets, drift=0.990 | XDP total: 347443, dropped: 0
2026-02-10T04:46:35.092312Z  INFO     Status: NORMAL (drift above threshold)
2026-02-10T04:46:37.166145Z  INFO Window 98: 75 packets, drift=0.990 | XDP total: 351140, dropped: 0
2026-02-10T04:46:37.166161Z  INFO     Status: NORMAL (drift above threshold)
2026-02-10T04:46:39.242806Z  INFO Window 99: 74 packets, drift=0.990 | XDP total: 354840, dropped: 0
2026-02-10T04:46:39.242818Z  INFO     Status: NORMAL (drift above threshold)
2026-02-10T04:46:41.308252Z  INFO Window 100: 74 packets, drift=0.990 | XDP total: 358521, dropped: 0
2026-02-10T04:46:41.308270Z  INFO     Status: NORMAL (drift above threshold)
2026-02-10T04:46:43.371671Z  INFO Window 101: 73 packets, drift=0.990 | XDP total: 362199, dropped: 0
2026-02-10T04:46:43.371688Z  INFO     Status: NORMAL (drift above threshold)
2026-02-10T04:46:45.454387Z  INFO Window 102: 73 packets, drift=0.989 | XDP total: 365914, dropped: 0
2026-02-10T04:46:45.454403Z  INFO     Status: NORMAL (drift above threshold)
2026-02-10T04:46:47.529307Z  INFO Window 103: 75 packets, drift=0.990 | XDP total: 369613, dropped: 0
2026-02-10T04:46:47.529321Z  INFO     Status: NORMAL (drift above threshold)
2026-02-10T04:46:49.595650Z  INFO Window 104: 75 packets, drift=0.990 | XDP total: 373302, dropped: 0
2026-02-10T04:46:49.595686Z  INFO     Status: NORMAL (drift above threshold)
2026-02-10T04:46:51.664893Z  INFO Window 105: 72 packets, drift=0.990 | XDP total: 376992, dropped: 0
2026-02-10T04:46:51.664902Z  INFO     Status: NORMAL (drift above threshold)
2026-02-10T04:46:53.738791Z  INFO Window 106: 73 packets, drift=0.990 | XDP total: 380692, dropped: 0
2026-02-10T04:46:53.738807Z  INFO     Status: NORMAL (drift above threshold)
2026-02-10T04:46:55.812801Z  INFO Window 107: 74 packets, drift=0.990 | XDP total: 384394, dropped: 0
2026-02-10T04:46:55.812817Z  INFO     Status: NORMAL (drift above threshold)
2026-02-10T04:46:57.880513Z  INFO Window 108: 73 packets, drift=0.990 | XDP total: 388083, dropped: 0
2026-02-10T04:46:57.880529Z  INFO     Status: NORMAL (drift above threshold)
2026-02-10T04:46:59.952974Z  INFO Window 109: 75 packets, drift=0.990 | XDP total: 391781, dropped: 0
2026-02-10T04:46:59.952989Z  INFO     Status: NORMAL (drift above threshold)
2026-02-10T04:47:02.028889Z  INFO Window 110: 75 packets, drift=0.990 | XDP total: 395486, dropped: 0
2026-02-10T04:47:02.028907Z  INFO     Status: NORMAL (drift above threshold)
2026-02-10T04:47:04.091817Z  INFO Window 111: 74 packets, drift=0.990 | XDP total: 399168, dropped: 0
2026-02-10T04:47:04.091836Z  INFO     Status: NORMAL (drift above threshold)
2026-02-10T04:47:06.170284Z  INFO Window 112: 74 packets, drift=0.990 | XDP total: 402878, dropped: 0
2026-02-10T04:47:06.170300Z  INFO     Status: NORMAL (drift above threshold)
2026-02-10T04:47:08.240623Z  INFO Window 113: 74 packets, drift=0.990 | XDP total: 406574, dropped: 0
2026-02-10T04:47:08.240641Z  INFO     Status: NORMAL (drift above threshold)
2026-02-10T04:47:10.307541Z  INFO Window 114: 73 packets, drift=0.990 | XDP total: 410264, dropped: 0
2026-02-10T04:47:10.307559Z  INFO     Status: NORMAL (drift above threshold)
2026-02-10T04:47:12.378414Z  INFO Window 115: 73 packets, drift=0.990 | XDP total: 413960, dropped: 0
2026-02-10T04:47:12.378430Z  INFO     Status: NORMAL (drift above threshold)
2026-02-10T04:47:14.463220Z  INFO Window 116: 76 packets, drift=0.990 | XDP total: 417683, dropped: 0
2026-02-10T04:47:14.463237Z  INFO     Status: NORMAL (drift above threshold)
2026-02-10T04:47:16.538650Z  INFO Window 117: 75 packets, drift=0.990 | XDP total: 421381, dropped: 0
2026-02-10T04:47:16.538676Z  INFO     Status: NORMAL (drift above threshold)
2026-02-10T04:47:18.621180Z  INFO Window 118: 73 packets, drift=0.990 | XDP total: 425092, dropped: 0
2026-02-10T04:47:18.621198Z  INFO     Status: NORMAL (drift above threshold)
2026-02-10T04:47:20.692212Z  INFO Window 119: 75 packets, drift=0.990 | XDP total: 428789, dropped: 0
2026-02-10T04:47:20.692221Z  INFO     Status: NORMAL (drift above threshold)
2026-02-10T04:47:22.777500Z  INFO Window 120: 73 packets, drift=0.990 | XDP total: 432512, dropped: 0
2026-02-10T04:47:22.777517Z  INFO     Status: NORMAL (drift above threshold)
2026-02-10T04:47:24.840476Z  INFO Window 121: 75 packets, drift=0.991 | XDP total: 436192, dropped: 0
2026-02-10T04:47:24.840494Z  INFO     Status: NORMAL (drift above threshold)
2026-02-10T04:47:26.911549Z  INFO Window 122: 72 packets, drift=0.990 | XDP total: 439881, dropped: 0
2026-02-10T04:47:26.911568Z  INFO     Status: NORMAL (drift above threshold)
2026-02-10T04:47:28.977624Z  INFO Window 123: 73 packets, drift=0.990 | XDP total: 443564, dropped: 0
2026-02-10T04:47:28.977642Z  INFO     Status: NORMAL (drift above threshold)
2026-02-10T04:47:31.051101Z  INFO Window 124: 74 packets, drift=0.990 | XDP total: 447262, dropped: 0
2026-02-10T04:47:31.051112Z  INFO     Status: NORMAL (drift above threshold)
2026-02-10T04:47:33.140633Z  INFO Window 125: 77 packets, drift=0.990 | XDP total: 450984, dropped: 0
2026-02-10T04:47:33.140649Z  INFO     Status: NORMAL (drift above threshold)
2026-02-10T04:47:35.223972Z  INFO Window 126: 74 packets, drift=0.990 | XDP total: 454698, dropped: 0
2026-02-10T04:47:35.223988Z  INFO     Status: NORMAL (drift above threshold)
2026-02-10T04:47:37.303105Z  INFO Window 127: 74 packets, drift=0.990 | XDP total: 458402, dropped: 0
2026-02-10T04:47:37.303123Z  INFO     Status: NORMAL (drift above threshold)
2026-02-10T04:47:39.378533Z  INFO Window 128: 74 packets, drift=0.990 | XDP total: 462105, dropped: 0
2026-02-10T04:47:39.378549Z  INFO     Status: NORMAL (drift above threshold)
2026-02-10T04:47:41.458316Z  INFO Window 129: 74 packets, drift=0.990 | XDP total: 465816, dropped: 0
2026-02-10T04:47:41.458334Z  INFO     Status: NORMAL (drift above threshold)
2026-02-10T04:47:43.538695Z  INFO Window 130: 74 packets, drift=0.991 | XDP total: 469531, dropped: 0
2026-02-10T04:47:43.538711Z  INFO     Status: NORMAL (drift above threshold)
2026-02-10T04:47:45.625878Z  INFO Window 131: 76 packets, drift=0.990 | XDP total: 473255, dropped: 0
2026-02-10T04:47:45.625893Z  INFO     Status: NORMAL (drift above threshold)
2026-02-10T04:47:47.694022Z  INFO Window 132: 73 packets, drift=0.990 | XDP total: 476940, dropped: 0
2026-02-10T04:47:47.694039Z  INFO     Status: NORMAL (drift above threshold)
2026-02-10T04:47:49.780230Z  INFO Window 133: 73 packets, drift=0.990 | XDP total: 480663, dropped: 0
2026-02-10T04:47:49.780247Z  INFO     Status: NORMAL (drift above threshold)
2026-02-10T04:47:51.844948Z  INFO Window 134: 76 packets, drift=0.991 | XDP total: 484349, dropped: 0
2026-02-10T04:47:51.844959Z  INFO     Status: NORMAL (drift above threshold)
2026-02-10T04:47:53.920092Z  INFO Window 135: 75 packets, drift=0.991 | XDP total: 488042, dropped: 0
2026-02-10T04:47:53.920109Z  INFO     Status: NORMAL (drift above threshold)
2026-02-10T04:47:55.988227Z  INFO Window 136: 73 packets, drift=0.990 | XDP total: 491724, dropped: 0
2026-02-10T04:47:55.988244Z  INFO     Status: NORMAL (drift above threshold)
2026-02-10T04:47:58.054690Z  INFO Window 137: 74 packets, drift=0.990 | XDP total: 495411, dropped: 0
2026-02-10T04:47:58.054709Z  INFO     Status: NORMAL (drift above threshold)
2026-02-10T04:48:00.122346Z  INFO Window 138: 72 packets, drift=0.990 | XDP total: 499099, dropped: 0
2026-02-10T04:48:00.122362Z  INFO     Status: NORMAL (drift above threshold)
2026-02-10T04:48:02.205959Z  INFO Window 139: 75 packets, drift=0.990 | XDP total: 502810, dropped: 0
2026-02-10T04:48:02.205977Z  INFO     Status: NORMAL (drift above threshold)
2026-02-10T04:48:04.295547Z  INFO Window 140: 74 packets, drift=0.990 | XDP total: 506526, dropped: 0
2026-02-10T04:48:04.295557Z  INFO     Status: NORMAL (drift above threshold)
2026-02-10T04:48:06.359953Z  INFO Window 141: 72 packets, drift=0.990 | XDP total: 510213, dropped: 0
2026-02-10T04:48:06.359972Z  INFO     Status: NORMAL (drift above threshold)
2026-02-10T04:48:08.430321Z  INFO Window 142: 74 packets, drift=0.991 | XDP total: 513863, dropped: 0
2026-02-10T04:48:08.430338Z  INFO     Status: NORMAL (drift above threshold)
2026-02-10T04:48:10.505257Z  INFO Window 143: 74 packets, drift=0.990 | XDP total: 517561, dropped: 0
2026-02-10T04:48:10.505276Z  INFO     Status: NORMAL (drift above threshold)
2026-02-10T04:48:12.588852Z  INFO Window 144: 75 packets, drift=0.990 | XDP total: 521278, dropped: 0
2026-02-10T04:48:12.588870Z  INFO     Status: NORMAL (drift above threshold)
2026-02-10T04:48:14.667643Z  INFO Window 145: 73 packets, drift=0.990 | XDP total: 524983, dropped: 0
2026-02-10T04:48:14.667666Z  INFO     Status: NORMAL (drift above threshold)
2026-02-10T04:48:16.736809Z  INFO Window 146: 75 packets, drift=0.990 | XDP total: 528675, dropped: 0
2026-02-10T04:48:16.736820Z  INFO     Status: NORMAL (drift above threshold)
2026-02-10T04:48:18.805220Z  INFO Window 147: 73 packets, drift=0.990 | XDP total: 532367, dropped: 0
2026-02-10T04:48:18.805230Z  INFO     Status: NORMAL (drift above threshold)
2026-02-10T04:48:20.859714Z  INFO Window 148: 471 packets, drift=0.564 | XDP total: 555900, dropped: 0
2026-02-10T04:48:20.859733Z  WARN >>> ANOMALY DETECTED: drift=0.564 (threshold=0.7)
2026-02-10T04:48:20.859741Z  WARN     Concentrated: dst_ip=10.100.0.2 (100.0%)
2026-02-10T04:48:20.859747Z  WARN     Concentrated: protocol=17 (100.0%)
2026-02-10T04:48:20.859752Z  WARN     Concentrated: dst_port=9999 (97.0%)
2026-02-10T04:48:20.859767Z  INFO Added rule: DstPort -> Drop
2026-02-10T04:48:20.859771Z  WARN     ADDED DROP RULE: DstPort=9999
2026-02-10T04:48:20.859775Z  WARN     Concentrated: src_ip=10.0.0.100 (97.0%)
2026-02-10T04:48:20.859781Z  INFO Added rule: SrcIp -> Drop
2026-02-10T04:48:20.859784Z  WARN     ADDED DROP RULE: SrcIp=10.0.0.100
2026-02-10T04:48:22.930151Z  INFO Window 149: 559 packets, drift=0.547 | XDP total: 583815, dropped: 27915
2026-02-10T04:48:22.930164Z  WARN >>> ANOMALY DETECTED: drift=0.547 (threshold=0.7)
2026-02-10T04:48:22.930170Z  WARN     Concentrated: dst_port=9999 (100.0%)
2026-02-10T04:48:22.930176Z  WARN     Concentrated: protocol=17 (100.0%)
2026-02-10T04:48:22.930179Z  WARN     Concentrated: src_ip=10.0.0.100 (100.0%)
2026-02-10T04:48:22.930185Z  WARN     Concentrated: dst_ip=10.100.0.2 (100.0%)
2026-02-10T04:48:24.997021Z  INFO Window 150: 562 packets, drift=0.548 | XDP total: 611859, dropped: 55958
2026-02-10T04:48:24.997039Z  WARN >>> ANOMALY DETECTED: drift=0.548 (threshold=0.7)
2026-02-10T04:48:24.997051Z  WARN     Concentrated: src_ip=10.0.0.100 (100.0%)
2026-02-10T04:48:24.997062Z  WARN     Concentrated: dst_port=9999 (100.0%)
2026-02-10T04:48:24.997070Z  WARN     Concentrated: dst_ip=10.100.0.2 (100.0%)
2026-02-10T04:48:24.997076Z  WARN     Concentrated: protocol=17 (100.0%)
2026-02-10T04:48:27.059888Z  INFO Window 151: 564 packets, drift=0.547 | XDP total: 640196, dropped: 84295
2026-02-10T04:48:27.059898Z  WARN >>> ANOMALY DETECTED: drift=0.547 (threshold=0.7)
2026-02-10T04:48:27.059903Z  WARN     Concentrated: protocol=17 (100.0%)
2026-02-10T04:48:27.059907Z  WARN     Concentrated: src_ip=10.0.0.100 (100.0%)
2026-02-10T04:48:27.059912Z  WARN     Concentrated: dst_port=9999 (100.0%)
2026-02-10T04:48:27.059915Z  WARN     Concentrated: dst_ip=10.100.0.2 (100.0%)
2026-02-10T04:48:29.109621Z  INFO Window 152: 560 packets, drift=0.547 | XDP total: 668107, dropped: 112206
2026-02-10T04:48:29.109643Z  WARN >>> ANOMALY DETECTED: drift=0.547 (threshold=0.7)
2026-02-10T04:48:29.109654Z  WARN     Concentrated: protocol=17 (100.0%)
2026-02-10T04:48:29.109680Z  WARN     Concentrated: dst_ip=10.100.0.2 (100.0%)
2026-02-10T04:48:29.109689Z  WARN     Concentrated: dst_port=9999 (100.0%)
2026-02-10T04:48:29.109700Z  WARN     Concentrated: src_ip=10.0.0.100 (100.0%)
2026-02-10T04:48:31.168595Z  INFO Window 153: 562 packets, drift=0.547 | XDP total: 696221, dropped: 140321
2026-02-10T04:48:31.168614Z  WARN >>> ANOMALY DETECTED: drift=0.547 (threshold=0.7)
2026-02-10T04:48:31.168625Z  WARN     Concentrated: src_ip=10.0.0.100 (100.0%)
2026-02-10T04:48:31.168636Z  WARN     Concentrated: dst_ip=10.100.0.2 (100.0%)
2026-02-10T04:48:31.168643Z  WARN     Concentrated: dst_port=9999 (100.0%)
2026-02-10T04:48:31.168653Z  WARN     Concentrated: protocol=17 (100.0%)
2026-02-10T04:48:33.232388Z  INFO Window 154: 566 packets, drift=0.546 | XDP total: 724588, dropped: 168687
2026-02-10T04:48:33.232408Z  WARN >>> ANOMALY DETECTED: drift=0.546 (threshold=0.7)
2026-02-10T04:48:33.232420Z  WARN     Concentrated: protocol=17 (100.0%)
2026-02-10T04:48:33.232428Z  WARN     Concentrated: dst_port=9999 (100.0%)
2026-02-10T04:48:33.232439Z  WARN     Concentrated: dst_ip=10.100.0.2 (100.0%)
2026-02-10T04:48:33.232446Z  WARN     Concentrated: src_ip=10.0.0.100 (100.0%)
2026-02-10T04:48:35.294531Z  INFO Window 155: 570 packets, drift=0.547 | XDP total: 753062, dropped: 197161
2026-02-10T04:48:35.294549Z  WARN >>> ANOMALY DETECTED: drift=0.547 (threshold=0.7)
2026-02-10T04:48:35.294558Z  WARN     Concentrated: protocol=17 (100.0%)
2026-02-10T04:48:35.294566Z  WARN     Concentrated: src_ip=10.0.0.100 (100.0%)
2026-02-10T04:48:35.294576Z  WARN     Concentrated: dst_port=9999 (100.0%)
2026-02-10T04:48:35.294583Z  WARN     Concentrated: dst_ip=10.100.0.2 (100.0%)
2026-02-10T04:48:37.346711Z  INFO Window 156: 568 packets, drift=0.549 | XDP total: 781430, dropped: 225529
2026-02-10T04:48:37.346724Z  WARN >>> ANOMALY DETECTED: drift=0.549 (threshold=0.7)
2026-02-10T04:48:37.346736Z  WARN     Concentrated: src_ip=10.0.0.100 (100.0%)
2026-02-10T04:48:37.346750Z  WARN     Concentrated: dst_port=9999 (100.0%)
2026-02-10T04:48:37.346759Z  WARN     Concentrated: protocol=17 (100.0%)
2026-02-10T04:48:37.346767Z  WARN     Concentrated: dst_ip=10.100.0.2 (100.0%)
2026-02-10T04:48:39.416160Z  INFO Window 157: 563 packets, drift=0.548 | XDP total: 809624, dropped: 253723
2026-02-10T04:48:39.416180Z  WARN >>> ANOMALY DETECTED: drift=0.548 (threshold=0.7)
2026-02-10T04:48:39.416191Z  WARN     Concentrated: dst_port=9999 (100.0%)
2026-02-10T04:48:39.416201Z  WARN     Concentrated: protocol=17 (100.0%)
2026-02-10T04:48:39.416208Z  WARN     Concentrated: src_ip=10.0.0.100 (100.0%)
2026-02-10T04:48:39.416217Z  WARN     Concentrated: dst_ip=10.100.0.2 (100.0%)
2026-02-10T04:48:41.490163Z  INFO Window 158: 541 packets, drift=0.547 | XDP total: 836708, dropped: 280807
2026-02-10T04:48:41.490183Z  WARN >>> ANOMALY DETECTED: drift=0.547 (threshold=0.7)
2026-02-10T04:48:41.490194Z  WARN     Concentrated: protocol=17 (100.0%)
2026-02-10T04:48:41.490204Z  WARN     Concentrated: src_ip=10.0.0.100 (100.0%)
2026-02-10T04:48:41.490210Z  WARN     Concentrated: dst_port=9999 (100.0%)
2026-02-10T04:48:41.490213Z  WARN     Concentrated: dst_ip=10.100.0.2 (100.0%)
2026-02-10T04:48:43.548457Z  INFO Window 159: 564 packets, drift=0.547 | XDP total: 864887, dropped: 308986
2026-02-10T04:48:43.548469Z  WARN >>> ANOMALY DETECTED: drift=0.547 (threshold=0.7)
2026-02-10T04:48:43.548474Z  WARN     Concentrated: src_ip=10.0.0.100 (100.0%)
2026-02-10T04:48:43.548482Z  WARN     Concentrated: dst_port=9999 (100.0%)
2026-02-10T04:48:43.548486Z  WARN     Concentrated: dst_ip=10.100.0.2 (100.0%)
2026-02-10T04:48:43.548489Z  WARN     Concentrated: protocol=17 (100.0%)
2026-02-10T04:48:45.606168Z  INFO Window 160: 564 packets, drift=0.548 | XDP total: 893076, dropped: 337175
2026-02-10T04:48:45.606179Z  WARN >>> ANOMALY DETECTED: drift=0.548 (threshold=0.7)
2026-02-10T04:48:45.606185Z  WARN     Concentrated: dst_port=9999 (100.0%)
2026-02-10T04:48:45.606191Z  WARN     Concentrated: protocol=17 (100.0%)
2026-02-10T04:48:45.606194Z  WARN     Concentrated: src_ip=10.0.0.100 (100.0%)
2026-02-10T04:48:45.606200Z  WARN     Concentrated: dst_ip=10.100.0.2 (100.0%)
2026-02-10T04:48:47.673844Z  INFO Window 161: 562 packets, drift=0.548 | XDP total: 921298, dropped: 365397
2026-02-10T04:48:47.673865Z  WARN >>> ANOMALY DETECTED: drift=0.548 (threshold=0.7)
2026-02-10T04:48:47.673877Z  WARN     Concentrated: src_ip=10.0.0.100 (100.0%)
2026-02-10T04:48:47.673891Z  WARN     Concentrated: dst_port=9999 (100.0%)
2026-02-10T04:48:47.673900Z  WARN     Concentrated: dst_ip=10.100.0.2 (100.0%)
2026-02-10T04:48:47.673908Z  WARN     Concentrated: protocol=17 (100.0%)
2026-02-10T04:48:49.731495Z  INFO Window 162: 432 packets, drift=0.574 | XDP total: 942759, dropped: 385892
2026-02-10T04:48:49.731516Z  WARN >>> ANOMALY DETECTED: drift=0.574 (threshold=0.7)
2026-02-10T04:48:49.731525Z  WARN     Concentrated: protocol=17 (100.0%)
2026-02-10T04:48:49.731533Z  WARN     Concentrated: dst_ip=10.100.0.2 (100.0%)
2026-02-10T04:48:49.731539Z  WARN     Concentrated: src_ip=10.0.0.100 (95.4%)
2026-02-10T04:48:49.731552Z  WARN     Concentrated: dst_port=9999 (95.4%)
2026-02-10T04:48:51.809685Z  INFO Window 163: 74 packets, drift=0.990 | XDP total: 946461, dropped: 385892
2026-02-10T04:48:51.809701Z  INFO     Status: NORMAL (drift above threshold)
2026-02-10T04:48:53.881633Z  INFO Window 164: 74 packets, drift=0.990 | XDP total: 950154, dropped: 385892
2026-02-10T04:48:53.881651Z  INFO     Status: NORMAL (drift above threshold)
2026-02-10T04:48:55.953580Z  INFO Window 165: 72 packets, drift=0.990 | XDP total: 953844, dropped: 385892
2026-02-10T04:48:55.953592Z  INFO     Status: NORMAL (drift above threshold)
2026-02-10T04:48:58.029842Z  INFO Window 166: 74 packets, drift=0.990 | XDP total: 957546, dropped: 385892
2026-02-10T04:48:58.029852Z  INFO     Status: NORMAL (drift above threshold)
2026-02-10T04:49:00.090312Z  INFO Window 167: 75 packets, drift=0.990 | XDP total: 961213, dropped: 385892
2026-02-10T04:49:00.090323Z  INFO     Status: NORMAL (drift above threshold)
2026-02-10T04:49:02.164968Z  INFO Window 168: 70 packets, drift=0.990 | XDP total: 964818, dropped: 385892
2026-02-10T04:49:02.164981Z  INFO     Status: NORMAL (drift above threshold)
2026-02-10T04:49:04.238406Z  INFO Window 169: 76 packets, drift=0.990 | XDP total: 968486, dropped: 385892
2026-02-10T04:49:04.238424Z  INFO     Status: NORMAL (drift above threshold)
2026-02-10T04:49:06.324114Z  INFO Window 170: 72 packets, drift=0.990 | XDP total: 972161, dropped: 385892
2026-02-10T04:49:06.324134Z  INFO     Status: NORMAL (drift above threshold)
2026-02-10T04:49:08.393994Z  INFO Window 171: 71 packets, drift=0.990 | XDP total: 975760, dropped: 385892
2026-02-10T04:49:08.394022Z  INFO     Status: NORMAL (drift above threshold)
2026-02-10T04:49:10.455112Z  INFO Window 172: 72 packets, drift=0.990 | XDP total: 979385, dropped: 385892
2026-02-10T04:49:10.455124Z  INFO     Status: NORMAL (drift above threshold)
2026-02-10T04:49:12.526922Z  INFO Window 173: 75 packets, drift=0.990 | XDP total: 983055, dropped: 385892
2026-02-10T04:49:12.526932Z  INFO     Status: NORMAL (drift above threshold)
2026-02-10T04:49:14.601080Z  INFO Window 174: 73 packets, drift=0.990 | XDP total: 986720, dropped: 385892
2026-02-10T04:49:14.601092Z  INFO     Status: NORMAL (drift above threshold)
2026-02-10T04:49:16.678878Z  INFO Window 175: 76 packets, drift=0.991 | XDP total: 990408, dropped: 385892
2026-02-10T04:49:16.678887Z  INFO     Status: NORMAL (drift above threshold)
2026-02-10T04:49:18.758874Z  INFO Window 176: 71 packets, drift=0.990 | XDP total: 994104, dropped: 385892
2026-02-10T04:49:18.758882Z  INFO     Status: NORMAL (drift above threshold)
2026-02-10T04:49:20.830178Z  INFO Window 177: 75 packets, drift=0.990 | XDP total: 997782, dropped: 385892
2026-02-10T04:49:20.830188Z  INFO     Status: NORMAL (drift above threshold)
2026-02-10T04:49:22.907096Z  INFO Window 178: 75 packets, drift=0.990 | XDP total: 1001472, dropped: 385892
2026-02-10T04:49:22.907114Z  INFO     Status: NORMAL (drift above threshold)
2026-02-10T04:49:24.983993Z  INFO Window 179: 72 packets, drift=0.989 | XDP total: 1005159, dropped: 385892
2026-02-10T04:49:24.984006Z  INFO     Status: NORMAL (drift above threshold)
2026-02-10T04:49:27.050954Z  INFO Window 180: 72 packets, drift=0.990 | XDP total: 1008817, dropped: 385892
2026-02-10T04:49:27.050968Z  INFO     Status: NORMAL (drift above threshold)
2026-02-10T04:49:29.123484Z  INFO Window 181: 74 packets, drift=0.990 | XDP total: 1012488, dropped: 385892
2026-02-10T04:49:29.123502Z  INFO     Status: NORMAL (drift above threshold)
2026-02-10T04:49:31.188954Z  INFO Window 182: 72 packets, drift=0.990 | XDP total: 1016092, dropped: 385892
2026-02-10T04:49:31.188967Z  INFO     Status: NORMAL (drift above threshold)
2026-02-10T04:49:33.254630Z  INFO Window 183: 77 packets, drift=0.990 | XDP total: 1019698, dropped: 385892
2026-02-10T04:49:33.254646Z  INFO     Status: NORMAL (drift above threshold)
2026-02-10T04:49:35.324888Z  INFO Window 184: 72 packets, drift=0.990 | XDP total: 1023370, dropped: 385892
2026-02-10T04:49:35.324902Z  INFO     Status: NORMAL (drift above threshold)
2026-02-10T04:49:37.395579Z  INFO Window 185: 74 packets, drift=0.990 | XDP total: 1027050, dropped: 385892
2026-02-10T04:49:37.395596Z  INFO     Status: NORMAL (drift above threshold)
2026-02-10T04:49:39.480113Z  INFO Window 186: 72 packets, drift=0.990 | XDP total: 1030737, dropped: 385892
2026-02-10T04:49:39.480126Z  INFO     Status: NORMAL (drift above threshold)
2026-02-10T04:49:41.544949Z  INFO Window 187: 71 packets, drift=0.990 | XDP total: 1034350, dropped: 385892
2026-02-10T04:49:41.544963Z  INFO     Status: NORMAL (drift above threshold)
2026-02-10T04:49:43.610621Z  INFO Window 188: 73 packets, drift=0.990 | XDP total: 1037974, dropped: 385892
2026-02-10T04:49:43.610634Z  INFO     Status: NORMAL (drift above threshold)
2026-02-10T04:49:45.678576Z  INFO Window 189: 73 packets, drift=0.990 | XDP total: 1041569, dropped: 385892
2026-02-10T04:49:45.678589Z  INFO     Status: NORMAL (drift above threshold)
2026-02-10T04:49:47.747305Z  INFO Window 190: 62 packets, drift=0.988 | XDP total: 1044708, dropped: 385892
2026-02-10T04:49:47.747320Z  INFO     Status: NORMAL (drift above threshold)
