2026-02-10T04:50:21.383605Z  INFO Veth Lab Sidecar - Holon Anomaly Detection
2026-02-10T04:50:21.383621Z  INFO   Interface: veth-filter
2026-02-10T04:50:21.383630Z  INFO   Window: 2s
2026-02-10T04:50:21.383639Z  INFO   Drift threshold: 0.7
2026-02-10T04:50:21.383646Z  INFO   Concentration threshold: 0.5
2026-02-10T04:50:21.383652Z  INFO   Enforce mode: true
2026-02-10T04:50:21.383671Z  INFO   Dimensions: 4096
2026-02-10T04:50:21.383678Z  INFO   Warmup: 60 windows / 6000 packets
2026-02-10T04:50:21.383685Z  INFO   Sample rate: 1 in 50 packets
2026-02-10T04:50:21.383691Z  INFO   Perf buffer: 4 pages/CPU (16KB)
2026-02-10T04:50:21.383699Z  INFO   Log file: "logs/sidecar_20260209_205021.log"
2026-02-10T04:50:21.383706Z  INFO 
2026-02-10T04:50:21.383713Z  INFO Loading veth-filter XDP program for veth-filter
2026-02-10T04:50:21.425791Z  INFO XDP program loaded
2026-02-10T04:50:21.435712Z  INFO XDP program attached to veth-filter in default mode
2026-02-10T04:50:21.435797Z  INFO Sample rate set to 50
2026-02-10T04:50:21.435825Z  INFO Enforce mode set to true
2026-02-10T04:50:21.435865Z  INFO Holon initialized with 4096 dimensions
2026-02-10T04:50:21.435916Z  INFO Starting perf readers on 14 CPUs (4 pages/CPU)
2026-02-10T04:50:21.437160Z  INFO Starting detection loop...
2026-02-10T04:50:21.437164Z  INFO   Warmup: 60 windows or 6000 packets
2026-02-10T04:50:21.437166Z  INFO 
2026-02-10T04:50:23.508724Z  INFO Window 1: 0 packets (below minimum 50, skipping analysis)
2026-02-10T04:50:25.575630Z  INFO Window 2: 42 packets (below minimum 50, skipping analysis)
2026-02-10T04:50:27.648505Z  INFO Window 3 [WARMUP]: 71 packets, drift=0.977 | XDP total: 5837, dropped: 0 | warmup 3/60 windows, 71/6000 packets
2026-02-10T04:50:29.717970Z  INFO Window 4 [WARMUP]: 73 packets, drift=0.986 | XDP total: 9527, dropped: 0 | warmup 4/60 windows, 144/6000 packets
2026-02-10T04:50:31.797896Z  INFO Window 5 [WARMUP]: 73 packets, drift=0.988 | XDP total: 13191, dropped: 0 | warmup 5/60 windows, 217/6000 packets
2026-02-10T04:50:33.850474Z  INFO Window 6 [WARMUP]: 68 packets, drift=0.987 | XDP total: 16701, dropped: 0 | warmup 6/60 windows, 285/6000 packets
2026-02-10T04:50:35.923562Z  INFO Window 7 [WARMUP]: 75 packets, drift=0.989 | XDP total: 20406, dropped: 0 | warmup 7/60 windows, 360/6000 packets
2026-02-10T04:50:38.004966Z  INFO Window 8 [WARMUP]: 73 packets, drift=0.989 | XDP total: 24114, dropped: 0 | warmup 8/60 windows, 433/6000 packets
2026-02-10T04:50:40.073238Z  INFO Window 9 [WARMUP]: 74 packets, drift=0.990 | XDP total: 27801, dropped: 0 | warmup 9/60 windows, 507/6000 packets
2026-02-10T04:50:42.143755Z  INFO Window 10 [WARMUP]: 74 packets, drift=0.990 | XDP total: 31490, dropped: 0 | warmup 10/60 windows, 581/6000 packets
2026-02-10T04:50:44.214024Z  INFO Window 11 [WARMUP]: 75 packets, drift=0.990 | XDP total: 35184, dropped: 0 | warmup 11/60 windows, 656/6000 packets
2026-02-10T04:50:46.282235Z  INFO Window 12 [WARMUP]: 73 packets, drift=0.989 | XDP total: 38868, dropped: 0 | warmup 12/60 windows, 729/6000 packets
2026-02-10T04:50:48.359366Z  INFO Window 13 [WARMUP]: 75 packets, drift=0.990 | XDP total: 42577, dropped: 0 | warmup 13/60 windows, 804/6000 packets
2026-02-10T04:50:50.432083Z  INFO Window 14 [WARMUP]: 73 packets, drift=0.990 | XDP total: 46265, dropped: 0 | warmup 14/60 windows, 877/6000 packets
2026-02-10T04:50:52.509564Z  INFO Window 15 [WARMUP]: 73 packets, drift=0.990 | XDP total: 49970, dropped: 0 | warmup 15/60 windows, 950/6000 packets
2026-02-10T04:50:54.576315Z  INFO Window 16 [WARMUP]: 76 packets, drift=0.990 | XDP total: 53657, dropped: 0 | warmup 16/60 windows, 1026/6000 packets
2026-02-10T04:50:56.646947Z  INFO Window 17 [WARMUP]: 73 packets, drift=0.990 | XDP total: 57356, dropped: 0 | warmup 17/60 windows, 1099/6000 packets
2026-02-10T04:50:58.723340Z  INFO Window 18 [WARMUP]: 73 packets, drift=0.990 | XDP total: 61059, dropped: 0 | warmup 18/60 windows, 1172/6000 packets
2026-02-10T04:51:00.803066Z  INFO Window 19 [WARMUP]: 75 packets, drift=0.990 | XDP total: 64763, dropped: 0 | warmup 19/60 windows, 1247/6000 packets
2026-02-10T04:51:02.877833Z  INFO Window 20 [WARMUP]: 74 packets, drift=0.990 | XDP total: 68466, dropped: 0 | warmup 20/60 windows, 1321/6000 packets
2026-02-10T04:51:04.961278Z  INFO Window 21 [WARMUP]: 74 packets, drift=0.991 | XDP total: 72186, dropped: 0 | warmup 21/60 windows, 1395/6000 packets
2026-02-10T04:51:07.037708Z  INFO Window 22 [WARMUP]: 75 packets, drift=0.990 | XDP total: 75892, dropped: 0 | warmup 22/60 windows, 1470/6000 packets
2026-02-10T04:51:09.110048Z  INFO Window 23 [WARMUP]: 73 packets, drift=0.990 | XDP total: 79590, dropped: 0 | warmup 23/60 windows, 1543/6000 packets
2026-02-10T04:51:11.177024Z  INFO Window 24 [WARMUP]: 72 packets, drift=0.989 | XDP total: 83277, dropped: 0 | warmup 24/60 windows, 1615/6000 packets
2026-02-10T04:51:13.238435Z  INFO Window 25 [WARMUP]: 75 packets, drift=0.990 | XDP total: 86958, dropped: 0 | warmup 25/60 windows, 1690/6000 packets
2026-02-10T04:51:15.314801Z  INFO Window 26 [WARMUP]: 74 packets, drift=0.990 | XDP total: 90664, dropped: 0 | warmup 26/60 windows, 1764/6000 packets
2026-02-10T04:51:17.389404Z  INFO Window 27 [WARMUP]: 73 packets, drift=0.990 | XDP total: 94364, dropped: 0 | warmup 27/60 windows, 1837/6000 packets
2026-02-10T04:51:19.473531Z  INFO Window 28 [WARMUP]: 75 packets, drift=0.990 | XDP total: 98089, dropped: 0 | warmup 28/60 windows, 1912/6000 packets
2026-02-10T04:51:21.533723Z  INFO Window 29 [WARMUP]: 74 packets, drift=0.990 | XDP total: 101761, dropped: 0 | warmup 29/60 windows, 1986/6000 packets
2026-02-10T04:51:23.608424Z  INFO Window 30 [WARMUP]: 76 packets, drift=0.991 | XDP total: 105460, dropped: 0 | warmup 30/60 windows, 2062/6000 packets
2026-02-10T04:51:25.687587Z  INFO Window 31 [WARMUP]: 75 packets, drift=0.990 | XDP total: 109168, dropped: 0 | warmup 31/60 windows, 2137/6000 packets
2026-02-10T04:51:27.757729Z  INFO Window 32 [WARMUP]: 73 packets, drift=0.990 | XDP total: 112868, dropped: 0 | warmup 32/60 windows, 2210/6000 packets
2026-02-10T04:51:29.836808Z  INFO Window 33 [WARMUP]: 74 packets, drift=0.990 | XDP total: 116581, dropped: 0 | warmup 33/60 windows, 2284/6000 packets
2026-02-10T04:51:31.901310Z  INFO Window 34 [WARMUP]: 71 packets, drift=0.990 | XDP total: 120255, dropped: 0 | warmup 34/60 windows, 2355/6000 packets
2026-02-10T04:51:33.962615Z  INFO Window 35 [WARMUP]: 75 packets, drift=0.990 | XDP total: 123933, dropped: 0 | warmup 35/60 windows, 2430/6000 packets
2026-02-10T04:51:36.033786Z  INFO Window 36 [WARMUP]: 73 packets, drift=0.990 | XDP total: 127633, dropped: 0 | warmup 36/60 windows, 2503/6000 packets
2026-02-10T04:51:38.100614Z  INFO Window 37 [WARMUP]: 73 packets, drift=0.990 | XDP total: 131315, dropped: 0 | warmup 37/60 windows, 2576/6000 packets
2026-02-10T04:51:40.162159Z  INFO Window 38 [WARMUP]: 75 packets, drift=0.990 | XDP total: 135000, dropped: 0 | warmup 38/60 windows, 2651/6000 packets
2026-02-10T04:51:42.241811Z  INFO Window 39 [WARMUP]: 74 packets, drift=0.990 | XDP total: 138706, dropped: 0 | warmup 39/60 windows, 2725/6000 packets
2026-02-10T04:51:44.319359Z  INFO Window 40 [WARMUP]: 75 packets, drift=0.990 | XDP total: 142412, dropped: 0 | warmup 40/60 windows, 2800/6000 packets
2026-02-10T04:51:46.400649Z  INFO Window 41 [WARMUP]: 74 packets, drift=0.990 | XDP total: 146123, dropped: 0 | warmup 41/60 windows, 2874/6000 packets
2026-02-10T04:51:48.476556Z  INFO Window 42 [WARMUP]: 75 packets, drift=0.990 | XDP total: 149827, dropped: 0 | warmup 42/60 windows, 2949/6000 packets
2026-02-10T04:51:50.558267Z  INFO Window 43 [WARMUP]: 74 packets, drift=0.991 | XDP total: 153539, dropped: 0 | warmup 43/60 windows, 3023/6000 packets
2026-02-10T04:51:52.624254Z  INFO Window 44 [WARMUP]: 73 packets, drift=0.990 | XDP total: 157224, dropped: 0 | warmup 44/60 windows, 3096/6000 packets
2026-02-10T04:51:54.698063Z  INFO Window 45 [WARMUP]: 76 packets, drift=0.990 | XDP total: 160922, dropped: 0 | warmup 45/60 windows, 3172/6000 packets
2026-02-10T04:51:56.770637Z  INFO Window 46 [WARMUP]: 73 packets, drift=0.990 | XDP total: 164620, dropped: 0 | warmup 46/60 windows, 3245/6000 packets
2026-02-10T04:51:58.836913Z  INFO Window 47 [WARMUP]: 73 packets, drift=0.990 | XDP total: 168309, dropped: 0 | warmup 47/60 windows, 3318/6000 packets
2026-02-10T04:52:00.904417Z  INFO Window 48 [WARMUP]: 73 packets, drift=0.990 | XDP total: 172001, dropped: 0 | warmup 48/60 windows, 3391/6000 packets
2026-02-10T04:52:02.978174Z  INFO Window 49 [WARMUP]: 74 packets, drift=0.990 | XDP total: 175698, dropped: 0 | warmup 49/60 windows, 3465/6000 packets
2026-02-10T04:52:05.046948Z  INFO Window 50 [WARMUP]: 72 packets, drift=0.990 | XDP total: 179399, dropped: 0 | warmup 50/60 windows, 3537/6000 packets
2026-02-10T04:52:07.121242Z  INFO Window 51 [WARMUP]: 75 packets, drift=0.990 | XDP total: 183105, dropped: 0 | warmup 51/60 windows, 3612/6000 packets
2026-02-10T04:52:09.196237Z  INFO Window 52 [WARMUP]: 75 packets, drift=0.990 | XDP total: 186814, dropped: 0 | warmup 52/60 windows, 3687/6000 packets
2026-02-10T04:52:11.274945Z  INFO Window 53 [WARMUP]: 75 packets, drift=0.990 | XDP total: 190524, dropped: 0 | warmup 53/60 windows, 3762/6000 packets
2026-02-10T04:52:13.343633Z  INFO Window 54 [WARMUP]: 74 packets, drift=0.990 | XDP total: 194207, dropped: 0 | warmup 54/60 windows, 3836/6000 packets
2026-02-10T04:52:15.426045Z  INFO Window 55 [WARMUP]: 73 packets, drift=0.990 | XDP total: 197920, dropped: 0 | warmup 55/60 windows, 3909/6000 packets
2026-02-10T04:52:17.492778Z  INFO Window 56 [WARMUP]: 73 packets, drift=0.990 | XDP total: 201608, dropped: 0 | warmup 56/60 windows, 3982/6000 packets
2026-02-10T04:52:19.566456Z  INFO Window 57 [WARMUP]: 76 packets, drift=0.990 | XDP total: 205306, dropped: 0 | warmup 57/60 windows, 4058/6000 packets
2026-02-10T04:52:21.633218Z  INFO Window 58 [WARMUP]: 72 packets, drift=0.990 | XDP total: 208992, dropped: 0 | warmup 58/60 windows, 4130/6000 packets
2026-02-10T04:52:23.705380Z  INFO Window 59 [WARMUP]: 73 packets, drift=0.990 | XDP total: 212684, dropped: 0 | warmup 59/60 windows, 4203/6000 packets
2026-02-10T04:52:25.775916Z  INFO ========================================
2026-02-10T04:52:25.775932Z  INFO WARMUP COMPLETE - baseline FROZEN
2026-02-10T04:52:25.775939Z  INFO   Windows: 60, Packets: 4278
2026-02-10T04:52:25.775944Z  INFO   Detection now active!
2026-02-10T04:52:25.775949Z  INFO ========================================
2026-02-10T04:52:25.775957Z  INFO Window 60: 75 packets, drift=0.990 | XDP total: 216379, dropped: 0
2026-02-10T04:52:25.775967Z  INFO     Status: NORMAL (drift above threshold)
2026-02-10T04:52:27.851939Z  INFO Window 61: 73 packets, drift=0.990 | XDP total: 220082, dropped: 0
2026-02-10T04:52:27.851958Z  INFO     Status: NORMAL (drift above threshold)
2026-02-10T04:52:29.923204Z  INFO Window 62: 74 packets, drift=0.990 | XDP total: 223779, dropped: 0
2026-02-10T04:52:29.923219Z  INFO     Status: NORMAL (drift above threshold)
2026-02-10T04:52:32.003139Z  INFO Window 63: 75 packets, drift=0.990 | XDP total: 227487, dropped: 0
2026-02-10T04:52:32.003156Z  INFO     Status: NORMAL (drift above threshold)
2026-02-10T04:52:34.074039Z  INFO Window 64: 74 packets, drift=0.990 | XDP total: 231182, dropped: 0
2026-02-10T04:52:34.074060Z  INFO     Status: NORMAL (drift above threshold)
2026-02-10T04:52:36.150961Z  INFO Window 65: 74 packets, drift=0.990 | XDP total: 234884, dropped: 0
2026-02-10T04:52:36.151002Z  INFO     Status: NORMAL (drift above threshold)
2026-02-10T04:52:38.217392Z  INFO Window 66: 75 packets, drift=0.990 | XDP total: 238568, dropped: 0
2026-02-10T04:52:38.217408Z  INFO     Status: NORMAL (drift above threshold)
2026-02-10T04:52:40.297424Z  INFO Window 67: 72 packets, drift=0.990 | XDP total: 242280, dropped: 0
2026-02-10T04:52:40.297443Z  INFO     Status: NORMAL (drift above threshold)
2026-02-10T04:52:42.377312Z  INFO Window 68: 74 packets, drift=0.990 | XDP total: 245999, dropped: 0
2026-02-10T04:52:42.377328Z  INFO     Status: NORMAL (drift above threshold)
2026-02-10T04:52:44.456432Z  INFO Window 69: 77 packets, drift=0.990 | XDP total: 249713, dropped: 0
2026-02-10T04:52:44.456451Z  INFO     Status: NORMAL (drift above threshold)
2026-02-10T04:52:46.519162Z  INFO Window 70: 72 packets, drift=0.990 | XDP total: 253391, dropped: 0
2026-02-10T04:52:46.519172Z  INFO     Status: NORMAL (drift above threshold)
2026-02-10T04:52:48.596012Z  INFO Window 71: 76 packets, drift=0.990 | XDP total: 257094, dropped: 0
2026-02-10T04:52:48.596030Z  INFO     Status: NORMAL (drift above threshold)
2026-02-10T04:52:50.664230Z  INFO Window 72: 73 packets, drift=0.990 | XDP total: 260784, dropped: 0
2026-02-10T04:52:50.664248Z  INFO     Status: NORMAL (drift above threshold)
2026-02-10T04:52:52.739057Z  INFO Window 73: 73 packets, drift=0.990 | XDP total: 264487, dropped: 0
2026-02-10T04:52:52.739076Z  INFO     Status: NORMAL (drift above threshold)
2026-02-10T04:52:54.817625Z  INFO Window 74: 74 packets, drift=0.990 | XDP total: 268193, dropped: 0
2026-02-10T04:52:54.817643Z  INFO     Status: NORMAL (drift above threshold)
2026-02-10T04:52:56.891781Z  INFO Window 75: 73 packets, drift=0.990 | XDP total: 271893, dropped: 0
2026-02-10T04:52:56.891798Z  INFO     Status: NORMAL (drift above threshold)
2026-02-10T04:52:58.964457Z  INFO Window 76: 75 packets, drift=0.990 | XDP total: 275595, dropped: 0
2026-02-10T04:52:58.964477Z  INFO     Status: NORMAL (drift above threshold)
2026-02-10T04:53:01.015413Z  INFO Window 77: 74 packets, drift=0.990 | XDP total: 279253, dropped: 0
2026-02-10T04:53:01.015423Z  INFO     Status: NORMAL (drift above threshold)
2026-02-10T04:53:03.091516Z  INFO Window 78: 74 packets, drift=0.990 | XDP total: 282955, dropped: 0
2026-02-10T04:53:03.091532Z  INFO     Status: NORMAL (drift above threshold)
2026-02-10T04:53:05.157266Z  INFO Window 79: 73 packets, drift=0.990 | XDP total: 286641, dropped: 0
2026-02-10T04:53:05.157280Z  INFO     Status: NORMAL (drift above threshold)
2026-02-10T04:53:07.229752Z  INFO Window 80: 73 packets, drift=0.990 | XDP total: 290338, dropped: 0
2026-02-10T04:53:07.229771Z  INFO     Status: NORMAL (drift above threshold)
2026-02-10T04:53:09.297811Z  INFO Window 81: 75 packets, drift=0.990 | XDP total: 294036, dropped: 0
2026-02-10T04:53:09.297821Z  INFO     Status: NORMAL (drift above threshold)
2026-02-10T04:53:11.372197Z  INFO Window 82: 75 packets, drift=0.990 | XDP total: 297729, dropped: 0
2026-02-10T04:53:11.372217Z  INFO     Status: NORMAL (drift above threshold)
2026-02-10T04:53:13.439951Z  INFO Window 83: 73 packets, drift=0.990 | XDP total: 301412, dropped: 0
2026-02-10T04:53:13.439967Z  INFO     Status: NORMAL (drift above threshold)
2026-02-10T04:53:15.516671Z  INFO Window 84: 73 packets, drift=0.990 | XDP total: 305119, dropped: 0
2026-02-10T04:53:15.516690Z  INFO     Status: NORMAL (drift above threshold)
2026-02-10T04:53:17.592739Z  INFO Window 85: 76 packets, drift=0.990 | XDP total: 308826, dropped: 0
2026-02-10T04:53:17.592754Z  INFO     Status: NORMAL (drift above threshold)
2026-02-10T04:53:19.663678Z  INFO Window 86: 73 packets, drift=0.990 | XDP total: 312519, dropped: 0
2026-02-10T04:53:19.663694Z  INFO     Status: NORMAL (drift above threshold)
2026-02-10T04:53:21.734239Z  INFO Window 87: 73 packets, drift=0.990 | XDP total: 316217, dropped: 0
2026-02-10T04:53:21.734250Z  INFO     Status: NORMAL (drift above threshold)
2026-02-10T04:53:23.795833Z  INFO Window 88: 75 packets, drift=0.990 | XDP total: 319892, dropped: 0
2026-02-10T04:53:23.795845Z  INFO     Status: NORMAL (drift above threshold)
2026-02-10T04:53:25.869239Z  INFO Window 89: 73 packets, drift=0.990 | XDP total: 323590, dropped: 0
2026-02-10T04:53:25.869255Z  INFO     Status: NORMAL (drift above threshold)
2026-02-10T04:53:27.947290Z  INFO Window 90: 75 packets, drift=0.990 | XDP total: 327298, dropped: 0
2026-02-10T04:53:27.947308Z  INFO     Status: NORMAL (drift above threshold)
2026-02-10T04:53:30.013137Z  INFO Window 91: 74 packets, drift=0.990 | XDP total: 330984, dropped: 0
2026-02-10T04:53:30.013155Z  INFO     Status: NORMAL (drift above threshold)
2026-02-10T04:53:32.086422Z  INFO Window 92: 73 packets, drift=0.990 | XDP total: 334667, dropped: 0
2026-02-10T04:53:32.086441Z  INFO     Status: NORMAL (drift above threshold)
2026-02-10T04:53:34.152557Z  INFO Window 93: 74 packets, drift=0.990 | XDP total: 338349, dropped: 0
2026-02-10T04:53:34.152573Z  INFO     Status: NORMAL (drift above threshold)
2026-02-10T04:53:36.230117Z  INFO Window 94: 74 packets, drift=0.990 | XDP total: 342052, dropped: 0
2026-02-10T04:53:36.230135Z  INFO     Status: NORMAL (drift above threshold)
2026-02-10T04:53:38.307523Z  INFO Window 95: 74 packets, drift=0.990 | XDP total: 345759, dropped: 0
2026-02-10T04:53:38.307535Z  INFO     Status: NORMAL (drift above threshold)
2026-02-10T04:53:40.380012Z  INFO Window 96: 75 packets, drift=0.990 | XDP total: 349448, dropped: 0
2026-02-10T04:53:40.380027Z  INFO     Status: NORMAL (drift above threshold)
2026-02-10T04:53:42.445365Z  INFO Window 97: 71 packets, drift=0.990 | XDP total: 353064, dropped: 0
2026-02-10T04:53:42.445381Z  INFO     Status: NORMAL (drift above threshold)
2026-02-10T04:53:44.504816Z  INFO Window 98: 71 packets, drift=0.990 | XDP total: 356632, dropped: 0
2026-02-10T04:53:44.504829Z  INFO     Status: NORMAL (drift above threshold)
2026-02-10T04:53:46.577064Z  INFO Window 99: 75 packets, drift=0.990 | XDP total: 360301, dropped: 0
2026-02-10T04:53:46.577080Z  INFO     Status: NORMAL (drift above threshold)
2026-02-10T04:53:48.655391Z  INFO Window 100: 72 packets, drift=0.990 | XDP total: 363870, dropped: 0
2026-02-10T04:53:48.655405Z  INFO     Status: NORMAL (drift above threshold)
2026-02-10T04:53:50.719531Z  INFO Window 101: 71 packets, drift=0.990 | XDP total: 367495, dropped: 0
2026-02-10T04:53:50.719541Z  INFO     Status: NORMAL (drift above threshold)
2026-02-10T04:53:52.790204Z  INFO Window 102: 75 packets, drift=0.990 | XDP total: 371177, dropped: 0
2026-02-10T04:53:52.790218Z  INFO     Status: NORMAL (drift above threshold)
2026-02-10T04:53:54.863100Z  INFO Window 103: 73 packets, drift=0.989 | XDP total: 374822, dropped: 0
2026-02-10T04:53:54.863114Z  INFO     Status: NORMAL (drift above threshold)
2026-02-10T04:53:56.927901Z  INFO Window 104: 69 packets, drift=0.989 | XDP total: 378474, dropped: 0
2026-02-10T04:53:56.927915Z  INFO     Status: NORMAL (drift above threshold)
2026-02-10T04:53:58.990421Z  INFO Window 105: 76 packets, drift=0.990 | XDP total: 382112, dropped: 0
2026-02-10T04:53:58.990433Z  INFO     Status: NORMAL (drift above threshold)
2026-02-10T04:54:01.053439Z  INFO Window 106: 73 packets, drift=0.990 | XDP total: 385773, dropped: 0
2026-02-10T04:54:01.053462Z  INFO     Status: NORMAL (drift above threshold)
2026-02-10T04:54:03.123840Z  INFO Window 107: 72 packets, drift=0.990 | XDP total: 389453, dropped: 0
2026-02-10T04:54:03.123853Z  INFO     Status: NORMAL (drift above threshold)
2026-02-10T04:54:05.190552Z  INFO Window 108: 73 packets, drift=0.990 | XDP total: 393120, dropped: 0
2026-02-10T04:54:05.190582Z  INFO     Status: NORMAL (drift above threshold)
2026-02-10T04:54:07.265452Z  INFO Window 109: 75 packets, drift=0.990 | XDP total: 396806, dropped: 0
2026-02-10T04:54:07.265469Z  INFO     Status: NORMAL (drift above threshold)
2026-02-10T04:54:09.341064Z  INFO Window 110: 75 packets, drift=0.990 | XDP total: 400494, dropped: 0
2026-02-10T04:54:09.341076Z  INFO     Status: NORMAL (drift above threshold)
2026-02-10T04:54:11.404914Z  INFO Window 111: 73 packets, drift=0.990 | XDP total: 404165, dropped: 0
2026-02-10T04:54:11.404925Z  INFO     Status: NORMAL (drift above threshold)
2026-02-10T04:54:13.483031Z  INFO Window 112: 76 packets, drift=0.990 | XDP total: 407856, dropped: 0
2026-02-10T04:54:13.483076Z  INFO     Status: NORMAL (drift above threshold)
2026-02-10T04:54:15.550090Z  INFO Window 113: 71 packets, drift=0.989 | XDP total: 411523, dropped: 0
2026-02-10T04:54:15.550103Z  INFO     Status: NORMAL (drift above threshold)
2026-02-10T04:54:17.621862Z  INFO Window 114: 72 packets, drift=0.990 | XDP total: 415204, dropped: 0
2026-02-10T04:54:17.621873Z  INFO     Status: NORMAL (drift above threshold)
2026-02-10T04:54:19.701108Z  INFO Window 115: 76 packets, drift=0.989 | XDP total: 418897, dropped: 0
2026-02-10T04:54:19.701129Z  INFO     Status: NORMAL (drift above threshold)
2026-02-10T04:54:21.778160Z  INFO Window 116: 73 packets, drift=0.990 | XDP total: 422592, dropped: 0
2026-02-10T04:54:21.778172Z  INFO     Status: NORMAL (drift above threshold)
2026-02-10T04:54:23.843582Z  INFO Window 117: 72 packets, drift=0.990 | XDP total: 426259, dropped: 0
2026-02-10T04:54:23.843603Z  INFO     Status: NORMAL (drift above threshold)
2026-02-10T04:54:25.903424Z  INFO Window 118: 72 packets, drift=0.990 | XDP total: 429892, dropped: 0
2026-02-10T04:54:25.903441Z  INFO     Status: NORMAL (drift above threshold)
2026-02-10T04:54:27.969251Z  INFO Window 119: 74 packets, drift=0.990 | XDP total: 433537, dropped: 0
2026-02-10T04:54:27.969268Z  INFO     Status: NORMAL (drift above threshold)
2026-02-10T04:54:30.028518Z  INFO Window 120: 74 packets, drift=0.990 | XDP total: 437161, dropped: 0
2026-02-10T04:54:30.028530Z  INFO     Status: NORMAL (drift above threshold)
2026-02-10T04:54:32.098291Z  INFO Window 121: 71 packets, drift=0.990 | XDP total: 440815, dropped: 0
2026-02-10T04:54:32.098308Z  INFO     Status: NORMAL (drift above threshold)
2026-02-10T04:54:34.164755Z  INFO Window 122: 75 packets, drift=0.990 | XDP total: 444489, dropped: 0
2026-02-10T04:54:34.164766Z  INFO     Status: NORMAL (drift above threshold)
2026-02-10T04:54:36.235553Z  INFO Window 123: 74 packets, drift=0.990 | XDP total: 448173, dropped: 0
2026-02-10T04:54:36.235575Z  INFO     Status: NORMAL (drift above threshold)
2026-02-10T04:54:38.305363Z  INFO Window 124: 73 packets, drift=0.990 | XDP total: 451851, dropped: 0
2026-02-10T04:54:38.305382Z  INFO     Status: NORMAL (drift above threshold)
2026-02-10T04:54:40.384148Z  INFO Window 125: 74 packets, drift=0.991 | XDP total: 455544, dropped: 0
2026-02-10T04:54:40.384161Z  INFO     Status: NORMAL (drift above threshold)
2026-02-10T04:54:42.449545Z  INFO Window 126: 76 packets, drift=0.990 | XDP total: 459215, dropped: 0
2026-02-10T04:54:42.449563Z  INFO     Status: NORMAL (drift above threshold)
2026-02-10T04:54:44.511696Z  INFO Window 127: 73 packets, drift=0.990 | XDP total: 462871, dropped: 0
2026-02-10T04:54:44.511714Z  INFO     Status: NORMAL (drift above threshold)
2026-02-10T04:54:46.574680Z  INFO Window 128: 70 packets, drift=0.989 | XDP total: 466509, dropped: 0
2026-02-10T04:54:46.574692Z  INFO     Status: NORMAL (drift above threshold)
2026-02-10T04:54:48.644674Z  INFO Window 129: 74 packets, drift=0.990 | XDP total: 470191, dropped: 0
2026-02-10T04:54:48.644686Z  INFO     Status: NORMAL (drift above threshold)
2026-02-10T04:54:50.715315Z  INFO Window 130: 74 packets, drift=0.990 | XDP total: 473875, dropped: 0
2026-02-10T04:54:50.715327Z  INFO     Status: NORMAL (drift above threshold)
2026-02-10T04:54:52.786312Z  INFO Window 131: 74 packets, drift=0.990 | XDP total: 477551, dropped: 0
2026-02-10T04:54:52.786341Z  INFO     Status: NORMAL (drift above threshold)
2026-02-10T04:54:54.856825Z  INFO Window 132: 71 packets, drift=0.990 | XDP total: 481211, dropped: 0
2026-02-10T04:54:54.856834Z  INFO     Status: NORMAL (drift above threshold)
2026-02-10T04:54:56.920586Z  INFO Window 133: 74 packets, drift=0.990 | XDP total: 484882, dropped: 0
2026-02-10T04:54:56.920597Z  INFO     Status: NORMAL (drift above threshold)
2026-02-10T04:54:58.987969Z  INFO Window 134: 74 packets, drift=0.990 | XDP total: 488553, dropped: 0
2026-02-10T04:54:58.987985Z  INFO     Status: NORMAL (drift above threshold)
2026-02-10T04:55:01.060292Z  INFO Window 135: 73 packets, drift=0.990 | XDP total: 492204, dropped: 0
2026-02-10T04:55:01.060306Z  INFO     Status: NORMAL (drift above threshold)
2026-02-10T04:55:03.136777Z  INFO Window 136: 73 packets, drift=0.990 | XDP total: 495877, dropped: 0
2026-02-10T04:55:03.136788Z  INFO     Status: NORMAL (drift above threshold)
2026-02-10T04:55:05.201811Z  INFO Window 137: 73 packets, drift=0.990 | XDP total: 499544, dropped: 0
2026-02-10T04:55:05.201821Z  INFO     Status: NORMAL (drift above threshold)
2026-02-10T04:55:07.273771Z  INFO Window 138: 75 packets, drift=0.990 | XDP total: 503234, dropped: 0
2026-02-10T04:55:07.273790Z  INFO     Status: NORMAL (drift above threshold)
2026-02-10T04:55:09.342027Z  INFO Window 139: 72 packets, drift=0.989 | XDP total: 506907, dropped: 0
2026-02-10T04:55:09.342040Z  INFO     Status: NORMAL (drift above threshold)
2026-02-10T04:55:11.411747Z  INFO Window 140: 75 packets, drift=0.990 | XDP total: 510568, dropped: 0
2026-02-10T04:55:11.411768Z  INFO     Status: NORMAL (drift above threshold)
2026-02-10T04:55:13.478938Z  INFO Window 141: 74 packets, drift=0.990 | XDP total: 514244, dropped: 0
2026-02-10T04:55:13.478948Z  INFO     Status: NORMAL (drift above threshold)
2026-02-10T04:55:15.546632Z  INFO Window 142: 73 packets, drift=0.990 | XDP total: 517927, dropped: 0
2026-02-10T04:55:15.546644Z  INFO     Status: NORMAL (drift above threshold)
2026-02-10T04:55:17.615404Z  INFO Window 143: 72 packets, drift=0.989 | XDP total: 521609, dropped: 0
2026-02-10T04:55:17.615417Z  INFO     Status: NORMAL (drift above threshold)
2026-02-10T04:55:19.675873Z  INFO Window 144: 75 packets, drift=0.990 | XDP total: 525267, dropped: 0
2026-02-10T04:55:19.675886Z  INFO     Status: NORMAL (drift above threshold)
2026-02-10T04:55:21.746921Z  INFO Window 145: 71 packets, drift=0.990 | XDP total: 528937, dropped: 0
2026-02-10T04:55:21.746932Z  INFO     Status: NORMAL (drift above threshold)
2026-02-10T04:55:23.819894Z  INFO Window 146: 74 packets, drift=0.990 | XDP total: 532617, dropped: 0
2026-02-10T04:55:23.819913Z  INFO     Status: NORMAL (drift above threshold)
2026-02-10T04:55:25.883201Z  INFO Window 147: 1117 packets, drift=0.559 | XDP total: 588450, dropped: 0
2026-02-10T04:55:25.883225Z  WARN >>> ANOMALY DETECTED: drift=0.559 (threshold=0.7)
2026-02-10T04:55:25.883237Z  WARN     Concentrated: dst_ip=10.100.0.2 (100.0%)
2026-02-10T04:55:25.883246Z  WARN     Concentrated: protocol=17 (100.0%)
2026-02-10T04:55:25.883254Z  WARN     Concentrated: src_ip=10.0.0.100 (98.3%)
2026-02-10T04:55:25.883268Z  INFO Added rule: SrcIp -> Drop
2026-02-10T04:55:25.883271Z  WARN     ADDED DROP RULE: SrcIp=10.0.0.100
2026-02-10T04:55:25.883276Z  WARN     Concentrated: dst_port=9999 (98.3%)
2026-02-10T04:55:25.883281Z  INFO Added rule: DstPort -> Drop
2026-02-10T04:55:25.883284Z  WARN     ADDED DROP RULE: DstPort=9999
2026-02-10T04:55:27.957347Z  INFO Window 148: 1537 packets, drift=0.549 | XDP total: 665390, dropped: 76940
2026-02-10T04:55:27.957360Z  WARN >>> ANOMALY DETECTED: drift=0.549 (threshold=0.7)
2026-02-10T04:55:27.957368Z  WARN     Concentrated: dst_port=9999 (100.0%)
2026-02-10T04:55:27.957376Z  WARN     Concentrated: dst_ip=10.100.0.2 (100.0%)
2026-02-10T04:55:27.957381Z  WARN     Concentrated: src_ip=10.0.0.100 (100.0%)
2026-02-10T04:55:27.957390Z  WARN     Concentrated: protocol=17 (100.0%)
2026-02-10T04:55:30.021061Z  INFO Window 149: 1536 packets, drift=0.549 | XDP total: 742080, dropped: 153630
2026-02-10T04:55:30.021072Z  WARN >>> ANOMALY DETECTED: drift=0.549 (threshold=0.7)
2026-02-10T04:55:30.021079Z  WARN     Concentrated: dst_ip=10.100.0.2 (100.0%)
2026-02-10T04:55:30.021083Z  WARN     Concentrated: dst_port=9999 (100.0%)
2026-02-10T04:55:30.021088Z  WARN     Concentrated: protocol=17 (100.0%)
2026-02-10T04:55:30.021091Z  WARN     Concentrated: src_ip=10.0.0.100 (100.0%)
2026-02-10T04:55:32.086552Z  INFO Window 150: 1522 packets, drift=0.549 | XDP total: 818270, dropped: 229821
2026-02-10T04:55:32.086571Z  WARN >>> ANOMALY DETECTED: drift=0.549 (threshold=0.7)
2026-02-10T04:55:32.086583Z  WARN     Concentrated: protocol=17 (100.0%)
2026-02-10T04:55:32.086593Z  WARN     Concentrated: dst_ip=10.100.0.2 (100.0%)
2026-02-10T04:55:32.086600Z  WARN     Concentrated: dst_port=9999 (100.0%)
2026-02-10T04:55:32.086609Z  WARN     Concentrated: src_ip=10.0.0.100 (100.0%)
2026-02-10T04:55:34.163071Z  INFO Window 151: 1538 packets, drift=0.549 | XDP total: 895070, dropped: 306620
2026-02-10T04:55:34.163088Z  WARN >>> ANOMALY DETECTED: drift=0.549 (threshold=0.7)
2026-02-10T04:55:34.163098Z  WARN     Concentrated: dst_ip=10.100.0.2 (100.0%)
2026-02-10T04:55:34.163105Z  WARN     Concentrated: dst_port=9999 (100.0%)
2026-02-10T04:55:34.163114Z  WARN     Concentrated: protocol=17 (100.0%)
2026-02-10T04:55:34.163120Z  WARN     Concentrated: src_ip=10.0.0.100 (100.0%)
2026-02-10T04:55:36.247082Z  INFO Window 152: 1529 packets, drift=0.548 | XDP total: 971547, dropped: 383100
2026-02-10T04:55:36.247095Z  WARN >>> ANOMALY DETECTED: drift=0.548 (threshold=0.7)
2026-02-10T04:55:36.247099Z  WARN     Concentrated: dst_ip=10.100.0.2 (100.0%)
2026-02-10T04:55:36.247103Z  WARN     Concentrated: src_ip=10.0.0.100 (100.0%)
2026-02-10T04:55:36.247109Z  WARN     Concentrated: dst_port=9999 (100.0%)
2026-02-10T04:55:36.247112Z  WARN     Concentrated: protocol=17 (100.0%)
2026-02-10T04:55:38.322308Z  INFO Window 153: 1540 packets, drift=0.549 | XDP total: 1048570, dropped: 460120
2026-02-10T04:55:38.322325Z  WARN >>> ANOMALY DETECTED: drift=0.549 (threshold=0.7)
2026-02-10T04:55:38.322335Z  WARN     Concentrated: protocol=17 (100.0%)
2026-02-10T04:55:38.322342Z  WARN     Concentrated: dst_ip=10.100.0.2 (100.0%)
2026-02-10T04:55:38.322348Z  WARN     Concentrated: src_ip=10.0.0.100 (100.0%)
2026-02-10T04:55:38.322357Z  WARN     Concentrated: dst_port=9999 (100.0%)
2026-02-10T04:55:40.389851Z  INFO Window 154: 1524 packets, drift=0.549 | XDP total: 1124730, dropped: 536280
2026-02-10T04:55:40.389862Z  WARN >>> ANOMALY DETECTED: drift=0.549 (threshold=0.7)
2026-02-10T04:55:40.389868Z  WARN     Concentrated: dst_ip=10.100.0.2 (100.0%)
2026-02-10T04:55:40.389873Z  WARN     Concentrated: protocol=17 (100.0%)
2026-02-10T04:55:40.389876Z  WARN     Concentrated: src_ip=10.0.0.100 (100.0%)
2026-02-10T04:55:40.389882Z  WARN     Concentrated: dst_port=9999 (100.0%)
2026-02-10T04:55:42.459317Z  INFO Window 155: 1531 packets, drift=0.549 | XDP total: 1201280, dropped: 612830
2026-02-10T04:55:42.459332Z  WARN >>> ANOMALY DETECTED: drift=0.549 (threshold=0.7)
2026-02-10T04:55:42.459338Z  WARN     Concentrated: dst_ip=10.100.0.2 (100.0%)
2026-02-10T04:55:42.459342Z  WARN     Concentrated: protocol=17 (100.0%)
2026-02-10T04:55:42.459345Z  WARN     Concentrated: dst_port=9999 (100.0%)
2026-02-10T04:55:42.459350Z  WARN     Concentrated: src_ip=10.0.0.100 (100.0%)
2026-02-10T04:55:44.523100Z  INFO Window 156: 1528 packets, drift=0.549 | XDP total: 1277700, dropped: 689250
2026-02-10T04:55:44.523110Z  WARN >>> ANOMALY DETECTED: drift=0.549 (threshold=0.7)
2026-02-10T04:55:44.523115Z  WARN     Concentrated: src_ip=10.0.0.100 (100.0%)
2026-02-10T04:55:44.523120Z  WARN     Concentrated: dst_port=9999 (100.0%)
2026-02-10T04:55:44.523124Z  WARN     Concentrated: protocol=17 (100.0%)
2026-02-10T04:55:44.523126Z  WARN     Concentrated: dst_ip=10.100.0.2 (100.0%)
2026-02-10T04:55:46.607389Z  INFO Window 157: 1540 packets, drift=0.549 | XDP total: 1354770, dropped: 766320
2026-02-10T04:55:46.607410Z  WARN >>> ANOMALY DETECTED: drift=0.549 (threshold=0.7)
2026-02-10T04:55:46.607423Z  WARN     Concentrated: dst_ip=10.100.0.2 (100.0%)
2026-02-10T04:55:46.607433Z  WARN     Concentrated: dst_port=9999 (100.0%)
2026-02-10T04:55:46.607442Z  WARN     Concentrated: protocol=17 (100.0%)
2026-02-10T04:55:46.607449Z  WARN     Concentrated: src_ip=10.0.0.100 (100.0%)
2026-02-10T04:55:48.689763Z  INFO Window 158: 1546 packets, drift=0.549 | XDP total: 1432030, dropped: 843580
2026-02-10T04:55:48.689774Z  WARN >>> ANOMALY DETECTED: drift=0.549 (threshold=0.7)
2026-02-10T04:55:48.689780Z  WARN     Concentrated: src_ip=10.0.0.100 (100.0%)
2026-02-10T04:55:48.689786Z  WARN     Concentrated: dst_ip=10.100.0.2 (100.0%)
2026-02-10T04:55:48.689790Z  WARN     Concentrated: dst_port=9999 (100.0%)
2026-02-10T04:55:48.689793Z  WARN     Concentrated: protocol=17 (100.0%)
2026-02-10T04:55:50.762968Z  INFO Window 159: 1534 packets, drift=0.549 | XDP total: 1508740, dropped: 920290
2026-02-10T04:55:50.762988Z  WARN >>> ANOMALY DETECTED: drift=0.549 (threshold=0.7)
2026-02-10T04:55:50.763000Z  WARN     Concentrated: protocol=17 (100.0%)
2026-02-10T04:55:50.763009Z  WARN     Concentrated: dst_ip=10.100.0.2 (100.0%)
2026-02-10T04:55:50.763016Z  WARN     Concentrated: src_ip=10.0.0.100 (100.0%)
2026-02-10T04:55:50.763029Z  WARN     Concentrated: dst_port=9999 (100.0%)
2026-02-10T04:55:52.831611Z  INFO Window 160: 1531 packets, drift=0.549 | XDP total: 1585250, dropped: 996800
2026-02-10T04:55:52.831622Z  WARN >>> ANOMALY DETECTED: drift=0.549 (threshold=0.7)
2026-02-10T04:55:52.831628Z  WARN     Concentrated: src_ip=10.0.0.100 (100.0%)
2026-02-10T04:55:52.831634Z  WARN     Concentrated: dst_port=9999 (100.0%)
2026-02-10T04:55:52.831639Z  WARN     Concentrated: dst_ip=10.100.0.2 (100.0%)
2026-02-10T04:55:52.831642Z  WARN     Concentrated: protocol=17 (100.0%)
2026-02-10T04:55:54.890948Z  INFO Window 161: 1161 packets, drift=0.557 | XDP total: 1643302, dropped: 1053940
2026-02-10T04:55:54.890963Z  WARN >>> ANOMALY DETECTED: drift=0.557 (threshold=0.7)
2026-02-10T04:55:54.890972Z  WARN     Concentrated: dst_ip=10.100.0.2 (100.0%)
2026-02-10T04:55:54.890979Z  WARN     Concentrated: protocol=17 (100.0%)
2026-02-10T04:55:54.890985Z  WARN     Concentrated: src_ip=10.0.0.100 (98.5%)
2026-02-10T04:55:54.890998Z  WARN     Concentrated: dst_port=9999 (98.5%)
2026-02-10T04:55:56.956112Z  INFO Window 162: 75 packets, drift=0.990 | XDP total: 1646974, dropped: 1053940
2026-02-10T04:55:56.956123Z  INFO     Status: NORMAL (drift above threshold)
2026-02-10T04:55:59.021632Z  INFO Window 163: 74 packets, drift=0.990 | XDP total: 1650648, dropped: 1053940
2026-02-10T04:55:59.021644Z  INFO     Status: NORMAL (drift above threshold)
2026-02-10T04:56:01.095320Z  INFO Window 164: 73 packets, drift=0.990 | XDP total: 1654333, dropped: 1053940
2026-02-10T04:56:01.095329Z  INFO     Status: NORMAL (drift above threshold)
2026-02-10T04:56:03.151226Z  INFO Window 165: 69 packets, drift=0.989 | XDP total: 1657878, dropped: 1053940
2026-02-10T04:56:03.151243Z  INFO     Status: NORMAL (drift above threshold)
2026-02-10T04:56:05.216952Z  INFO Window 166: 76 packets, drift=0.990 | XDP total: 1661549, dropped: 1053940
2026-02-10T04:56:05.216963Z  INFO     Status: NORMAL (drift above threshold)
2026-02-10T04:56:07.284069Z  INFO Window 167: 72 packets, drift=0.990 | XDP total: 1665224, dropped: 1053940
2026-02-10T04:56:07.284082Z  INFO     Status: NORMAL (drift above threshold)
2026-02-10T04:56:09.355595Z  INFO Window 168: 75 packets, drift=0.990 | XDP total: 1668895, dropped: 1053940
2026-02-10T04:56:09.355607Z  INFO     Status: NORMAL (drift above threshold)
2026-02-10T04:56:11.422623Z  INFO Window 169: 72 packets, drift=0.990 | XDP total: 1672550, dropped: 1053940
2026-02-10T04:56:11.422636Z  INFO     Status: NORMAL (drift above threshold)
2026-02-10T04:56:13.497979Z  INFO Window 170: 74 packets, drift=0.990 | XDP total: 1676225, dropped: 1053940
2026-02-10T04:56:13.497995Z  INFO     Status: NORMAL (drift above threshold)
2026-02-10T04:56:15.559981Z  INFO Window 171: 75 packets, drift=0.990 | XDP total: 1679876, dropped: 1053940
2026-02-10T04:56:15.559995Z  INFO     Status: NORMAL (drift above threshold)
2026-02-10T04:56:17.629678Z  INFO Window 172: 68 packets, drift=0.989 | XDP total: 1683436, dropped: 1053940
2026-02-10T04:56:17.629694Z  INFO     Status: NORMAL (drift above threshold)
2026-02-10T04:56:19.687035Z  INFO Window 173: 75 packets, drift=0.990 | XDP total: 1687077, dropped: 1053940
2026-02-10T04:56:19.687054Z  INFO     Status: NORMAL (drift above threshold)
2026-02-10T04:56:21.765858Z  INFO Window 174: 72 packets, drift=0.989 | XDP total: 1690761, dropped: 1053940
2026-02-10T04:56:21.765873Z  INFO     Status: NORMAL (drift above threshold)
2026-02-10T04:56:23.830063Z  INFO Window 175: 74 packets, drift=0.990 | XDP total: 1694425, dropped: 1053940
2026-02-10T04:56:23.830075Z  INFO     Status: NORMAL (drift above threshold)
2026-02-10T04:56:25.896567Z  INFO Window 176: 71 packets, drift=0.990 | XDP total: 1698077, dropped: 1053940
2026-02-10T04:56:25.896579Z  INFO     Status: NORMAL (drift above threshold)
2026-02-10T04:56:27.976514Z  INFO Window 177: 72 packets, drift=0.990 | XDP total: 1701614, dropped: 1053940
2026-02-10T04:56:27.976542Z  INFO     Status: NORMAL (drift above threshold)
2026-02-10T04:56:30.045201Z  INFO Window 178: 76 packets, drift=0.990 | XDP total: 1705292, dropped: 1053940
2026-02-10T04:56:30.045219Z  INFO     Status: NORMAL (drift above threshold)
2026-02-10T04:56:32.110578Z  INFO Window 179: 69 packets, drift=0.989 | XDP total: 1708840, dropped: 1053940
2026-02-10T04:56:32.110593Z  INFO     Status: NORMAL (drift above threshold)
2026-02-10T04:56:34.178155Z  INFO Window 180: 70 packets, drift=0.990 | XDP total: 1712316, dropped: 1053940
2026-02-10T04:56:34.178169Z  INFO     Status: NORMAL (drift above threshold)
2026-02-10T04:56:36.246407Z  INFO Window 181: 76 packets, drift=0.990 | XDP total: 1715992, dropped: 1053940
2026-02-10T04:56:36.246424Z  INFO     Status: NORMAL (drift above threshold)
2026-02-10T04:56:38.314583Z  INFO Window 182: 70 packets, drift=0.989 | XDP total: 1719667, dropped: 1053940
2026-02-10T04:56:38.314594Z  INFO     Status: NORMAL (drift above threshold)
2026-02-10T04:56:40.386928Z  INFO Window 183: 75 packets, drift=0.991 | XDP total: 1723348, dropped: 1053940
2026-02-10T04:56:40.386944Z  INFO     Status: NORMAL (drift above threshold)
2026-02-10T04:56:42.441429Z  INFO Window 184: 72 packets, drift=0.990 | XDP total: 1726921, dropped: 1053940
2026-02-10T04:56:42.441443Z  INFO     Status: NORMAL (drift above threshold)
2026-02-10T04:56:44.513173Z  INFO Window 185: 71 packets, drift=0.990 | XDP total: 1730496, dropped: 1053940
2026-02-10T04:56:44.513182Z  INFO     Status: NORMAL (drift above threshold)
2026-02-10T04:56:46.576472Z  INFO Window 186: 74 packets, drift=0.990 | XDP total: 1734153, dropped: 1053940
2026-02-10T04:56:46.576485Z  INFO     Status: NORMAL (drift above threshold)
2026-02-10T04:56:48.638269Z  INFO Window 187: 70 packets, drift=0.990 | XDP total: 1737802, dropped: 1053940
2026-02-10T04:56:48.638280Z  INFO     Status: NORMAL (drift above threshold)
2026-02-10T04:56:50.701629Z  INFO Window 188: 76 packets, drift=0.990 | XDP total: 1741469, dropped: 1053940
2026-02-10T04:56:50.701643Z  INFO     Status: NORMAL (drift above threshold)
2026-02-10T04:56:52.765613Z  INFO Window 189: 72 packets, drift=0.989 | XDP total: 1745129, dropped: 1053940
2026-02-10T04:56:52.765634Z  INFO     Status: NORMAL (drift above threshold)
2026-02-10T04:56:54.826969Z  INFO Window 190: 73 packets, drift=0.990 | XDP total: 1748778, dropped: 1053940
2026-02-10T04:56:54.826983Z  INFO     Status: NORMAL (drift above threshold)
2026-02-10T04:56:56.890980Z  INFO Window 191: 71 packets, drift=0.990 | XDP total: 1752428, dropped: 1053940
2026-02-10T04:56:56.890993Z  INFO     Status: NORMAL (drift above threshold)
2026-02-10T04:56:58.966700Z  INFO Window 192: 73 packets, drift=0.990 | XDP total: 1756030, dropped: 1053940
2026-02-10T04:56:58.966712Z  INFO     Status: NORMAL (drift above threshold)
2026-02-10T04:57:01.040899Z  INFO Window 193: 74 packets, drift=0.990 | XDP total: 1759699, dropped: 1053940
2026-02-10T04:57:01.040910Z  INFO     Status: NORMAL (drift above threshold)
2026-02-10T04:57:03.119790Z  INFO Window 194: 70 packets, drift=0.990 | XDP total: 1763239, dropped: 1053940
2026-02-10T04:57:03.119801Z  INFO     Status: NORMAL (drift above threshold)
2026-02-10T04:57:05.195077Z  INFO Window 195: 74 packets, drift=0.990 | XDP total: 1766901, dropped: 1053940
2026-02-10T04:57:05.195088Z  INFO     Status: NORMAL (drift above threshold)
2026-02-10T04:57:07.264821Z  INFO Window 196: 74 packets, drift=0.990 | XDP total: 1770573, dropped: 1053940
2026-02-10T04:57:07.264832Z  INFO     Status: NORMAL (drift above threshold)
2026-02-10T04:57:09.337980Z  INFO Window 197: 75 packets, drift=0.990 | XDP total: 1774248, dropped: 1053940
2026-02-10T04:57:09.337991Z  INFO     Status: NORMAL (drift above threshold)
2026-02-10T04:57:11.405091Z  INFO Window 198: 71 packets, drift=0.989 | XDP total: 1777901, dropped: 1053940
2026-02-10T04:57:11.405103Z  INFO     Status: NORMAL (drift above threshold)
2026-02-10T04:57:13.466271Z  INFO Window 199: 74 packets, drift=0.990 | XDP total: 1781547, dropped: 1053940
2026-02-10T04:57:13.466285Z  INFO     Status: NORMAL (drift above threshold)
2026-02-10T04:57:15.531481Z  INFO Window 200: 68 packets, drift=0.989 | XDP total: 1785076, dropped: 1053940
2026-02-10T04:57:15.531494Z  INFO     Status: NORMAL (drift above threshold)
2026-02-10T04:57:17.593992Z  INFO Window 201: 75 packets, drift=0.990 | XDP total: 1788724, dropped: 1053940
2026-02-10T04:57:17.594011Z  INFO     Status: NORMAL (drift above threshold)
2026-02-10T04:57:19.671110Z  INFO Window 202: 73 packets, drift=0.990 | XDP total: 1792396, dropped: 1053940
2026-02-10T04:57:19.671122Z  INFO     Status: NORMAL (drift above threshold)
2026-02-10T04:57:21.745258Z  INFO Window 203: 72 packets, drift=0.990 | XDP total: 1796049, dropped: 1053940
2026-02-10T04:57:21.745271Z  INFO     Status: NORMAL (drift above threshold)
2026-02-10T04:57:23.808668Z  INFO Window 204: 75 packets, drift=0.990 | XDP total: 1799705, dropped: 1053940
2026-02-10T04:57:23.808682Z  INFO     Status: NORMAL (drift above threshold)
2026-02-10T04:57:25.866550Z  INFO Window 205: 73 packets, drift=0.990 | XDP total: 1803353, dropped: 1053940
2026-02-10T04:57:25.866558Z  INFO     Status: NORMAL (drift above threshold)
2026-02-10T04:57:27.934868Z  INFO Window 206: 71 packets, drift=0.990 | XDP total: 1806997, dropped: 1053940
2026-02-10T04:57:27.934881Z  INFO     Status: NORMAL (drift above threshold)
2026-02-10T04:57:30.007846Z  INFO Window 207: 75 packets, drift=0.990 | XDP total: 1810668, dropped: 1053940
2026-02-10T04:57:30.007859Z  INFO     Status: NORMAL (drift above threshold)
2026-02-10T04:57:32.075068Z  INFO Window 208: 71 packets, drift=0.990 | XDP total: 1814216, dropped: 1053940
2026-02-10T04:57:32.075082Z  INFO     Status: NORMAL (drift above threshold)
2026-02-10T04:57:34.136886Z  INFO Window 209: 72 packets, drift=0.990 | XDP total: 1817863, dropped: 1053940
2026-02-10T04:57:34.136901Z  INFO     Status: NORMAL (drift above threshold)
2026-02-10T04:57:36.209692Z  INFO Window 210: 74 packets, drift=0.990 | XDP total: 1821529, dropped: 1053940
2026-02-10T04:57:36.209707Z  INFO     Status: NORMAL (drift above threshold)
2026-02-10T04:57:38.283070Z  INFO Window 211: 70 packets, drift=0.989 | XDP total: 1825075, dropped: 1053940
2026-02-10T04:57:38.283089Z  INFO     Status: NORMAL (drift above threshold)
2026-02-10T04:57:40.348218Z  INFO Window 212: 73 packets, drift=0.989 | XDP total: 1828647, dropped: 1053940
2026-02-10T04:57:40.348236Z  INFO     Status: NORMAL (drift above threshold)
2026-02-10T04:57:42.411439Z  INFO Window 213: 73 packets, drift=0.990 | XDP total: 1832316, dropped: 1053940
2026-02-10T04:57:42.411450Z  INFO     Status: NORMAL (drift above threshold)
2026-02-10T04:57:44.475875Z  INFO Window 214: 73 packets, drift=0.990 | XDP total: 1835969, dropped: 1053940
2026-02-10T04:57:44.475891Z  INFO     Status: NORMAL (drift above threshold)
2026-02-10T04:57:46.534134Z  INFO Window 215: 70 packets, drift=0.989 | XDP total: 1839622, dropped: 1053940
2026-02-10T04:57:46.534146Z  INFO     Status: NORMAL (drift above threshold)
2026-02-10T04:57:48.585963Z  INFO Window 216: 75 packets, drift=0.991 | XDP total: 1843264, dropped: 1053940
2026-02-10T04:57:48.585990Z  INFO     Status: NORMAL (drift above threshold)
2026-02-10T04:57:50.645266Z  INFO Window 217: 74 packets, drift=0.990 | XDP total: 1846924, dropped: 1053940
2026-02-10T04:57:50.645284Z  INFO     Status: NORMAL (drift above threshold)
2026-02-10T04:57:52.713578Z  INFO Window 218: 73 packets, drift=0.990 | XDP total: 1850599, dropped: 1053940
2026-02-10T04:57:52.713594Z  INFO     Status: NORMAL (drift above threshold)
2026-02-10T04:57:54.770315Z  INFO Window 219: 73 packets, drift=0.990 | XDP total: 1854261, dropped: 1053940
2026-02-10T04:57:54.770330Z  INFO     Status: NORMAL (drift above threshold)
2026-02-10T04:57:56.834684Z  INFO Window 220: 73 packets, drift=0.990 | XDP total: 1857928, dropped: 1053940
2026-02-10T04:57:56.834696Z  INFO     Status: NORMAL (drift above threshold)
2026-02-10T04:57:58.899006Z  INFO Window 221: 74 packets, drift=0.990 | XDP total: 1861592, dropped: 1053940
2026-02-10T04:57:58.899018Z  INFO     Status: NORMAL (drift above threshold)
2026-02-10T04:58:00.966738Z  INFO Window 222: 71 packets, drift=0.990 | XDP total: 1865194, dropped: 1053940
2026-02-10T04:58:00.966792Z  INFO     Status: NORMAL (drift above threshold)
2026-02-10T04:58:03.023573Z  INFO Window 223: 74 packets, drift=0.990 | XDP total: 1868833, dropped: 1053940
2026-02-10T04:58:03.023589Z  INFO     Status: NORMAL (drift above threshold)
2026-02-10T04:58:05.081807Z  INFO Window 224: 71 packets, drift=0.990 | XDP total: 1872418, dropped: 1053940
2026-02-10T04:58:05.081827Z  INFO     Status: NORMAL (drift above threshold)
